{"@timestamp":"2025-06-30T07:20:45.002Z","caller":"rpc/appuserrpc.go:43","content":"consul register service success: appuserrpc.rpc","level":"info"}
{"@timestamp":"2025-06-30T07:21:04.038Z","caller":"consul@v0.0.0-20231030135404-af9ae855016f/register.go:80","content":"update ttl","level":"info"}
{"@timestamp":"2025-06-30T07:21:23.012Z","caller":"consul@v0.0.0-20231030135404-af9ae855016f/register.go:80","content":"update ttl","level":"info"}
{"@timestamp":"2025-06-30T07:21:42.008Z","caller":"consul@v0.0.0-20231030135404-af9ae855016f/register.go:80","content":"update ttl","level":"info"}
{"@timestamp":"2025-06-30T07:22:01.008Z","caller":"consul@v0.0.0-20231030135404-af9ae855016f/register.go:80","content":"update ttl","level":"info"}
{"@timestamp":"2025-06-30T07:22:20.007Z","caller":"consul@v0.0.0-20231030135404-af9ae855016f/register.go:80","content":"update ttl","level":"info"}
{"@timestamp":"2025-06-30T07:22:39.008Z","caller":"consul@v0.0.0-20231030135404-af9ae855016f/register.go:80","content":"update ttl","level":"info"}
{"@timestamp":"2025-06-30T07:22:58.007Z","caller":"consul@v0.0.0-20231030135404-af9ae855016f/register.go:80","content":"update ttl","level":"info"}
{"@timestamp":"2025-06-30T07:23:17.008Z","caller":"consul@v0.0.0-20231030135404-af9ae855016f/register.go:80","content":"update ttl","level":"info"}
{"@timestamp":"2025-06-30T07:23:36.007Z","caller":"consul@v0.0.0-20231030135404-af9ae855016f/register.go:80","content":"update ttl","level":"info"}
{"@timestamp":"2025-06-30T07:23:55.008Z","caller":"consul@v0.0.0-20231030135404-af9ae855016f/register.go:80","content":"update ttl","level":"info"}
{"@timestamp":"2025-06-30T07:24:03.828Z","caller":"proc/shutdown.go:84","content":"Got signal 15, shutting down...","level":"info"}
{"@timestamp":"2025-06-30T07:24:04.837Z","caller":"consul@v0.0.0-20231030135404-af9ae855016f/register.go:92","content":"deregistered service from consul server.","level":"info"}
{"@timestamp":"2025-06-30T07:24:33.779Z","caller":"rpc/appuserrpc.go:43","content":"consul register service success: appuserrpc.rpc","level":"info"}
{"@timestamp":"2025-06-30T07:24:52.786Z","caller":"consul@v0.0.0-20231030135404-af9ae855016f/register.go:80","content":"update ttl","level":"info"}
{"@timestamp":"2025-06-30T07:25:11.785Z","caller":"consul@v0.0.0-20231030135404-af9ae855016f/register.go:80","content":"update ttl","level":"info"}
{"@timestamp":"2025-06-30T07:25:30.785Z","caller":"consul@v0.0.0-20231030135404-af9ae855016f/register.go:80","content":"update ttl","level":"info"}
{"@timestamp":"2025-06-30T07:25:49.785Z","caller":"consul@v0.0.0-20231030135404-af9ae855016f/register.go:80","content":"update ttl","level":"info"}
{"@timestamp":"2025-06-30T07:26:08.785Z","caller":"consul@v0.0.0-20231030135404-af9ae855016f/register.go:80","content":"update ttl","level":"info"}
{"@timestamp":"2025-06-30T07:26:27.784Z","caller":"consul@v0.0.0-20231030135404-af9ae855016f/register.go:80","content":"update ttl","level":"info"}
{"@timestamp":"2025-06-30T07:26:46.783Z","caller":"consul@v0.0.0-20231030135404-af9ae855016f/register.go:80","content":"update ttl","level":"info"}
{"@timestamp":"2025-06-30T07:26:55.757Z","caller":"serverinterceptors/statinterceptor.go:90","content":"10.10.10.6:44060 - /appuser.AppUser/Login - {\"phone\":\"13452552349\",\"password\":\"13452552349\"}","duration":"0.3ms","level":"info","span":"931d1878128be3de","trace":"f9684370891dfac00c2ccfde3d0d6c0f"}
{"@timestamp":"2025-06-30T07:27:00.403Z","caller":"serverinterceptors/statinterceptor.go:90","content":"10.10.10.6:44060 - /appuser.AppUser/Register - {\"phone\":\"13452552349\",\"password\":\"13452552349\"}","duration":"0.5ms","level":"info","span":"9f072cbc185a71bd","trace":"fa8e0c8043a0c7ed6dae44692eb174dd"}
{"@timestamp":"2025-06-30T07:27:05.786Z","caller":"consul@v0.0.0-20231030135404-af9ae855016f/register.go:80","content":"update ttl","level":"info"}
{"@timestamp":"2025-06-30T07:27:11.591Z","caller":"serverinterceptors/statinterceptor.go:90","content":"10.10.10.6:44060 - /appuser.AppUser/Login - {\"phone\":\"13452552349\",\"password\":\"13452552349\"}","duration":"0.3ms","level":"info","span":"445895812cc5497a","trace":"596003198c55758e06034a2683baddd8"}
{"@timestamp":"2025-06-30T07:27:12.387Z","caller":"serverinterceptors/statinterceptor.go:90","content":"10.10.10.6:44060 - /appuser.AppUser/Login - {\"phone\":\"13452552349\",\"password\":\"13452552349\"}","duration":"0.3ms","level":"info","span":"374a74fd801679c7","trace":"d1e0e6c0b8fcd008c40a97afe9c660a0"}
{"@timestamp":"2025-06-30T07:27:24.784Z","caller":"consul@v0.0.0-20231030135404-af9ae855016f/register.go:80","content":"update ttl","level":"info"}
{"@timestamp":"2025-06-30T07:27:43.784Z","caller":"consul@v0.0.0-20231030135404-af9ae855016f/register.go:80","content":"update ttl","level":"info"}
{"@timestamp":"2025-06-30T07:28:02.788Z","caller":"consul@v0.0.0-20231030135404-af9ae855016f/register.go:80","content":"update ttl","level":"info"}
{"@timestamp":"2025-06-30T07:28:21.784Z","caller":"consul@v0.0.0-20231030135404-af9ae855016f/register.go:80","content":"update ttl","level":"info"}
{"@timestamp":"2025-06-30T07:28:40.785Z","caller":"consul@v0.0.0-20231030135404-af9ae855016f/register.go:80","content":"update ttl","level":"info"}
{"@timestamp":"2025-06-30T07:28:59.784Z","caller":"consul@v0.0.0-20231030135404-af9ae855016f/register.go:80","content":"update ttl","level":"info"}
{"@timestamp":"2025-06-30T07:29:18.787Z","caller":"consul@v0.0.0-20231030135404-af9ae855016f/register.go:80","content":"update ttl","level":"info"}
{"@timestamp":"2025-06-30T07:29:37.785Z","caller":"consul@v0.0.0-20231030135404-af9ae855016f/register.go:80","content":"update ttl","level":"info"}
{"@timestamp":"2025-06-30T07:29:56.784Z","caller":"consul@v0.0.0-20231030135404-af9ae855016f/register.go:80","content":"update ttl","level":"info"}
{"@timestamp":"2025-06-30T07:30:15.784Z","caller":"consul@v0.0.0-20231030135404-af9ae855016f/register.go:80","content":"update ttl","level":"info"}
{"@timestamp":"2025-06-30T07:30:34.784Z","caller":"consul@v0.0.0-20231030135404-af9ae855016f/register.go:80","content":"update ttl","level":"info"}
{"@timestamp":"2025-06-30T07:30:53.785Z","caller":"consul@v0.0.0-20231030135404-af9ae855016f/register.go:80","content":"update ttl","level":"info"}
{"@timestamp":"2025-06-30T07:31:12.784Z","caller":"consul@v0.0.0-20231030135404-af9ae855016f/register.go:80","content":"update ttl","level":"info"}
{"@timestamp":"2025-06-30T07:31:31.785Z","caller":"consul@v0.0.0-20231030135404-af9ae855016f/register.go:80","content":"update ttl","level":"info"}
{"@timestamp":"2025-06-30T07:31:50.784Z","caller":"consul@v0.0.0-20231030135404-af9ae855016f/register.go:80","content":"update ttl","level":"info"}
{"@timestamp":"2025-06-30T07:32:09.784Z","caller":"consul@v0.0.0-20231030135404-af9ae855016f/register.go:80","content":"update ttl","level":"info"}
{"@timestamp":"2025-06-30T07:32:28.784Z","caller":"consul@v0.0.0-20231030135404-af9ae855016f/register.go:80","content":"update ttl","level":"info"}
{"@timestamp":"2025-06-30T07:32:47.783Z","caller":"consul@v0.0.0-20231030135404-af9ae855016f/register.go:80","content":"update ttl","level":"info"}
{"@timestamp":"2025-06-30T07:33:06.787Z","caller":"consul@v0.0.0-20231030135404-af9ae855016f/register.go:80","content":"update ttl","level":"info"}
{"@timestamp":"2025-06-30T07:33:25.785Z","caller":"consul@v0.0.0-20231030135404-af9ae855016f/register.go:80","content":"update ttl","level":"info"}
{"@timestamp":"2025-06-30T07:33:36.979Z","caller":"proc/shutdown.go:84","content":"Got signal 15, shutting down...","level":"info"}
{"@timestamp":"2025-06-30T07:33:37.987Z","caller":"consul@v0.0.0-20231030135404-af9ae855016f/register.go:92","content":"deregistered service from consul server.","level":"info"}
{"@timestamp":"2025-06-30T07:53:31.128Z","caller":"rpc/appuserrpc.go:43","content":"consul register service success: appuserrpc.rpc","level":"info"}
{"@timestamp":"2025-06-30T07:53:50.136Z","caller":"consul@v0.0.0-20231030135404-af9ae855016f/register.go:80","content":"update ttl","level":"info"}
{"@timestamp":"2025-06-30T07:54:09.138Z","caller":"consul@v0.0.0-20231030135404-af9ae855016f/register.go:80","content":"update ttl","level":"info"}
{"@timestamp":"2025-06-30T07:54:28.135Z","caller":"consul@v0.0.0-20231030135404-af9ae855016f/register.go:80","content":"update ttl","level":"info"}
{"@timestamp":"2025-06-30T07:54:47.136Z","caller":"consul@v0.0.0-20231030135404-af9ae855016f/register.go:80","content":"update ttl","level":"info"}
{"@timestamp":"2025-06-30T07:55:06.136Z","caller":"consul@v0.0.0-20231030135404-af9ae855016f/register.go:80","content":"update ttl","level":"info"}
{"@timestamp":"2025-06-30T07:55:25.226Z","caller":"consul@v0.0.0-20231030135404-af9ae855016f/register.go:80","content":"update ttl","level":"info"}
{"@timestamp":"2025-06-30T07:55:44.134Z","caller":"consul@v0.0.0-20231030135404-af9ae855016f/register.go:80","content":"update ttl","level":"info"}
{"@timestamp":"2025-06-30T07:56:03.134Z","caller":"consul@v0.0.0-20231030135404-af9ae855016f/register.go:80","content":"update ttl","level":"info"}
{"@timestamp":"2025-06-30T07:56:22.136Z","caller":"consul@v0.0.0-20231030135404-af9ae855016f/register.go:80","content":"update ttl","level":"info"}
{"@timestamp":"2025-06-30T07:56:41.136Z","caller":"consul@v0.0.0-20231030135404-af9ae855016f/register.go:80","content":"update ttl","level":"info"}
{"@timestamp":"2025-06-30T07:57:00.137Z","caller":"consul@v0.0.0-20231030135404-af9ae855016f/register.go:80","content":"update ttl","level":"info"}
{"@timestamp":"2025-06-30T07:57:19.136Z","caller":"consul@v0.0.0-20231030135404-af9ae855016f/register.go:80","content":"update ttl","level":"info"}
{"@timestamp":"2025-06-30T07:57:38.135Z","caller":"consul@v0.0.0-20231030135404-af9ae855016f/register.go:80","content":"update ttl","level":"info"}
{"@timestamp":"2025-06-30T07:57:57.135Z","caller":"consul@v0.0.0-20231030135404-af9ae855016f/register.go:80","content":"update ttl","level":"info"}
