{"level":"info","message":"用户注册请求","phone":"13800138000","timestamp":"2025-06-29 13:16:03.178"}
{"level":"warning","message":"用户已存在","phone":"13800138000","timestamp":"2025-06-29 13:16:03.204"}
{"level":"info","message":"用户登录请求","phone":"13800138000","timestamp":"2025-06-29 13:16:03.234"}
{"level":"warning","message":"密码错误","phone":"13800138000","timestamp":"2025-06-29 13:16:03.328"}
{"level":"info","message":"用户注册请求","phone":"13800138000","timestamp":"2025-06-29 13:19:01.698"}
{"level":"warning","message":"用户已存在","phone":"13800138000","timestamp":"2025-06-29 13:19:01.700"}
{"level":"info","message":"用户登录请求","phone":"13800138000","timestamp":"2025-06-29 13:19:01.717"}
{"level":"warning","message":"密码错误","phone":"13800138000","timestamp":"2025-06-29 13:19:01.825"}
{"level":"info","message":"用户注册请求","phone":"13800138000","timestamp":"2025-06-29 13:20:48.691"}
{"level":"warning","message":"用户已存在","phone":"13800138000","timestamp":"2025-06-29 13:20:48.693"}
{"level":"info","message":"用户登录请求","phone":"13800138000","timestamp":"2025-06-29 13:20:48.744"}
{"level":"warning","message":"密码错误","phone":"13800138000","timestamp":"2025-06-29 13:20:48.837"}
{"level":"info","message":"用户注册请求","phone":"13900139999","timestamp":"2025-06-29 13:24:37.459"}
{"level":"info","message":"用户注册成功","phone":"13900139999","timestamp":"2025-06-29 13:24:37.585","user_id":1007}
{"level":"info","message":"用户登录请求","phone":"13900139999","timestamp":"2025-06-29 13:24:37.599"}
{"level":"info","message":"用户登录成功","phone":"13900139999","timestamp":"2025-06-29 13:24:37.695","user_id":1007}
{"level":"info","message":"用户登录请求","phone":"13800138000","timestamp":"2025-06-29 13:24:37.982"}
{"level":"warning","message":"密码错误","phone":"13800138000","timestamp":"2025-06-29 13:24:38.077"}
{"level":"info","message":"用户注册请求","phone":"13900139999","timestamp":"2025-06-29 13:29:17.772"}
{"level":"warning","message":"用户已存在","phone":"13900139999","timestamp":"2025-06-29 13:29:17.774"}
{"level":"info","message":"用户登录请求","phone":"13900139999","timestamp":"2025-06-29 13:29:17.823"}
{"level":"info","message":"用户登录成功","phone":"13900139999","timestamp":"2025-06-29 13:29:17.917","user_id":1007}
{"level":"info","message":"用户登录请求","phone":"13800138000","timestamp":"2025-06-29 13:29:18.211"}
{"level":"warning","message":"密码错误","phone":"13800138000","timestamp":"2025-06-29 13:29:18.304"}
{"level":"info","message":"用户注册请求","phone":"13900139888","timestamp":"2025-06-29 13:33:14.836"}
{"level":"info","message":"用户注册成功","phone":"13900139888","timestamp":"2025-06-29 13:33:14.947","user_id":1008}
{"level":"info","message":"用户登录请求","phone":"13900139888","timestamp":"2025-06-29 13:33:14.996"}
{"level":"info","message":"用户登录成功","phone":"13900139888","timestamp":"2025-06-29 13:33:15.106","user_id":1008}
{"level":"info","message":"用户登录请求","phone":"13800138000","timestamp":"2025-06-29 13:33:15.411"}
{"level":"warning","message":"密码错误","phone":"13800138000","timestamp":"2025-06-29 13:33:15.505"}
