{"@timestamp":"2025-06-28T17:50:30.904Z","caller":"stat/usage.go:61","content":"CPU: 12m, MEMORY: Alloc=3.9Mi, TotalAlloc=8.4Mi, Sys=13.8Mi, NumGC=4","level":"stat"}
{"@timestamp":"2025-06-28T17:50:30.933Z","caller":"load/sheddingstat.go:61","content":"(rpc) shedding_stat [1m], cpu: 12, total: 0, pass: 0, drop: 0","level":"stat"}
{"@timestamp":"2025-06-28T17:51:30.903Z","caller":"stat/usage.go:61","content":"CPU: 7m, MEMORY: Alloc=3.6Mi, TotalAlloc=11.8Mi, Sys=17.8Mi, NumGC=6","level":"stat"}
{"@timestamp":"2025-06-28T17:51:30.932Z","caller":"load/sheddingstat.go:61","content":"(rpc) shedding_stat [1m], cpu: 7, total: 0, pass: 0, drop: 0","level":"stat"}
{"@timestamp":"2025-06-28T17:52:30.904Z","caller":"stat/usage.go:61","content":"CPU: 2m, MEMORY: Alloc=4.7Mi, TotalAlloc=15.3Mi, Sys=17.8Mi, NumGC=7","level":"stat"}
{"@timestamp":"2025-06-28T17:52:30.933Z","caller":"load/sheddingstat.go:61","content":"(rpc) shedding_stat [1m], cpu: 2, total: 0, pass: 0, drop: 0","level":"stat"}
{"@timestamp":"2025-06-28T19:05:56.621Z","caller":"stat/usage.go:61","content":"CPU: 0m, MEMORY: Alloc=3.2Mi, TotalAlloc=8.4Mi, Sys=18.1Mi, NumGC=4","level":"stat"}
{"@timestamp":"2025-06-28T19:05:56.648Z","caller":"load/sheddingstat.go:61","content":"(rpc) shedding_stat [1m], cpu: 0, total: 0, pass: 0, drop: 0","level":"stat"}
{"@timestamp":"2025-06-28T19:06:56.621Z","caller":"stat/usage.go:61","content":"CPU: 1m, MEMORY: Alloc=4.3Mi, TotalAlloc=11.8Mi, Sys=18.1Mi, NumGC=5","level":"stat"}
{"@timestamp":"2025-06-28T19:06:56.648Z","caller":"load/sheddingstat.go:61","content":"(rpc) shedding_stat [1m], cpu: 1, total: 0, pass: 0, drop: 0","level":"stat"}
{"@timestamp":"2025-06-28T19:07:56.621Z","caller":"stat/usage.go:61","content":"CPU: 0m, MEMORY: Alloc=5.3Mi, TotalAlloc=15.2Mi, Sys=18.1Mi, NumGC=6","level":"stat"}
{"@timestamp":"2025-06-28T19:07:56.648Z","caller":"load/sheddingstat.go:61","content":"(rpc) shedding_stat [1m], cpu: 0, total: 0, pass: 0, drop: 0","level":"stat"}
{"@timestamp":"2025-06-28T19:08:56.621Z","caller":"stat/usage.go:61","content":"CPU: 0m, MEMORY: Alloc=3.2Mi, TotalAlloc=18.6Mi, Sys=18.1Mi, NumGC=8","level":"stat"}
{"@timestamp":"2025-06-28T19:08:56.648Z","caller":"load/sheddingstat.go:61","content":"(rpc) shedding_stat [1m], cpu: 0, total: 0, pass: 0, drop: 0","level":"stat"}
{"@timestamp":"2025-06-28T19:09:56.622Z","caller":"stat/usage.go:61","content":"CPU: 0m, MEMORY: Alloc=4.0Mi, TotalAlloc=22.0Mi, Sys=18.1Mi, NumGC=9","level":"stat"}
{"@timestamp":"2025-06-28T19:09:56.648Z","caller":"load/sheddingstat.go:61","content":"(rpc) shedding_stat [1m], cpu: 0, total: 0, pass: 0, drop: 0","level":"stat"}
{"@timestamp":"2025-06-28T19:10:56.621Z","caller":"stat/usage.go:61","content":"CPU: 0m, MEMORY: Alloc=5.1Mi, TotalAlloc=25.6Mi, Sys=18.1Mi, NumGC=10","level":"stat"}
{"@timestamp":"2025-06-28T19:10:56.648Z","caller":"load/sheddingstat.go:61","content":"(rpc) shedding_stat [1m], cpu: 0, total: 0, pass: 0, drop: 0","level":"stat"}
{"@timestamp":"2025-06-28T19:11:56.621Z","caller":"stat/usage.go:61","content":"CPU: 0m, MEMORY: Alloc=3.3Mi, TotalAlloc=29.0Mi, Sys=18.1Mi, NumGC=12","level":"stat"}
{"@timestamp":"2025-06-28T19:11:56.648Z","caller":"load/sheddingstat.go:61","content":"(rpc) shedding_stat [1m], cpu: 0, total: 0, pass: 0, drop: 0","level":"stat"}
{"@timestamp":"2025-06-28T19:12:56.621Z","caller":"stat/usage.go:61","content":"CPU: 0m, MEMORY: Alloc=4.0Mi, TotalAlloc=32.4Mi, Sys=18.1Mi, NumGC=13","level":"stat"}
{"@timestamp":"2025-06-28T19:12:56.649Z","caller":"load/sheddingstat.go:61","content":"(rpc) shedding_stat [1m], cpu: 0, total: 0, pass: 0, drop: 0","level":"stat"}
{"@timestamp":"2025-06-28T19:13:56.622Z","caller":"stat/usage.go:61","content":"CPU: 0m, MEMORY: Alloc=4.8Mi, TotalAlloc=35.9Mi, Sys=18.1Mi, NumGC=14","level":"stat"}
{"@timestamp":"2025-06-28T19:13:56.648Z","caller":"load/sheddingstat.go:61","content":"(rpc) shedding_stat [1m], cpu: 0, total: 0, pass: 0, drop: 0","level":"stat"}
{"@timestamp":"2025-06-28T19:14:56.621Z","caller":"stat/usage.go:61","content":"CPU: 33m, MEMORY: Alloc=2.9Mi, TotalAlloc=39.3Mi, Sys=18.1Mi, NumGC=16","level":"stat"}
{"@timestamp":"2025-06-28T19:14:56.648Z","caller":"load/sheddingstat.go:61","content":"(rpc) shedding_stat [1m], cpu: 33, total: 0, pass: 0, drop: 0","level":"stat"}
{"@timestamp":"2025-06-28T19:15:56.621Z","caller":"stat/usage.go:61","content":"CPU: 0m, MEMORY: Alloc=4.0Mi, TotalAlloc=42.9Mi, Sys=18.1Mi, NumGC=17","level":"stat"}
{"@timestamp":"2025-06-28T19:15:56.648Z","caller":"load/sheddingstat.go:61","content":"(rpc) shedding_stat [1m], cpu: 0, total: 0, pass: 0, drop: 0","level":"stat"}
{"@timestamp":"2025-06-28T19:16:56.621Z","caller":"stat/usage.go:61","content":"CPU: 62m, MEMORY: Alloc=4.6Mi, TotalAlloc=46.2Mi, Sys=18.1Mi, NumGC=18","level":"stat"}
{"@timestamp":"2025-06-28T19:16:56.648Z","caller":"load/sheddingstat.go:61","content":"(rpc) shedding_stat [1m], cpu: 62, total: 0, pass: 0, drop: 0","level":"stat"}
{"@timestamp":"2025-06-28T19:17:56.622Z","caller":"stat/usage.go:61","content":"CPU: 34m, MEMORY: Alloc=2.9Mi, TotalAlloc=49.7Mi, Sys=18.1Mi, NumGC=20","level":"stat"}
{"@timestamp":"2025-06-28T19:17:56.649Z","caller":"load/sheddingstat.go:61","content":"(rpc) shedding_stat [1m], cpu: 34, total: 0, pass: 0, drop: 0","level":"stat"}
{"@timestamp":"2025-06-28T19:18:56.621Z","caller":"stat/usage.go:61","content":"CPU: 25m, MEMORY: Alloc=3.7Mi, TotalAlloc=53.1Mi, Sys=18.1Mi, NumGC=21","level":"stat"}
{"@timestamp":"2025-06-28T19:18:56.648Z","caller":"load/sheddingstat.go:61","content":"(rpc) shedding_stat [1m], cpu: 25, total: 0, pass: 0, drop: 0","level":"stat"}
{"@timestamp":"2025-06-28T19:19:56.622Z","caller":"stat/usage.go:61","content":"CPU: 25m, MEMORY: Alloc=4.5Mi, TotalAlloc=56.6Mi, Sys=18.1Mi, NumGC=22","level":"stat"}
{"@timestamp":"2025-06-28T19:19:56.648Z","caller":"load/sheddingstat.go:61","content":"(rpc) shedding_stat [1m], cpu: 25, total: 0, pass: 0, drop: 0","level":"stat"}
{"@timestamp":"2025-06-28T19:20:56.621Z","caller":"stat/usage.go:61","content":"CPU: 62m, MEMORY: Alloc=2.8Mi, TotalAlloc=60.2Mi, Sys=18.1Mi, NumGC=24","level":"stat"}
{"@timestamp":"2025-06-28T19:20:56.648Z","caller":"load/sheddingstat.go:61","content":"(rpc) shedding_stat [1m], cpu: 62, total: 0, pass: 0, drop: 0","level":"stat"}
{"@timestamp":"2025-06-28T19:21:56.621Z","caller":"stat/usage.go:61","content":"CPU: 62m, MEMORY: Alloc=3.7Mi, TotalAlloc=63.6Mi, Sys=18.1Mi, NumGC=25","level":"stat"}
{"@timestamp":"2025-06-28T19:21:56.649Z","caller":"load/sheddingstat.go:61","content":"(rpc) shedding_stat [1m], cpu: 62, total: 0, pass: 0, drop: 0","level":"stat"}
{"@timestamp":"2025-06-28T19:22:56.621Z","caller":"stat/usage.go:61","content":"CPU: 64m, MEMORY: Alloc=4.5Mi, TotalAlloc=67.0Mi, Sys=18.1Mi, NumGC=26","level":"stat"}
{"@timestamp":"2025-06-28T19:22:56.648Z","caller":"load/sheddingstat.go:61","content":"(rpc) shedding_stat [1m], cpu: 64, total: 0, pass: 0, drop: 0","level":"stat"}
{"@timestamp":"2025-06-28T19:23:56.626Z","caller":"stat/usage.go:61","content":"CPU: 63m, MEMORY: Alloc=5.3Mi, TotalAlloc=70.4Mi, Sys=18.1Mi, NumGC=27","level":"stat"}
{"@timestamp":"2025-06-28T19:23:56.648Z","caller":"load/sheddingstat.go:61","content":"(rpc) shedding_stat [1m], cpu: 63, total: 0, pass: 0, drop: 0","level":"stat"}
{"@timestamp":"2025-06-28T19:24:56.621Z","caller":"stat/usage.go:61","content":"CPU: 62m, MEMORY: Alloc=3.6Mi, TotalAlloc=73.8Mi, Sys=18.1Mi, NumGC=29","level":"stat"}
{"@timestamp":"2025-06-28T19:24:56.648Z","caller":"load/sheddingstat.go:61","content":"(rpc) shedding_stat [1m], cpu: 62, total: 0, pass: 0, drop: 0","level":"stat"}
{"@timestamp":"2025-06-28T19:25:56.620Z","caller":"stat/usage.go:61","content":"CPU: 55m, MEMORY: Alloc=4.4Mi, TotalAlloc=77.3Mi, Sys=18.1Mi, NumGC=30","level":"stat"}
{"@timestamp":"2025-06-28T19:25:56.648Z","caller":"load/sheddingstat.go:61","content":"(rpc) shedding_stat [1m], cpu: 52, total: 0, pass: 0, drop: 0","level":"stat"}
{"@timestamp":"2025-06-28T19:28:14.330Z","caller":"stat/usage.go:61","content":"CPU: 132m, MEMORY: Alloc=3.1Mi, TotalAlloc=8.5Mi, Sys=18.6Mi, NumGC=4","level":"stat"}
{"@timestamp":"2025-06-28T19:28:14.356Z","caller":"load/sheddingstat.go:61","content":"(rpc) shedding_stat [1m], cpu: 132, total: 0, pass: 0, drop: 0","level":"stat"}
{"@timestamp":"2025-06-28T19:29:14.331Z","caller":"stat/usage.go:61","content":"CPU: 1m, MEMORY: Alloc=4.2Mi, TotalAlloc=12.0Mi, Sys=18.6Mi, NumGC=5","level":"stat"}
{"@timestamp":"2025-06-28T19:29:14.357Z","caller":"load/sheddingstat.go:61","content":"(rpc) shedding_stat [1m], cpu: 1, total: 0, pass: 0, drop: 0","level":"stat"}
{"@timestamp":"2025-06-28T19:30:14.331Z","caller":"stat/usage.go:61","content":"CPU: 2m, MEMORY: Alloc=5.0Mi, TotalAlloc=15.3Mi, Sys=18.6Mi, NumGC=6","level":"stat"}
{"@timestamp":"2025-06-28T19:30:14.356Z","caller":"load/sheddingstat.go:61","content":"(rpc) shedding_stat [1m], cpu: 2, total: 0, pass: 0, drop: 0","level":"stat"}
{"@timestamp":"2025-06-28T19:31:14.331Z","caller":"stat/usage.go:61","content":"CPU: 1m, MEMORY: Alloc=3.1Mi, TotalAlloc=18.8Mi, Sys=18.6Mi, NumGC=8","level":"stat"}
{"@timestamp":"2025-06-28T19:31:14.356Z","caller":"load/sheddingstat.go:61","content":"(rpc) shedding_stat [1m], cpu: 1, total: 0, pass: 0, drop: 0","level":"stat"}
{"@timestamp":"2025-06-28T19:32:14.331Z","caller":"stat/usage.go:61","content":"CPU: 1m, MEMORY: Alloc=3.9Mi, TotalAlloc=22.2Mi, Sys=18.6Mi, NumGC=9","level":"stat"}
{"@timestamp":"2025-06-28T19:32:14.356Z","caller":"load/sheddingstat.go:61","content":"(rpc) shedding_stat [1m], cpu: 1, total: 0, pass: 0, drop: 0","level":"stat"}
{"@timestamp":"2025-06-28T19:33:14.330Z","caller":"stat/usage.go:61","content":"CPU: 1m, MEMORY: Alloc=5.0Mi, TotalAlloc=25.8Mi, Sys=18.6Mi, NumGC=10","level":"stat"}
{"@timestamp":"2025-06-28T19:33:14.357Z","caller":"load/sheddingstat.go:61","content":"(rpc) shedding_stat [1m], cpu: 1, total: 0, pass: 0, drop: 0","level":"stat"}
{"@timestamp":"2025-06-28T19:34:14.330Z","caller":"stat/usage.go:61","content":"CPU: 40m, MEMORY: Alloc=2.9Mi, TotalAlloc=29.2Mi, Sys=18.6Mi, NumGC=12","level":"stat"}
{"@timestamp":"2025-06-28T19:34:14.356Z","caller":"load/sheddingstat.go:61","content":"(rpc) shedding_stat [1m], cpu: 40, total: 0, pass: 0, drop: 0","level":"stat"}
{"@timestamp":"2025-06-28T19:34:22.334Z","caller":"stat/metrics.go:210","content":"(appuserrpc.rpc) - qps: 0.0/s, drops: 0, avg time: 0.0ms, med: 0.0ms, 90th: 0.0ms, 99th: 0.0ms, 99.9th: 0.0ms","level":"stat"}
{"@timestamp":"2025-06-29T02:17:00.613Z","caller":"stat/usage.go:61","content":"CPU: 2m, MEMORY: Alloc=3.4Mi, TotalAlloc=8.4Mi, Sys=18.1Mi, NumGC=4","level":"stat"}
{"@timestamp":"2025-06-29T02:17:00.679Z","caller":"load/sheddingstat.go:61","content":"(rpc) shedding_stat [1m], cpu: 2, total: 0, pass: 0, drop: 0","level":"stat"}
{"@timestamp":"2025-06-29T02:18:00.613Z","caller":"stat/usage.go:61","content":"CPU: 1m, MEMORY: Alloc=4.4Mi, TotalAlloc=11.9Mi, Sys=18.1Mi, NumGC=5","level":"stat"}
{"@timestamp":"2025-06-29T02:18:00.679Z","caller":"load/sheddingstat.go:61","content":"(rpc) shedding_stat [1m], cpu: 1, total: 0, pass: 0, drop: 0","level":"stat"}
{"@timestamp":"2025-06-29T02:19:00.612Z","caller":"stat/usage.go:61","content":"CPU: 1m, MEMORY: Alloc=5.1Mi, TotalAlloc=15.3Mi, Sys=18.3Mi, NumGC=6","level":"stat"}
{"@timestamp":"2025-06-29T02:19:00.680Z","caller":"load/sheddingstat.go:61","content":"(rpc) shedding_stat [1m], cpu: 1, total: 0, pass: 0, drop: 0","level":"stat"}
{"@timestamp":"2025-06-29T02:20:00.613Z","caller":"stat/usage.go:61","content":"CPU: 12m, MEMORY: Alloc=3.2Mi, TotalAlloc=18.7Mi, Sys=18.3Mi, NumGC=8","level":"stat"}
{"@timestamp":"2025-06-29T02:20:00.679Z","caller":"load/sheddingstat.go:61","content":"(rpc) shedding_stat [1m], cpu: 11, total: 0, pass: 0, drop: 0","level":"stat"}
{"@timestamp":"2025-06-29T02:21:00.613Z","caller":"stat/usage.go:61","content":"CPU: 1m, MEMORY: Alloc=4.2Mi, TotalAlloc=22.2Mi, Sys=18.3Mi, NumGC=9","level":"stat"}
{"@timestamp":"2025-06-29T02:21:00.678Z","caller":"load/sheddingstat.go:61","content":"(rpc) shedding_stat [1m], cpu: 1, total: 0, pass: 0, drop: 0","level":"stat"}
{"@timestamp":"2025-06-29T02:22:00.614Z","caller":"stat/usage.go:61","content":"CPU: 2m, MEMORY: Alloc=5.1Mi, TotalAlloc=25.7Mi, Sys=18.3Mi, NumGC=10","level":"stat"}
{"@timestamp":"2025-06-29T02:22:00.680Z","caller":"load/sheddingstat.go:61","content":"(rpc) shedding_stat [1m], cpu: 2, total: 0, pass: 0, drop: 0","level":"stat"}
{"@timestamp":"2025-06-29T02:23:00.613Z","caller":"stat/usage.go:61","content":"CPU: 21m, MEMORY: Alloc=3.3Mi, TotalAlloc=29.2Mi, Sys=18.6Mi, NumGC=12","level":"stat"}
{"@timestamp":"2025-06-29T02:23:00.680Z","caller":"load/sheddingstat.go:61","content":"(rpc) shedding_stat [1m], cpu: 21, total: 0, pass: 0, drop: 0","level":"stat"}
{"@timestamp":"2025-06-29T02:24:00.613Z","caller":"stat/usage.go:61","content":"CPU: 65m, MEMORY: Alloc=4.1Mi, TotalAlloc=32.6Mi, Sys=18.6Mi, NumGC=13","level":"stat"}
{"@timestamp":"2025-06-29T02:24:00.679Z","caller":"load/sheddingstat.go:61","content":"(rpc) shedding_stat [1m], cpu: 65, total: 0, pass: 0, drop: 0","level":"stat"}
{"@timestamp":"2025-06-29T02:25:35.751Z","caller":"stat/usage.go:61","content":"CPU: 1m, MEMORY: Alloc=3.1Mi, TotalAlloc=8.5Mi, Sys=18.3Mi, NumGC=4","level":"stat"}
{"@timestamp":"2025-06-29T02:25:35.779Z","caller":"load/sheddingstat.go:61","content":"(rpc) shedding_stat [1m], cpu: 1, total: 0, pass: 0, drop: 0","level":"stat"}
{"@timestamp":"2025-06-29T02:26:35.751Z","caller":"stat/usage.go:61","content":"CPU: 34m, MEMORY: Alloc=4.3Mi, TotalAlloc=11.9Mi, Sys=18.3Mi, NumGC=5","level":"stat"}
{"@timestamp":"2025-06-29T02:26:35.779Z","caller":"load/sheddingstat.go:61","content":"(rpc) shedding_stat [1m], cpu: 34, total: 0, pass: 0, drop: 0","level":"stat"}
{"@timestamp":"2025-06-29T02:26:59.328Z","caller":"stat/metrics.go:210","content":"(appuserrpc.rpc) - qps: 0.0/s, drops: 0, avg time: 0.0ms, med: 0.0ms, 90th: 0.0ms, 99th: 0.0ms, 99.9th: 0.0ms","level":"stat"}
{"@timestamp":"2025-06-29T02:28:12.344Z","caller":"stat/usage.go:61","content":"CPU: 64m, MEMORY: Alloc=4.0Mi, TotalAlloc=8.4Mi, Sys=18.3Mi, NumGC=4","level":"stat"}
{"@timestamp":"2025-06-29T02:28:12.374Z","caller":"load/sheddingstat.go:61","content":"(rpc) shedding_stat [1m], cpu: 64, total: 0, pass: 0, drop: 0","level":"stat"}
{"@timestamp":"2025-06-29T02:30:00.035Z","caller":"stat/usage.go:61","content":"CPU: 16m, MEMORY: Alloc=2.9Mi, TotalAlloc=8.4Mi, Sys=18.6Mi, NumGC=4","level":"stat"}
{"@timestamp":"2025-06-29T02:30:00.056Z","caller":"load/sheddingstat.go:61","content":"(rpc) shedding_stat [1m], cpu: 16, total: 0, pass: 0, drop: 0","level":"stat"}
{"@timestamp":"2025-06-29T02:31:00.034Z","caller":"stat/usage.go:61","content":"CPU: 126m, MEMORY: Alloc=3.9Mi, TotalAlloc=11.8Mi, Sys=18.6Mi, NumGC=5","level":"stat"}
{"@timestamp":"2025-06-29T02:31:00.057Z","caller":"load/sheddingstat.go:61","content":"(rpc) shedding_stat [1m], cpu: 126, total: 0, pass: 0, drop: 0","level":"stat"}
{"@timestamp":"2025-06-29T02:32:00.034Z","caller":"stat/usage.go:61","content":"CPU: 5m, MEMORY: Alloc=4.7Mi, TotalAlloc=15.2Mi, Sys=18.6Mi, NumGC=6","level":"stat"}
{"@timestamp":"2025-06-29T02:32:00.057Z","caller":"load/sheddingstat.go:61","content":"(rpc) shedding_stat [1m], cpu: 5, total: 0, pass: 0, drop: 0","level":"stat"}
{"@timestamp":"2025-06-29T02:33:00.034Z","caller":"stat/usage.go:61","content":"CPU: 0m, MEMORY: Alloc=3.0Mi, TotalAlloc=18.6Mi, Sys=18.6Mi, NumGC=8","level":"stat"}
{"@timestamp":"2025-06-29T02:33:00.057Z","caller":"load/sheddingstat.go:61","content":"(rpc) shedding_stat [1m], cpu: 0, total: 0, pass: 0, drop: 0","level":"stat"}
{"@timestamp":"2025-06-29T02:34:00.034Z","caller":"stat/usage.go:61","content":"CPU: 0m, MEMORY: Alloc=3.9Mi, TotalAlloc=22.1Mi, Sys=18.6Mi, NumGC=9","level":"stat"}
{"@timestamp":"2025-06-29T02:34:00.056Z","caller":"load/sheddingstat.go:61","content":"(rpc) shedding_stat [1m], cpu: 0, total: 0, pass: 0, drop: 0","level":"stat"}
{"@timestamp":"2025-06-29T02:35:00.033Z","caller":"stat/usage.go:61","content":"CPU: 1m, MEMORY: Alloc=4.9Mi, TotalAlloc=25.7Mi, Sys=18.6Mi, NumGC=10","level":"stat"}
{"@timestamp":"2025-06-29T02:35:00.057Z","caller":"load/sheddingstat.go:61","content":"(rpc) shedding_stat [1m], cpu: 1, total: 0, pass: 0, drop: 0","level":"stat"}
{"@timestamp":"2025-06-29T02:36:00.034Z","caller":"stat/usage.go:61","content":"CPU: 1m, MEMORY: Alloc=2.9Mi, TotalAlloc=29.1Mi, Sys=18.6Mi, NumGC=12","level":"stat"}
{"@timestamp":"2025-06-29T02:36:00.057Z","caller":"load/sheddingstat.go:61","content":"(rpc) shedding_stat [1m], cpu: 1, total: 0, pass: 0, drop: 0","level":"stat"}
{"@timestamp":"2025-06-29T02:37:00.034Z","caller":"stat/usage.go:61","content":"CPU: 3m, MEMORY: Alloc=3.8Mi, TotalAlloc=32.5Mi, Sys=18.6Mi, NumGC=13","level":"stat"}
{"@timestamp":"2025-06-29T02:37:00.056Z","caller":"load/sheddingstat.go:61","content":"(rpc) shedding_stat [1m], cpu: 3, total: 0, pass: 0, drop: 0","level":"stat"}
{"@timestamp":"2025-06-29T02:38:00.035Z","caller":"stat/usage.go:61","content":"CPU: 1m, MEMORY: Alloc=4.5Mi, TotalAlloc=36.0Mi, Sys=18.6Mi, NumGC=14","level":"stat"}
{"@timestamp":"2025-06-29T02:38:00.057Z","caller":"load/sheddingstat.go:61","content":"(rpc) shedding_stat [1m], cpu: 1, total: 0, pass: 0, drop: 0","level":"stat"}
{"@timestamp":"2025-06-29T02:39:00.034Z","caller":"stat/usage.go:61","content":"CPU: 32m, MEMORY: Alloc=5.2Mi, TotalAlloc=39.4Mi, Sys=18.6Mi, NumGC=15","level":"stat"}
{"@timestamp":"2025-06-29T02:39:00.056Z","caller":"load/sheddingstat.go:61","content":"(rpc) shedding_stat [1m], cpu: 32, total: 0, pass: 0, drop: 0","level":"stat"}
{"@timestamp":"2025-06-29T02:40:00.034Z","caller":"stat/usage.go:61","content":"CPU: 29m, MEMORY: Alloc=3.5Mi, TotalAlloc=43.1Mi, Sys=18.6Mi, NumGC=17","level":"stat"}
{"@timestamp":"2025-06-29T02:40:00.056Z","caller":"load/sheddingstat.go:61","content":"(rpc) shedding_stat [1m], cpu: 29, total: 0, pass: 0, drop: 0","level":"stat"}
{"@timestamp":"2025-06-29T02:41:03.605Z","caller":"stat/usage.go:61","content":"CPU: 62m, MEMORY: Alloc=4.7Mi, TotalAlloc=8.7Mi, Sys=18.8Mi, NumGC=4","level":"stat"}
{"@timestamp":"2025-06-29T02:41:03.628Z","caller":"cache/cachestat.go:71","content":"dbcache(sqlc) - qpm: 3, hit_ratio: 66.7%, hit: 2, miss: 1, db_fails: 0","level":"stat"}
{"@timestamp":"2025-06-29T02:41:03.631Z","caller":"load/sheddingstat.go:61","content":"(rpc) shedding_stat [1m], cpu: 62, total: 3, pass: 3, drop: 0","level":"stat"}
{"@timestamp":"2025-06-29T02:41:22.315Z","caller":"stat/metrics.go:210","content":"(appuserrpc.rpc) - qps: 0.1/s, drops: 0, avg time: 13.3ms, med: 38.0ms, 90th: 38.0ms, 99th: 38.0ms, 99.9th: 38.0ms","level":"stat"}
{"@timestamp":"2025-06-29T02:42:03.605Z","caller":"stat/usage.go:61","content":"CPU: 55m, MEMORY: Alloc=3.2Mi, TotalAlloc=12.2Mi, Sys=18.8Mi, NumGC=6","level":"stat"}
{"@timestamp":"2025-06-29T02:42:03.630Z","caller":"load/sheddingstat.go:61","content":"(rpc) shedding_stat [1m], cpu: 55, total: 0, pass: 0, drop: 0","level":"stat"}
{"@timestamp":"2025-06-29T02:42:22.315Z","caller":"stat/metrics.go:210","content":"(appuserrpc.rpc) - qps: 0.0/s, drops: 0, avg time: 0.0ms, med: 0.0ms, 90th: 0.0ms, 99th: 0.0ms, 99.9th: 0.0ms","level":"stat"}
{"@timestamp":"2025-06-29T02:43:03.606Z","caller":"stat/usage.go:61","content":"CPU: 44m, MEMORY: Alloc=4.2Mi, TotalAlloc=15.6Mi, Sys=18.8Mi, NumGC=7","level":"stat"}
{"@timestamp":"2025-06-29T02:43:03.631Z","caller":"load/sheddingstat.go:61","content":"(rpc) shedding_stat [1m], cpu: 41, total: 0, pass: 0, drop: 0","level":"stat"}
{"@timestamp":"2025-06-29T02:43:22.315Z","caller":"stat/metrics.go:210","content":"(appuserrpc.rpc) - qps: 0.0/s, drops: 0, avg time: 0.0ms, med: 0.0ms, 90th: 0.0ms, 99th: 0.0ms, 99.9th: 0.0ms","level":"stat"}
{"@timestamp":"2025-06-29T02:44:03.605Z","caller":"stat/usage.go:61","content":"CPU: 26m, MEMORY: Alloc=4.8Mi, TotalAlloc=19.0Mi, Sys=18.8Mi, NumGC=8","level":"stat"}
{"@timestamp":"2025-06-29T02:44:03.631Z","caller":"load/sheddingstat.go:61","content":"(rpc) shedding_stat [1m], cpu: 24, total: 0, pass: 0, drop: 0","level":"stat"}
{"@timestamp":"2025-06-29T02:44:22.315Z","caller":"stat/metrics.go:210","content":"(appuserrpc.rpc) - qps: 0.0/s, drops: 0, avg time: 0.0ms, med: 0.0ms, 90th: 0.0ms, 99th: 0.0ms, 99.9th: 0.0ms","level":"stat"}
{"@timestamp":"2025-06-29T02:45:03.605Z","caller":"stat/usage.go:61","content":"CPU: 0m, MEMORY: Alloc=5.5Mi, TotalAlloc=22.4Mi, Sys=19.1Mi, NumGC=9","level":"stat"}
{"@timestamp":"2025-06-29T02:45:03.630Z","caller":"load/sheddingstat.go:61","content":"(rpc) shedding_stat [1m], cpu: 0, total: 0, pass: 0, drop: 0","level":"stat"}
{"@timestamp":"2025-06-29T02:45:22.315Z","caller":"stat/metrics.go:210","content":"(appuserrpc.rpc) - qps: 0.0/s, drops: 0, avg time: 0.0ms, med: 0.0ms, 90th: 0.0ms, 99th: 0.0ms, 99.9th: 0.0ms","level":"stat"}
{"@timestamp":"2025-06-29T02:46:03.606Z","caller":"stat/usage.go:61","content":"CPU: 28m, MEMORY: Alloc=3.4Mi, TotalAlloc=26.0Mi, Sys=19.1Mi, NumGC=11","level":"stat"}
{"@timestamp":"2025-06-29T02:46:03.630Z","caller":"load/sheddingstat.go:61","content":"(rpc) shedding_stat [1m], cpu: 26, total: 0, pass: 0, drop: 0","level":"stat"}
{"@timestamp":"2025-06-29T02:46:22.315Z","caller":"stat/metrics.go:210","content":"(appuserrpc.rpc) - qps: 0.0/s, drops: 0, avg time: 0.0ms, med: 0.0ms, 90th: 0.0ms, 99th: 0.0ms, 99.9th: 0.0ms","level":"stat"}
{"@timestamp":"2025-06-29T02:47:03.606Z","caller":"stat/usage.go:61","content":"CPU: 7m, MEMORY: Alloc=4.1Mi, TotalAlloc=29.5Mi, Sys=19.1Mi, NumGC=12","level":"stat"}
{"@timestamp":"2025-06-29T02:47:03.630Z","caller":"load/sheddingstat.go:61","content":"(rpc) shedding_stat [1m], cpu: 6, total: 0, pass: 0, drop: 0","level":"stat"}
{"@timestamp":"2025-06-29T02:47:22.314Z","caller":"stat/metrics.go:210","content":"(appuserrpc.rpc) - qps: 0.0/s, drops: 0, avg time: 0.0ms, med: 0.0ms, 90th: 0.0ms, 99th: 0.0ms, 99.9th: 0.0ms","level":"stat"}
{"@timestamp":"2025-06-29T02:48:03.605Z","caller":"stat/usage.go:61","content":"CPU: 62m, MEMORY: Alloc=4.8Mi, TotalAlloc=32.9Mi, Sys=19.1Mi, NumGC=13","level":"stat"}
{"@timestamp":"2025-06-29T02:48:03.631Z","caller":"load/sheddingstat.go:61","content":"(rpc) shedding_stat [1m], cpu: 62, total: 0, pass: 0, drop: 0","level":"stat"}
{"@timestamp":"2025-06-29T02:48:22.315Z","caller":"stat/metrics.go:210","content":"(appuserrpc.rpc) - qps: 0.0/s, drops: 0, avg time: 0.0ms, med: 0.0ms, 90th: 0.0ms, 99th: 0.0ms, 99.9th: 0.0ms","level":"stat"}
{"@timestamp":"2025-06-29T02:49:03.606Z","caller":"stat/usage.go:61","content":"CPU: 62m, MEMORY: Alloc=5.3Mi, TotalAlloc=36.3Mi, Sys=19.1Mi, NumGC=14","level":"stat"}
{"@timestamp":"2025-06-29T02:49:03.631Z","caller":"load/sheddingstat.go:61","content":"(rpc) shedding_stat [1m], cpu: 62, total: 0, pass: 0, drop: 0","level":"stat"}
{"@timestamp":"2025-06-29T02:49:22.314Z","caller":"stat/metrics.go:210","content":"(appuserrpc.rpc) - qps: 0.0/s, drops: 0, avg time: 0.0ms, med: 0.0ms, 90th: 0.0ms, 99th: 0.0ms, 99.9th: 0.0ms","level":"stat"}
{"@timestamp":"2025-06-29T02:50:03.605Z","caller":"stat/usage.go:61","content":"CPU: 63m, MEMORY: Alloc=3.2Mi, TotalAlloc=39.7Mi, Sys=19.1Mi, NumGC=16","level":"stat"}
{"@timestamp":"2025-06-29T02:50:03.630Z","caller":"load/sheddingstat.go:61","content":"(rpc) shedding_stat [1m], cpu: 63, total: 0, pass: 0, drop: 0","level":"stat"}
{"@timestamp":"2025-06-29T02:50:22.315Z","caller":"stat/metrics.go:210","content":"(appuserrpc.rpc) - qps: 0.0/s, drops: 0, avg time: 0.0ms, med: 0.0ms, 90th: 0.0ms, 99th: 0.0ms, 99.9th: 0.0ms","level":"stat"}
{"@timestamp":"2025-06-29T02:51:03.605Z","caller":"stat/usage.go:61","content":"CPU: 62m, MEMORY: Alloc=4.0Mi, TotalAlloc=43.2Mi, Sys=19.1Mi, NumGC=17","level":"stat"}
{"@timestamp":"2025-06-29T02:51:03.630Z","caller":"load/sheddingstat.go:61","content":"(rpc) shedding_stat [1m], cpu: 62, total: 0, pass: 0, drop: 0","level":"stat"}
{"@timestamp":"2025-06-29T02:51:22.314Z","caller":"stat/metrics.go:210","content":"(appuserrpc.rpc) - qps: 0.0/s, drops: 0, avg time: 0.0ms, med: 0.0ms, 90th: 0.0ms, 99th: 0.0ms, 99.9th: 0.0ms","level":"stat"}
{"@timestamp":"2025-06-29T02:52:03.605Z","caller":"stat/usage.go:61","content":"CPU: 3m, MEMORY: Alloc=4.8Mi, TotalAlloc=46.7Mi, Sys=19.1Mi, NumGC=18","level":"stat"}
{"@timestamp":"2025-06-29T02:52:03.628Z","caller":"cache/cachestat.go:71","content":"dbcache(sqlc) - qpm: 2, hit_ratio: 0.0%, hit: 0, miss: 2, db_fails: 2","level":"stat"}
{"@timestamp":"2025-06-29T02:52:03.631Z","caller":"load/sheddingstat.go:61","content":"(rpc) shedding_stat [1m], cpu: 3, total: 2, pass: 2, drop: 0","level":"stat"}
{"@timestamp":"2025-06-29T02:53:30.795Z","caller":"stat/usage.go:61","content":"CPU: 63m, MEMORY: Alloc=3.4Mi, TotalAlloc=8.7Mi, Sys=18.3Mi, NumGC=5","level":"stat"}
{"@timestamp":"2025-06-29T02:53:30.821Z","caller":"cache/cachestat.go:71","content":"dbcache(sqlc) - qpm: 2, hit_ratio: 0.0%, hit: 0, miss: 2, db_fails: 2","level":"stat"}
{"@timestamp":"2025-06-29T02:53:30.825Z","caller":"load/sheddingstat.go:61","content":"(rpc) shedding_stat [1m], cpu: 63, total: 2, pass: 2, drop: 0","level":"stat"}
{"@timestamp":"2025-06-29T02:53:53.679Z","caller":"stat/metrics.go:210","content":"(appuserrpc.rpc) - qps: 0.0/s, drops: 0, avg time: 4.0ms, med: 6.5ms, 90th: 6.5ms, 99th: 6.5ms, 99.9th: 6.5ms","level":"stat"}
{"@timestamp":"2025-06-29T02:54:30.794Z","caller":"stat/usage.go:61","content":"CPU: 0m, MEMORY: Alloc=3.0Mi, TotalAlloc=12.2Mi, Sys=18.3Mi, NumGC=7","level":"stat"}
{"@timestamp":"2025-06-29T02:54:30.824Z","caller":"load/sheddingstat.go:61","content":"(rpc) shedding_stat [1m], cpu: 0, total: 0, pass: 0, drop: 0","level":"stat"}
{"@timestamp":"2025-06-29T02:54:53.679Z","caller":"stat/metrics.go:210","content":"(appuserrpc.rpc) - qps: 0.0/s, drops: 0, avg time: 0.0ms, med: 0.0ms, 90th: 0.0ms, 99th: 0.0ms, 99.9th: 0.0ms","level":"stat"}
{"@timestamp":"2025-06-29T02:55:30.795Z","caller":"stat/usage.go:61","content":"CPU: 0m, MEMORY: Alloc=3.7Mi, TotalAlloc=15.7Mi, Sys=18.3Mi, NumGC=8","level":"stat"}
{"@timestamp":"2025-06-29T02:55:30.824Z","caller":"load/sheddingstat.go:61","content":"(rpc) shedding_stat [1m], cpu: 0, total: 0, pass: 0, drop: 0","level":"stat"}
{"@timestamp":"2025-06-29T02:55:53.678Z","caller":"stat/metrics.go:210","content":"(appuserrpc.rpc) - qps: 0.0/s, drops: 0, avg time: 0.0ms, med: 0.0ms, 90th: 0.0ms, 99th: 0.0ms, 99.9th: 0.0ms","level":"stat"}
{"@timestamp":"2025-06-29T02:56:30.794Z","caller":"stat/usage.go:61","content":"CPU: 54m, MEMORY: Alloc=4.3Mi, TotalAlloc=19.1Mi, Sys=18.3Mi, NumGC=9","level":"stat"}
{"@timestamp":"2025-06-29T02:56:30.824Z","caller":"load/sheddingstat.go:61","content":"(rpc) shedding_stat [1m], cpu: 54, total: 0, pass: 0, drop: 0","level":"stat"}
{"@timestamp":"2025-06-29T02:56:53.678Z","caller":"stat/metrics.go:210","content":"(appuserrpc.rpc) - qps: 0.0/s, drops: 0, avg time: 0.0ms, med: 0.0ms, 90th: 0.0ms, 99th: 0.0ms, 99.9th: 0.0ms","level":"stat"}
{"@timestamp":"2025-06-29T02:57:30.796Z","caller":"stat/usage.go:61","content":"CPU: 59m, MEMORY: Alloc=4.9Mi, TotalAlloc=22.5Mi, Sys=18.3Mi, NumGC=10","level":"stat"}
{"@timestamp":"2025-06-29T02:57:30.822Z","caller":"cache/cachestat.go:71","content":"dbcache(sqlc) - qpm: 2, hit_ratio: 0.0%, hit: 0, miss: 2, db_fails: 2","level":"stat"}
{"@timestamp":"2025-06-29T02:57:30.823Z","caller":"load/sheddingstat.go:61","content":"(rpc) shedding_stat [1m], cpu: 59, total: 2, pass: 2, drop: 0","level":"stat"}
{"@timestamp":"2025-06-29T02:57:53.678Z","caller":"stat/metrics.go:210","content":"(appuserrpc.rpc) - qps: 0.0/s, drops: 0, avg time: 2.0ms, med: 3.1ms, 90th: 3.1ms, 99th: 3.1ms, 99.9th: 3.1ms","level":"stat"}
{"@timestamp":"2025-06-29T02:58:30.796Z","caller":"stat/usage.go:61","content":"CPU: 63m, MEMORY: Alloc=5.5Mi, TotalAlloc=26.0Mi, Sys=18.3Mi, NumGC=11","level":"stat"}
{"@timestamp":"2025-06-29T02:58:30.824Z","caller":"load/sheddingstat.go:61","content":"(rpc) shedding_stat [1m], cpu: 63, total: 0, pass: 0, drop: 0","level":"stat"}
{"@timestamp":"2025-06-29T02:58:53.679Z","caller":"stat/metrics.go:210","content":"(appuserrpc.rpc) - qps: 0.0/s, drops: 0, avg time: 0.0ms, med: 0.0ms, 90th: 0.0ms, 99th: 0.0ms, 99.9th: 0.0ms","level":"stat"}
{"@timestamp":"2025-06-29T02:59:30.794Z","caller":"stat/usage.go:61","content":"CPU: 17m, MEMORY: Alloc=3.3Mi, TotalAlloc=29.4Mi, Sys=18.3Mi, NumGC=13","level":"stat"}
{"@timestamp":"2025-06-29T02:59:30.825Z","caller":"load/sheddingstat.go:61","content":"(rpc) shedding_stat [1m], cpu: 17, total: 0, pass: 0, drop: 0","level":"stat"}
{"@timestamp":"2025-06-29T02:59:53.679Z","caller":"stat/metrics.go:210","content":"(appuserrpc.rpc) - qps: 0.0/s, drops: 0, avg time: 0.0ms, med: 0.0ms, 90th: 0.0ms, 99th: 0.0ms, 99.9th: 0.0ms","level":"stat"}
{"@timestamp":"2025-06-29T03:00:30.794Z","caller":"stat/usage.go:61","content":"CPU: 62m, MEMORY: Alloc=3.8Mi, TotalAlloc=32.8Mi, Sys=18.3Mi, NumGC=14","level":"stat"}
{"@timestamp":"2025-06-29T03:00:30.824Z","caller":"load/sheddingstat.go:61","content":"(rpc) shedding_stat [1m], cpu: 62, total: 0, pass: 0, drop: 0","level":"stat"}
{"@timestamp":"2025-06-29T03:00:53.679Z","caller":"stat/metrics.go:210","content":"(appuserrpc.rpc) - qps: 0.0/s, drops: 0, avg time: 0.0ms, med: 0.0ms, 90th: 0.0ms, 99th: 0.0ms, 99.9th: 0.0ms","level":"stat"}
{"@timestamp":"2025-06-29T03:01:30.795Z","caller":"stat/usage.go:61","content":"CPU: 62m, MEMORY: Alloc=4.3Mi, TotalAlloc=36.2Mi, Sys=18.3Mi, NumGC=15","level":"stat"}
{"@timestamp":"2025-06-29T03:01:30.823Z","caller":"load/sheddingstat.go:61","content":"(rpc) shedding_stat [1m], cpu: 62, total: 0, pass: 0, drop: 0","level":"stat"}
{"@timestamp":"2025-06-29T03:01:53.678Z","caller":"stat/metrics.go:210","content":"(appuserrpc.rpc) - qps: 0.0/s, drops: 0, avg time: 0.0ms, med: 0.0ms, 90th: 0.0ms, 99th: 0.0ms, 99.9th: 0.0ms","level":"stat"}
{"@timestamp":"2025-06-29T03:02:30.796Z","caller":"stat/usage.go:61","content":"CPU: 12m, MEMORY: Alloc=4.9Mi, TotalAlloc=39.7Mi, Sys=18.3Mi, NumGC=16","level":"stat"}
{"@timestamp":"2025-06-29T03:02:30.823Z","caller":"load/sheddingstat.go:61","content":"(rpc) shedding_stat [1m], cpu: 12, total: 0, pass: 0, drop: 0","level":"stat"}
{"@timestamp":"2025-06-29T03:02:53.678Z","caller":"stat/metrics.go:210","content":"(appuserrpc.rpc) - qps: 0.0/s, drops: 0, avg time: 0.0ms, med: 0.0ms, 90th: 0.0ms, 99th: 0.0ms, 99.9th: 0.0ms","level":"stat"}
{"@timestamp":"2025-06-29T03:03:30.796Z","caller":"stat/usage.go:61","content":"CPU: 0m, MEMORY: Alloc=5.7Mi, TotalAlloc=43.2Mi, Sys=18.3Mi, NumGC=17","level":"stat"}
{"@timestamp":"2025-06-29T03:03:30.824Z","caller":"load/sheddingstat.go:61","content":"(rpc) shedding_stat [1m], cpu: 0, total: 0, pass: 0, drop: 0","level":"stat"}
{"@timestamp":"2025-06-29T03:03:53.679Z","caller":"stat/metrics.go:210","content":"(appuserrpc.rpc) - qps: 0.0/s, drops: 0, avg time: 3.0ms, med: 3.9ms, 90th: 3.9ms, 99th: 3.9ms, 99.9th: 3.9ms","level":"stat"}
{"@timestamp":"2025-06-29T03:04:30.795Z","caller":"stat/usage.go:61","content":"CPU: 1m, MEMORY: Alloc=3.8Mi, TotalAlloc=46.8Mi, Sys=18.3Mi, NumGC=19","level":"stat"}
{"@timestamp":"2025-06-29T03:04:30.822Z","caller":"cache/cachestat.go:71","content":"dbcache(sqlc) - qpm: 1, hit_ratio: 0.0%, hit: 0, miss: 1, db_fails: 1","level":"stat"}
{"@timestamp":"2025-06-29T03:04:30.824Z","caller":"load/sheddingstat.go:61","content":"(rpc) shedding_stat [1m], cpu: 1, total: 1, pass: 1, drop: 0","level":"stat"}
{"@timestamp":"2025-06-29T03:04:53.678Z","caller":"stat/metrics.go:210","content":"(appuserrpc.rpc) - qps: 0.0/s, drops: 0, avg time: 0.0ms, med: 0.0ms, 90th: 0.0ms, 99th: 0.0ms, 99.9th: 0.0ms","level":"stat"}
{"@timestamp":"2025-06-29T03:05:30.795Z","caller":"stat/usage.go:61","content":"CPU: 0m, MEMORY: Alloc=4.3Mi, TotalAlloc=50.2Mi, Sys=18.3Mi, NumGC=20","level":"stat"}
{"@timestamp":"2025-06-29T03:05:30.824Z","caller":"load/sheddingstat.go:61","content":"(rpc) shedding_stat [1m], cpu: 0, total: 0, pass: 0, drop: 0","level":"stat"}
{"@timestamp":"2025-06-29T03:05:53.678Z","caller":"stat/metrics.go:210","content":"(appuserrpc.rpc) - qps: 0.0/s, drops: 0, avg time: 0.0ms, med: 0.0ms, 90th: 0.0ms, 99th: 0.0ms, 99.9th: 0.0ms","level":"stat"}
{"@timestamp":"2025-06-29T03:06:30.796Z","caller":"stat/usage.go:61","content":"CPU: 0m, MEMORY: Alloc=4.9Mi, TotalAlloc=53.6Mi, Sys=18.3Mi, NumGC=21","level":"stat"}
{"@timestamp":"2025-06-29T03:06:30.823Z","caller":"load/sheddingstat.go:61","content":"(rpc) shedding_stat [1m], cpu: 0, total: 0, pass: 0, drop: 0","level":"stat"}
{"@timestamp":"2025-06-29T03:06:53.678Z","caller":"stat/metrics.go:210","content":"(appuserrpc.rpc) - qps: 0.0/s, drops: 0, avg time: 0.0ms, med: 0.0ms, 90th: 0.0ms, 99th: 0.0ms, 99.9th: 0.0ms","level":"stat"}
{"@timestamp":"2025-06-29T03:31:04.569Z","caller":"stat/usage.go:61","content":"CPU: 1m, MEMORY: Alloc=5.1Mi, TotalAlloc=8.4Mi, Sys=18.6Mi, NumGC=3","level":"stat"}
{"@timestamp":"2025-06-29T03:31:04.589Z","caller":"load/sheddingstat.go:61","content":"(rpc) shedding_stat [1m], cpu: 1, total: 0, pass: 0, drop: 0","level":"stat"}
{"@timestamp":"2025-06-29T03:32:04.569Z","caller":"stat/usage.go:61","content":"CPU: 19m, MEMORY: Alloc=3.4Mi, TotalAlloc=11.9Mi, Sys=18.6Mi, NumGC=5","level":"stat"}
{"@timestamp":"2025-06-29T03:32:04.589Z","caller":"load/sheddingstat.go:61","content":"(rpc) shedding_stat [1m], cpu: 19, total: 0, pass: 0, drop: 0","level":"stat"}
{"@timestamp":"2025-06-29T03:33:04.569Z","caller":"stat/usage.go:61","content":"CPU: 62m, MEMORY: Alloc=4.3Mi, TotalAlloc=15.2Mi, Sys=18.6Mi, NumGC=6","level":"stat"}
{"@timestamp":"2025-06-29T03:33:04.588Z","caller":"load/sheddingstat.go:61","content":"(rpc) shedding_stat [1m], cpu: 62, total: 0, pass: 0, drop: 0","level":"stat"}
{"@timestamp":"2025-06-29T03:34:04.570Z","caller":"stat/usage.go:61","content":"CPU: 23m, MEMORY: Alloc=5.3Mi, TotalAlloc=18.7Mi, Sys=18.6Mi, NumGC=7","level":"stat"}
{"@timestamp":"2025-06-29T03:34:04.588Z","caller":"load/sheddingstat.go:61","content":"(rpc) shedding_stat [1m], cpu: 23, total: 0, pass: 0, drop: 0","level":"stat"}
{"@timestamp":"2025-06-29T03:35:04.568Z","caller":"stat/usage.go:61","content":"CPU: 0m, MEMORY: Alloc=3.2Mi, TotalAlloc=22.1Mi, Sys=18.6Mi, NumGC=9","level":"stat"}
{"@timestamp":"2025-06-29T03:35:04.589Z","caller":"load/sheddingstat.go:61","content":"(rpc) shedding_stat [1m], cpu: 0, total: 0, pass: 0, drop: 0","level":"stat"}
{"@timestamp":"2025-06-29T03:36:04.568Z","caller":"stat/usage.go:61","content":"CPU: 1m, MEMORY: Alloc=4.9Mi, TotalAlloc=26.0Mi, Sys=18.6Mi, NumGC=10","level":"stat"}
{"@timestamp":"2025-06-29T03:36:04.583Z","caller":"cache/cachestat.go:71","content":"dbcache(sqlc) - qpm: 2, hit_ratio: 0.0%, hit: 0, miss: 2, db_fails: 2","level":"stat"}
{"@timestamp":"2025-06-29T03:36:04.589Z","caller":"load/sheddingstat.go:61","content":"(rpc) shedding_stat [1m], cpu: 1, total: 2, pass: 2, drop: 0","level":"stat"}
{"@timestamp":"2025-06-29T03:36:31.437Z","caller":"stat/metrics.go:210","content":"(appuserrpc.rpc) - qps: 0.0/s, drops: 0, avg time: 7.0ms, med: 12.2ms, 90th: 12.2ms, 99th: 12.2ms, 99.9th: 12.2ms","level":"stat"}
{"@timestamp":"2025-06-29T03:37:04.569Z","caller":"stat/usage.go:61","content":"CPU: 74m, MEMORY: Alloc=5.6Mi, TotalAlloc=29.5Mi, Sys=18.6Mi, NumGC=11","level":"stat"}
{"@timestamp":"2025-06-29T03:37:04.588Z","caller":"load/sheddingstat.go:61","content":"(rpc) shedding_stat [1m], cpu: 73, total: 0, pass: 0, drop: 0","level":"stat"}
{"@timestamp":"2025-06-29T03:37:31.436Z","caller":"stat/metrics.go:210","content":"(appuserrpc.rpc) - qps: 0.0/s, drops: 0, avg time: 0.0ms, med: 0.0ms, 90th: 0.0ms, 99th: 0.0ms, 99.9th: 0.0ms","level":"stat"}
{"@timestamp":"2025-06-29T03:38:04.569Z","caller":"stat/usage.go:61","content":"CPU: 65m, MEMORY: Alloc=3.1Mi, TotalAlloc=32.9Mi, Sys=18.6Mi, NumGC=13","level":"stat"}
{"@timestamp":"2025-06-29T03:38:04.589Z","caller":"load/sheddingstat.go:61","content":"(rpc) shedding_stat [1m], cpu: 65, total: 0, pass: 0, drop: 0","level":"stat"}
{"@timestamp":"2025-06-29T03:38:31.436Z","caller":"stat/metrics.go:210","content":"(appuserrpc.rpc) - qps: 0.0/s, drops: 0, avg time: 0.0ms, med: 0.0ms, 90th: 0.0ms, 99th: 0.0ms, 99.9th: 0.0ms","level":"stat"}
{"@timestamp":"2025-06-29T03:39:04.569Z","caller":"stat/usage.go:61","content":"CPU: 64m, MEMORY: Alloc=3.9Mi, TotalAlloc=36.4Mi, Sys=18.6Mi, NumGC=14","level":"stat"}
{"@timestamp":"2025-06-29T03:39:04.589Z","caller":"load/sheddingstat.go:61","content":"(rpc) shedding_stat [1m], cpu: 64, total: 0, pass: 0, drop: 0","level":"stat"}
{"@timestamp":"2025-06-29T03:39:31.437Z","caller":"stat/metrics.go:210","content":"(appuserrpc.rpc) - qps: 0.0/s, drops: 0, avg time: 0.0ms, med: 0.0ms, 90th: 0.0ms, 99th: 0.0ms, 99.9th: 0.0ms","level":"stat"}
{"@timestamp":"2025-06-29T03:40:04.568Z","caller":"stat/usage.go:61","content":"CPU: 40m, MEMORY: Alloc=4.6Mi, TotalAlloc=39.8Mi, Sys=18.6Mi, NumGC=15","level":"stat"}
{"@timestamp":"2025-06-29T03:40:04.589Z","caller":"load/sheddingstat.go:61","content":"(rpc) shedding_stat [1m], cpu: 38, total: 0, pass: 0, drop: 0","level":"stat"}
{"@timestamp":"2025-06-29T03:40:31.436Z","caller":"stat/metrics.go:210","content":"(appuserrpc.rpc) - qps: 0.0/s, drops: 0, avg time: 0.0ms, med: 0.0ms, 90th: 0.0ms, 99th: 0.0ms, 99.9th: 0.0ms","level":"stat"}
{"@timestamp":"2025-06-29T03:41:04.569Z","caller":"stat/usage.go:61","content":"CPU: 15m, MEMORY: Alloc=5.3Mi, TotalAlloc=43.3Mi, Sys=18.6Mi, NumGC=16","level":"stat"}
{"@timestamp":"2025-06-29T03:41:04.590Z","caller":"load/sheddingstat.go:61","content":"(rpc) shedding_stat [1m], cpu: 15, total: 0, pass: 0, drop: 0","level":"stat"}
{"@timestamp":"2025-06-29T03:41:31.436Z","caller":"stat/metrics.go:210","content":"(appuserrpc.rpc) - qps: 0.0/s, drops: 0, avg time: 0.0ms, med: 0.0ms, 90th: 0.0ms, 99th: 0.0ms, 99.9th: 0.0ms","level":"stat"}
{"@timestamp":"2025-06-29T03:42:04.570Z","caller":"stat/usage.go:61","content":"CPU: 1m, MEMORY: Alloc=3.0Mi, TotalAlloc=46.7Mi, Sys=18.6Mi, NumGC=18","level":"stat"}
{"@timestamp":"2025-06-29T03:42:04.589Z","caller":"load/sheddingstat.go:61","content":"(rpc) shedding_stat [1m], cpu: 1, total: 0, pass: 0, drop: 0","level":"stat"}
{"@timestamp":"2025-06-29T03:42:31.436Z","caller":"stat/metrics.go:210","content":"(appuserrpc.rpc) - qps: 0.0/s, drops: 0, avg time: 0.0ms, med: 0.0ms, 90th: 0.0ms, 99th: 0.0ms, 99.9th: 0.0ms","level":"stat"}
{"@timestamp":"2025-06-29T03:43:04.569Z","caller":"stat/usage.go:61","content":"CPU: 1m, MEMORY: Alloc=3.9Mi, TotalAlloc=50.2Mi, Sys=18.6Mi, NumGC=19","level":"stat"}
{"@timestamp":"2025-06-29T03:43:04.589Z","caller":"load/sheddingstat.go:61","content":"(rpc) shedding_stat [1m], cpu: 1, total: 0, pass: 0, drop: 0","level":"stat"}
{"@timestamp":"2025-06-29T03:43:31.436Z","caller":"stat/metrics.go:210","content":"(appuserrpc.rpc) - qps: 0.0/s, drops: 0, avg time: 0.0ms, med: 0.0ms, 90th: 0.0ms, 99th: 0.0ms, 99.9th: 0.0ms","level":"stat"}
{"@timestamp":"2025-06-29T03:44:04.570Z","caller":"stat/usage.go:61","content":"CPU: 113m, MEMORY: Alloc=4.4Mi, TotalAlloc=53.7Mi, Sys=18.6Mi, NumGC=20","level":"stat"}
{"@timestamp":"2025-06-29T03:44:04.589Z","caller":"load/sheddingstat.go:61","content":"(rpc) shedding_stat [1m], cpu: 113, total: 0, pass: 0, drop: 0","level":"stat"}
{"@timestamp":"2025-06-29T03:44:31.436Z","caller":"stat/metrics.go:210","content":"(appuserrpc.rpc) - qps: 0.0/s, drops: 0, avg time: 0.0ms, med: 0.0ms, 90th: 0.0ms, 99th: 0.0ms, 99.9th: 0.0ms","level":"stat"}
{"@timestamp":"2025-06-29T03:45:04.569Z","caller":"stat/usage.go:61","content":"CPU: 123m, MEMORY: Alloc=4.9Mi, TotalAlloc=57.0Mi, Sys=18.6Mi, NumGC=21","level":"stat"}
{"@timestamp":"2025-06-29T03:45:04.589Z","caller":"load/sheddingstat.go:61","content":"(rpc) shedding_stat [1m], cpu: 123, total: 0, pass: 0, drop: 0","level":"stat"}
{"@timestamp":"2025-06-29T03:45:31.436Z","caller":"stat/metrics.go:210","content":"(appuserrpc.rpc) - qps: 0.0/s, drops: 0, avg time: 0.0ms, med: 0.0ms, 90th: 0.0ms, 99th: 0.0ms, 99.9th: 0.0ms","level":"stat"}
{"@timestamp":"2025-06-29T03:46:04.568Z","caller":"stat/usage.go:61","content":"CPU: 211m, MEMORY: Alloc=5.7Mi, TotalAlloc=60.6Mi, Sys=18.6Mi, NumGC=22","level":"stat"}
{"@timestamp":"2025-06-29T03:46:04.589Z","caller":"load/sheddingstat.go:61","content":"(rpc) shedding_stat [1m], cpu: 211, total: 0, pass: 0, drop: 0","level":"stat"}
{"@timestamp":"2025-06-29T03:46:31.436Z","caller":"stat/metrics.go:210","content":"(appuserrpc.rpc) - qps: 0.0/s, drops: 0, avg time: 0.0ms, med: 0.0ms, 90th: 0.0ms, 99th: 0.0ms, 99.9th: 0.0ms","level":"stat"}
{"@timestamp":"2025-06-29T03:47:04.569Z","caller":"stat/usage.go:61","content":"CPU: 1m, MEMORY: Alloc=3.3Mi, TotalAlloc=64.0Mi, Sys=18.6Mi, NumGC=24","level":"stat"}
{"@timestamp":"2025-06-29T03:47:04.589Z","caller":"load/sheddingstat.go:61","content":"(rpc) shedding_stat [1m], cpu: 0, total: 0, pass: 0, drop: 0","level":"stat"}
{"@timestamp":"2025-06-29T03:47:31.436Z","caller":"stat/metrics.go:210","content":"(appuserrpc.rpc) - qps: 0.0/s, drops: 0, avg time: 0.0ms, med: 0.0ms, 90th: 0.0ms, 99th: 0.0ms, 99.9th: 0.0ms","level":"stat"}
{"@timestamp":"2025-06-29T03:48:04.570Z","caller":"stat/usage.go:61","content":"CPU: 123m, MEMORY: Alloc=4.0Mi, TotalAlloc=67.5Mi, Sys=18.6Mi, NumGC=25","level":"stat"}
{"@timestamp":"2025-06-29T03:48:04.588Z","caller":"load/sheddingstat.go:61","content":"(rpc) shedding_stat [1m], cpu: 120, total: 0, pass: 0, drop: 0","level":"stat"}
{"@timestamp":"2025-06-29T03:48:31.437Z","caller":"stat/metrics.go:210","content":"(appuserrpc.rpc) - qps: 0.0/s, drops: 0, avg time: 0.0ms, med: 0.0ms, 90th: 0.0ms, 99th: 0.0ms, 99.9th: 0.0ms","level":"stat"}
{"@timestamp":"2025-06-29T03:49:04.569Z","caller":"stat/usage.go:61","content":"CPU: 66m, MEMORY: Alloc=4.6Mi, TotalAlloc=70.9Mi, Sys=18.6Mi, NumGC=26","level":"stat"}
{"@timestamp":"2025-06-29T03:49:04.589Z","caller":"load/sheddingstat.go:61","content":"(rpc) shedding_stat [1m], cpu: 66, total: 0, pass: 0, drop: 0","level":"stat"}
{"@timestamp":"2025-06-29T03:49:31.437Z","caller":"stat/metrics.go:210","content":"(appuserrpc.rpc) - qps: 0.0/s, drops: 0, avg time: 0.0ms, med: 0.0ms, 90th: 0.0ms, 99th: 0.0ms, 99.9th: 0.0ms","level":"stat"}
{"@timestamp":"2025-06-29T03:50:04.570Z","caller":"stat/usage.go:61","content":"CPU: 62m, MEMORY: Alloc=5.1Mi, TotalAlloc=74.3Mi, Sys=18.6Mi, NumGC=27","level":"stat"}
{"@timestamp":"2025-06-29T03:50:04.589Z","caller":"load/sheddingstat.go:61","content":"(rpc) shedding_stat [1m], cpu: 62, total: 0, pass: 0, drop: 0","level":"stat"}
{"@timestamp":"2025-06-29T03:50:31.436Z","caller":"stat/metrics.go:210","content":"(appuserrpc.rpc) - qps: 0.0/s, drops: 0, avg time: 0.0ms, med: 0.0ms, 90th: 0.0ms, 99th: 0.0ms, 99.9th: 0.0ms","level":"stat"}
{"@timestamp":"2025-06-29T03:51:04.568Z","caller":"stat/usage.go:61","content":"CPU: 144m, MEMORY: Alloc=2.9Mi, TotalAlloc=77.9Mi, Sys=18.6Mi, NumGC=29","level":"stat"}
{"@timestamp":"2025-06-29T03:51:04.589Z","caller":"load/sheddingstat.go:61","content":"(rpc) shedding_stat [1m], cpu: 144, total: 0, pass: 0, drop: 0","level":"stat"}
{"@timestamp":"2025-06-29T03:51:31.436Z","caller":"stat/metrics.go:210","content":"(appuserrpc.rpc) - qps: 0.0/s, drops: 0, avg time: 0.0ms, med: 0.0ms, 90th: 0.0ms, 99th: 0.0ms, 99.9th: 0.0ms","level":"stat"}
{"@timestamp":"2025-06-29T03:52:04.569Z","caller":"stat/usage.go:61","content":"CPU: 182m, MEMORY: Alloc=3.5Mi, TotalAlloc=81.3Mi, Sys=18.6Mi, NumGC=30","level":"stat"}
{"@timestamp":"2025-06-29T03:52:04.589Z","caller":"load/sheddingstat.go:61","content":"(rpc) shedding_stat [1m], cpu: 182, total: 0, pass: 0, drop: 0","level":"stat"}
{"@timestamp":"2025-06-29T03:52:31.436Z","caller":"stat/metrics.go:210","content":"(appuserrpc.rpc) - qps: 0.0/s, drops: 0, avg time: 0.0ms, med: 0.0ms, 90th: 0.0ms, 99th: 0.0ms, 99.9th: 0.0ms","level":"stat"}
{"@timestamp":"2025-06-29T03:53:04.569Z","caller":"stat/usage.go:61","content":"CPU: 98m, MEMORY: Alloc=4.3Mi, TotalAlloc=84.8Mi, Sys=18.6Mi, NumGC=31","level":"stat"}
{"@timestamp":"2025-06-29T03:53:04.588Z","caller":"load/sheddingstat.go:61","content":"(rpc) shedding_stat [1m], cpu: 98, total: 0, pass: 0, drop: 0","level":"stat"}
{"@timestamp":"2025-06-29T03:53:31.437Z","caller":"stat/metrics.go:210","content":"(appuserrpc.rpc) - qps: 0.0/s, drops: 0, avg time: 0.0ms, med: 0.0ms, 90th: 0.0ms, 99th: 0.0ms, 99.9th: 0.0ms","level":"stat"}
{"@timestamp":"2025-06-29T03:54:04.570Z","caller":"stat/usage.go:61","content":"CPU: 21m, MEMORY: Alloc=4.8Mi, TotalAlloc=88.2Mi, Sys=18.6Mi, NumGC=32","level":"stat"}
{"@timestamp":"2025-06-29T03:54:04.589Z","caller":"load/sheddingstat.go:61","content":"(rpc) shedding_stat [1m], cpu: 21, total: 0, pass: 0, drop: 0","level":"stat"}
{"@timestamp":"2025-06-29T03:54:31.437Z","caller":"stat/metrics.go:210","content":"(appuserrpc.rpc) - qps: 0.0/s, drops: 0, avg time: 0.0ms, med: 0.0ms, 90th: 0.0ms, 99th: 0.0ms, 99.9th: 0.0ms","level":"stat"}
{"@timestamp":"2025-06-29T03:55:04.570Z","caller":"stat/usage.go:61","content":"CPU: 144m, MEMORY: Alloc=5.3Mi, TotalAlloc=91.6Mi, Sys=18.6Mi, NumGC=33","level":"stat"}
{"@timestamp":"2025-06-29T03:55:04.589Z","caller":"load/sheddingstat.go:61","content":"(rpc) shedding_stat [1m], cpu: 144, total: 0, pass: 0, drop: 0","level":"stat"}
{"@timestamp":"2025-06-29T03:55:31.437Z","caller":"stat/metrics.go:210","content":"(appuserrpc.rpc) - qps: 0.0/s, drops: 0, avg time: 0.0ms, med: 0.0ms, 90th: 0.0ms, 99th: 0.0ms, 99.9th: 0.0ms","level":"stat"}
{"@timestamp":"2025-06-29T03:56:04.570Z","caller":"stat/usage.go:61","content":"CPU: 16m, MEMORY: Alloc=3.4Mi, TotalAlloc=95.1Mi, Sys=18.6Mi, NumGC=35","level":"stat"}
{"@timestamp":"2025-06-29T03:56:04.588Z","caller":"load/sheddingstat.go:61","content":"(rpc) shedding_stat [1m], cpu: 16, total: 0, pass: 0, drop: 0","level":"stat"}
{"@timestamp":"2025-06-29T03:56:31.436Z","caller":"stat/metrics.go:210","content":"(appuserrpc.rpc) - qps: 0.0/s, drops: 0, avg time: 0.0ms, med: 0.0ms, 90th: 0.0ms, 99th: 0.0ms, 99.9th: 0.0ms","level":"stat"}
{"@timestamp":"2025-06-29T03:57:04.569Z","caller":"stat/usage.go:61","content":"CPU: 105m, MEMORY: Alloc=4.2Mi, TotalAlloc=98.6Mi, Sys=18.6Mi, NumGC=36","level":"stat"}
{"@timestamp":"2025-06-29T03:57:04.589Z","caller":"load/sheddingstat.go:61","content":"(rpc) shedding_stat [1m], cpu: 100, total: 0, pass: 0, drop: 0","level":"stat"}
{"@timestamp":"2025-06-29T03:57:31.436Z","caller":"stat/metrics.go:210","content":"(appuserrpc.rpc) - qps: 0.0/s, drops: 0, avg time: 0.0ms, med: 0.0ms, 90th: 0.0ms, 99th: 0.0ms, 99.9th: 0.0ms","level":"stat"}
{"@timestamp":"2025-06-29T03:58:04.570Z","caller":"stat/usage.go:61","content":"CPU: 137m, MEMORY: Alloc=4.6Mi, TotalAlloc=102.0Mi, Sys=18.6Mi, NumGC=37","level":"stat"}
{"@timestamp":"2025-06-29T03:58:04.589Z","caller":"load/sheddingstat.go:61","content":"(rpc) shedding_stat [1m], cpu: 136, total: 0, pass: 0, drop: 0","level":"stat"}
{"@timestamp":"2025-06-29T03:58:31.436Z","caller":"stat/metrics.go:210","content":"(appuserrpc.rpc) - qps: 0.0/s, drops: 0, avg time: 0.0ms, med: 0.0ms, 90th: 0.0ms, 99th: 0.0ms, 99.9th: 0.0ms","level":"stat"}
{"@timestamp":"2025-06-29T03:59:04.569Z","caller":"stat/usage.go:61","content":"CPU: 56m, MEMORY: Alloc=5.3Mi, TotalAlloc=105.4Mi, Sys=18.6Mi, NumGC=38","level":"stat"}
{"@timestamp":"2025-06-29T03:59:04.588Z","caller":"load/sheddingstat.go:61","content":"(rpc) shedding_stat [1m], cpu: 56, total: 0, pass: 0, drop: 0","level":"stat"}
{"@timestamp":"2025-06-29T03:59:31.437Z","caller":"stat/metrics.go:210","content":"(appuserrpc.rpc) - qps: 0.0/s, drops: 0, avg time: 0.0ms, med: 0.0ms, 90th: 0.0ms, 99th: 0.0ms, 99.9th: 0.0ms","level":"stat"}
{"@timestamp":"2025-06-29T04:00:04.568Z","caller":"stat/usage.go:61","content":"CPU: 10m, MEMORY: Alloc=3.0Mi, TotalAlloc=108.9Mi, Sys=18.6Mi, NumGC=40","level":"stat"}
{"@timestamp":"2025-06-29T04:00:04.589Z","caller":"load/sheddingstat.go:61","content":"(rpc) shedding_stat [1m], cpu: 9, total: 0, pass: 0, drop: 0","level":"stat"}
{"@timestamp":"2025-06-29T04:00:31.437Z","caller":"stat/metrics.go:210","content":"(appuserrpc.rpc) - qps: 0.0/s, drops: 0, avg time: 0.0ms, med: 0.0ms, 90th: 0.0ms, 99th: 0.0ms, 99.9th: 0.0ms","level":"stat"}
{"@timestamp":"2025-06-29T04:01:04.569Z","caller":"stat/usage.go:61","content":"CPU: 1m, MEMORY: Alloc=3.8Mi, TotalAlloc=112.4Mi, Sys=18.6Mi, NumGC=41","level":"stat"}
{"@timestamp":"2025-06-29T04:01:04.589Z","caller":"load/sheddingstat.go:61","content":"(rpc) shedding_stat [1m], cpu: 1, total: 0, pass: 0, drop: 0","level":"stat"}
{"@timestamp":"2025-06-29T04:01:31.436Z","caller":"stat/metrics.go:210","content":"(appuserrpc.rpc) - qps: 0.0/s, drops: 0, avg time: 0.0ms, med: 0.0ms, 90th: 0.0ms, 99th: 0.0ms, 99.9th: 0.0ms","level":"stat"}
{"@timestamp":"2025-06-29T04:02:04.569Z","caller":"stat/usage.go:61","content":"CPU: 1m, MEMORY: Alloc=4.4Mi, TotalAlloc=115.9Mi, Sys=18.6Mi, NumGC=42","level":"stat"}
{"@timestamp":"2025-06-29T04:02:04.588Z","caller":"load/sheddingstat.go:61","content":"(rpc) shedding_stat [1m], cpu: 1, total: 0, pass: 0, drop: 0","level":"stat"}
{"@timestamp":"2025-06-29T04:02:31.437Z","caller":"stat/metrics.go:210","content":"(appuserrpc.rpc) - qps: 0.0/s, drops: 0, avg time: 0.0ms, med: 0.0ms, 90th: 0.0ms, 99th: 0.0ms, 99.9th: 0.0ms","level":"stat"}
{"@timestamp":"2025-06-29T04:03:04.569Z","caller":"stat/usage.go:61","content":"CPU: 0m, MEMORY: Alloc=5.0Mi, TotalAlloc=119.3Mi, Sys=18.6Mi, NumGC=43","level":"stat"}
{"@timestamp":"2025-06-29T04:03:04.589Z","caller":"load/sheddingstat.go:61","content":"(rpc) shedding_stat [1m], cpu: 0, total: 0, pass: 0, drop: 0","level":"stat"}
{"@timestamp":"2025-06-29T04:03:31.436Z","caller":"stat/metrics.go:210","content":"(appuserrpc.rpc) - qps: 0.0/s, drops: 0, avg time: 0.0ms, med: 0.0ms, 90th: 0.0ms, 99th: 0.0ms, 99.9th: 0.0ms","level":"stat"}
{"@timestamp":"2025-06-29T04:04:04.570Z","caller":"stat/usage.go:61","content":"CPU: 0m, MEMORY: Alloc=5.5Mi, TotalAlloc=122.6Mi, Sys=18.6Mi, NumGC=44","level":"stat"}
{"@timestamp":"2025-06-29T04:04:04.588Z","caller":"load/sheddingstat.go:61","content":"(rpc) shedding_stat [1m], cpu: 0, total: 0, pass: 0, drop: 0","level":"stat"}
{"@timestamp":"2025-06-29T04:04:31.437Z","caller":"stat/metrics.go:210","content":"(appuserrpc.rpc) - qps: 0.0/s, drops: 0, avg time: 0.0ms, med: 0.0ms, 90th: 0.0ms, 99th: 0.0ms, 99.9th: 0.0ms","level":"stat"}
{"@timestamp":"2025-06-29T04:05:04.569Z","caller":"stat/usage.go:61","content":"CPU: 0m, MEMORY: Alloc=3.5Mi, TotalAlloc=126.2Mi, Sys=18.8Mi, NumGC=46","level":"stat"}
{"@timestamp":"2025-06-29T04:05:04.589Z","caller":"load/sheddingstat.go:61","content":"(rpc) shedding_stat [1m], cpu: 0, total: 0, pass: 0, drop: 0","level":"stat"}
{"@timestamp":"2025-06-29T04:05:31.437Z","caller":"stat/metrics.go:210","content":"(appuserrpc.rpc) - qps: 0.0/s, drops: 0, avg time: 0.0ms, med: 0.0ms, 90th: 0.0ms, 99th: 0.0ms, 99.9th: 0.0ms","level":"stat"}
{"@timestamp":"2025-06-29T04:06:04.568Z","caller":"stat/usage.go:61","content":"CPU: 1m, MEMORY: Alloc=4.0Mi, TotalAlloc=129.6Mi, Sys=18.8Mi, NumGC=47","level":"stat"}
{"@timestamp":"2025-06-29T04:06:04.589Z","caller":"load/sheddingstat.go:61","content":"(rpc) shedding_stat [1m], cpu: 1, total: 0, pass: 0, drop: 0","level":"stat"}
{"@timestamp":"2025-06-29T04:06:31.436Z","caller":"stat/metrics.go:210","content":"(appuserrpc.rpc) - qps: 0.0/s, drops: 0, avg time: 0.0ms, med: 0.0ms, 90th: 0.0ms, 99th: 0.0ms, 99.9th: 0.0ms","level":"stat"}
{"@timestamp":"2025-06-29T04:07:04.568Z","caller":"stat/usage.go:61","content":"CPU: 0m, MEMORY: Alloc=4.6Mi, TotalAlloc=133.0Mi, Sys=18.8Mi, NumGC=48","level":"stat"}
{"@timestamp":"2025-06-29T04:07:04.589Z","caller":"load/sheddingstat.go:61","content":"(rpc) shedding_stat [1m], cpu: 0, total: 0, pass: 0, drop: 0","level":"stat"}
{"@timestamp":"2025-06-29T04:07:31.436Z","caller":"stat/metrics.go:210","content":"(appuserrpc.rpc) - qps: 0.0/s, drops: 0, avg time: 0.0ms, med: 0.0ms, 90th: 0.0ms, 99th: 0.0ms, 99.9th: 0.0ms","level":"stat"}
{"@timestamp":"2025-06-29T04:08:04.569Z","caller":"stat/usage.go:61","content":"CPU: 0m, MEMORY: Alloc=5.2Mi, TotalAlloc=136.4Mi, Sys=18.8Mi, NumGC=49","level":"stat"}
{"@timestamp":"2025-06-29T04:08:04.588Z","caller":"load/sheddingstat.go:61","content":"(rpc) shedding_stat [1m], cpu: 0, total: 0, pass: 0, drop: 0","level":"stat"}
{"@timestamp":"2025-06-29T04:08:31.437Z","caller":"stat/metrics.go:210","content":"(appuserrpc.rpc) - qps: 0.0/s, drops: 0, avg time: 0.0ms, med: 0.0ms, 90th: 0.0ms, 99th: 0.0ms, 99.9th: 0.0ms","level":"stat"}
{"@timestamp":"2025-06-29T04:09:04.569Z","caller":"stat/usage.go:61","content":"CPU: 0m, MEMORY: Alloc=3.1Mi, TotalAlloc=139.9Mi, Sys=18.8Mi, NumGC=51","level":"stat"}
{"@timestamp":"2025-06-29T04:09:04.588Z","caller":"load/sheddingstat.go:61","content":"(rpc) shedding_stat [1m], cpu: 0, total: 0, pass: 0, drop: 0","level":"stat"}
{"@timestamp":"2025-06-29T04:09:31.437Z","caller":"stat/metrics.go:210","content":"(appuserrpc.rpc) - qps: 0.0/s, drops: 0, avg time: 0.0ms, med: 0.0ms, 90th: 0.0ms, 99th: 0.0ms, 99.9th: 0.0ms","level":"stat"}
{"@timestamp":"2025-06-29T04:10:04.569Z","caller":"stat/usage.go:61","content":"CPU: 0m, MEMORY: Alloc=3.8Mi, TotalAlloc=143.3Mi, Sys=18.8Mi, NumGC=52","level":"stat"}
{"@timestamp":"2025-06-29T04:10:04.588Z","caller":"load/sheddingstat.go:61","content":"(rpc) shedding_stat [1m], cpu: 0, total: 0, pass: 0, drop: 0","level":"stat"}
{"@timestamp":"2025-06-29T04:10:31.437Z","caller":"stat/metrics.go:210","content":"(appuserrpc.rpc) - qps: 0.0/s, drops: 0, avg time: 0.0ms, med: 0.0ms, 90th: 0.0ms, 99th: 0.0ms, 99.9th: 0.0ms","level":"stat"}
{"@timestamp":"2025-06-29T04:11:04.569Z","caller":"stat/usage.go:61","content":"CPU: 1m, MEMORY: Alloc=4.5Mi, TotalAlloc=146.8Mi, Sys=18.8Mi, NumGC=53","level":"stat"}
{"@timestamp":"2025-06-29T04:11:04.589Z","caller":"load/sheddingstat.go:61","content":"(rpc) shedding_stat [1m], cpu: 1, total: 0, pass: 0, drop: 0","level":"stat"}
{"@timestamp":"2025-06-29T04:11:31.436Z","caller":"stat/metrics.go:210","content":"(appuserrpc.rpc) - qps: 0.0/s, drops: 0, avg time: 0.0ms, med: 0.0ms, 90th: 0.0ms, 99th: 0.0ms, 99.9th: 0.0ms","level":"stat"}
{"@timestamp":"2025-06-29T04:12:04.570Z","caller":"stat/usage.go:61","content":"CPU: 0m, MEMORY: Alloc=5.2Mi, TotalAlloc=150.2Mi, Sys=18.8Mi, NumGC=54","level":"stat"}
{"@timestamp":"2025-06-29T04:12:04.588Z","caller":"load/sheddingstat.go:61","content":"(rpc) shedding_stat [1m], cpu: 0, total: 0, pass: 0, drop: 0","level":"stat"}
{"@timestamp":"2025-06-29T04:12:31.436Z","caller":"stat/metrics.go:210","content":"(appuserrpc.rpc) - qps: 0.0/s, drops: 0, avg time: 0.0ms, med: 0.0ms, 90th: 0.0ms, 99th: 0.0ms, 99.9th: 0.0ms","level":"stat"}
{"@timestamp":"2025-06-29T04:13:04.570Z","caller":"stat/usage.go:61","content":"CPU: 0m, MEMORY: Alloc=2.9Mi, TotalAlloc=153.6Mi, Sys=18.8Mi, NumGC=56","level":"stat"}
{"@timestamp":"2025-06-29T04:13:04.588Z","caller":"load/sheddingstat.go:61","content":"(rpc) shedding_stat [1m], cpu: 0, total: 0, pass: 0, drop: 0","level":"stat"}
{"@timestamp":"2025-06-29T04:13:31.436Z","caller":"stat/metrics.go:210","content":"(appuserrpc.rpc) - qps: 0.0/s, drops: 0, avg time: 0.0ms, med: 0.0ms, 90th: 0.0ms, 99th: 0.0ms, 99.9th: 0.0ms","level":"stat"}
{"@timestamp":"2025-06-29T04:14:04.569Z","caller":"stat/usage.go:61","content":"CPU: 0m, MEMORY: Alloc=3.8Mi, TotalAlloc=157.1Mi, Sys=18.8Mi, NumGC=57","level":"stat"}
{"@timestamp":"2025-06-29T04:14:04.589Z","caller":"load/sheddingstat.go:61","content":"(rpc) shedding_stat [1m], cpu: 0, total: 0, pass: 0, drop: 0","level":"stat"}
{"@timestamp":"2025-06-29T04:14:31.437Z","caller":"stat/metrics.go:210","content":"(appuserrpc.rpc) - qps: 0.0/s, drops: 0, avg time: 0.0ms, med: 0.0ms, 90th: 0.0ms, 99th: 0.0ms, 99.9th: 0.0ms","level":"stat"}
{"@timestamp":"2025-06-29T04:15:04.570Z","caller":"stat/usage.go:61","content":"CPU: 0m, MEMORY: Alloc=4.5Mi, TotalAlloc=160.6Mi, Sys=18.8Mi, NumGC=58","level":"stat"}
{"@timestamp":"2025-06-29T04:15:04.589Z","caller":"load/sheddingstat.go:61","content":"(rpc) shedding_stat [1m], cpu: 0, total: 0, pass: 0, drop: 0","level":"stat"}
{"@timestamp":"2025-06-29T04:15:31.437Z","caller":"stat/metrics.go:210","content":"(appuserrpc.rpc) - qps: 0.0/s, drops: 0, avg time: 0.0ms, med: 0.0ms, 90th: 0.0ms, 99th: 0.0ms, 99.9th: 0.0ms","level":"stat"}
{"@timestamp":"2025-06-29T04:16:04.569Z","caller":"stat/usage.go:61","content":"CPU: 0m, MEMORY: Alloc=5.3Mi, TotalAlloc=164.0Mi, Sys=18.8Mi, NumGC=59","level":"stat"}
{"@timestamp":"2025-06-29T04:16:04.589Z","caller":"load/sheddingstat.go:61","content":"(rpc) shedding_stat [1m], cpu: 0, total: 0, pass: 0, drop: 0","level":"stat"}
{"@timestamp":"2025-06-29T04:16:31.436Z","caller":"stat/metrics.go:210","content":"(appuserrpc.rpc) - qps: 0.0/s, drops: 0, avg time: 0.0ms, med: 0.0ms, 90th: 0.0ms, 99th: 0.0ms, 99.9th: 0.0ms","level":"stat"}
{"@timestamp":"2025-06-29T04:17:04.569Z","caller":"stat/usage.go:61","content":"CPU: 0m, MEMORY: Alloc=2.9Mi, TotalAlloc=167.4Mi, Sys=18.8Mi, NumGC=61","level":"stat"}
{"@timestamp":"2025-06-29T04:17:04.588Z","caller":"load/sheddingstat.go:61","content":"(rpc) shedding_stat [1m], cpu: 0, total: 0, pass: 0, drop: 0","level":"stat"}
{"@timestamp":"2025-06-29T04:17:31.436Z","caller":"stat/metrics.go:210","content":"(appuserrpc.rpc) - qps: 0.0/s, drops: 0, avg time: 0.0ms, med: 0.0ms, 90th: 0.0ms, 99th: 0.0ms, 99.9th: 0.0ms","level":"stat"}
{"@timestamp":"2025-06-29T04:18:04.569Z","caller":"stat/usage.go:61","content":"CPU: 1m, MEMORY: Alloc=3.7Mi, TotalAlloc=170.9Mi, Sys=18.8Mi, NumGC=62","level":"stat"}
{"@timestamp":"2025-06-29T04:18:04.590Z","caller":"load/sheddingstat.go:61","content":"(rpc) shedding_stat [1m], cpu: 1, total: 0, pass: 0, drop: 0","level":"stat"}
{"@timestamp":"2025-06-29T04:18:31.436Z","caller":"stat/metrics.go:210","content":"(appuserrpc.rpc) - qps: 0.0/s, drops: 0, avg time: 0.0ms, med: 0.0ms, 90th: 0.0ms, 99th: 0.0ms, 99.9th: 0.0ms","level":"stat"}
{"@timestamp":"2025-06-29T04:19:04.570Z","caller":"stat/usage.go:61","content":"CPU: 1m, MEMORY: Alloc=4.4Mi, TotalAlloc=174.3Mi, Sys=18.8Mi, NumGC=63","level":"stat"}
{"@timestamp":"2025-06-29T04:19:04.589Z","caller":"load/sheddingstat.go:61","content":"(rpc) shedding_stat [1m], cpu: 1, total: 0, pass: 0, drop: 0","level":"stat"}
{"@timestamp":"2025-06-29T04:19:31.436Z","caller":"stat/metrics.go:210","content":"(appuserrpc.rpc) - qps: 0.0/s, drops: 0, avg time: 0.0ms, med: 0.0ms, 90th: 0.0ms, 99th: 0.0ms, 99.9th: 0.0ms","level":"stat"}
{"@timestamp":"2025-06-29T04:20:04.570Z","caller":"stat/usage.go:61","content":"CPU: 0m, MEMORY: Alloc=5.1Mi, TotalAlloc=177.8Mi, Sys=18.8Mi, NumGC=64","level":"stat"}
{"@timestamp":"2025-06-29T04:20:04.589Z","caller":"load/sheddingstat.go:61","content":"(rpc) shedding_stat [1m], cpu: 0, total: 0, pass: 0, drop: 0","level":"stat"}
{"@timestamp":"2025-06-29T04:20:31.436Z","caller":"stat/metrics.go:210","content":"(appuserrpc.rpc) - qps: 0.0/s, drops: 0, avg time: 0.0ms, med: 0.0ms, 90th: 0.0ms, 99th: 0.0ms, 99.9th: 0.0ms","level":"stat"}
{"@timestamp":"2025-06-29T04:21:04.570Z","caller":"stat/usage.go:61","content":"CPU: 1m, MEMORY: Alloc=2.9Mi, TotalAlloc=181.2Mi, Sys=18.8Mi, NumGC=66","level":"stat"}
{"@timestamp":"2025-06-29T04:21:04.588Z","caller":"load/sheddingstat.go:61","content":"(rpc) shedding_stat [1m], cpu: 1, total: 0, pass: 0, drop: 0","level":"stat"}
{"@timestamp":"2025-06-29T04:21:31.436Z","caller":"stat/metrics.go:210","content":"(appuserrpc.rpc) - qps: 0.0/s, drops: 0, avg time: 0.0ms, med: 0.0ms, 90th: 0.0ms, 99th: 0.0ms, 99.9th: 0.0ms","level":"stat"}
{"@timestamp":"2025-06-29T04:22:04.569Z","caller":"stat/usage.go:61","content":"CPU: 1m, MEMORY: Alloc=3.5Mi, TotalAlloc=184.6Mi, Sys=18.8Mi, NumGC=67","level":"stat"}
{"@timestamp":"2025-06-29T04:22:04.590Z","caller":"load/sheddingstat.go:61","content":"(rpc) shedding_stat [1m], cpu: 1, total: 0, pass: 0, drop: 0","level":"stat"}
{"@timestamp":"2025-06-29T04:22:31.436Z","caller":"stat/metrics.go:210","content":"(appuserrpc.rpc) - qps: 0.0/s, drops: 0, avg time: 0.0ms, med: 0.0ms, 90th: 0.0ms, 99th: 0.0ms, 99.9th: 0.0ms","level":"stat"}
{"@timestamp":"2025-06-29T04:23:04.569Z","caller":"stat/usage.go:61","content":"CPU: 0m, MEMORY: Alloc=4.2Mi, TotalAlloc=188.0Mi, Sys=18.8Mi, NumGC=68","level":"stat"}
{"@timestamp":"2025-06-29T04:23:04.589Z","caller":"load/sheddingstat.go:61","content":"(rpc) shedding_stat [1m], cpu: 1, total: 0, pass: 0, drop: 0","level":"stat"}
{"@timestamp":"2025-06-29T04:23:31.436Z","caller":"stat/metrics.go:210","content":"(appuserrpc.rpc) - qps: 0.0/s, drops: 0, avg time: 0.0ms, med: 0.0ms, 90th: 0.0ms, 99th: 0.0ms, 99.9th: 0.0ms","level":"stat"}
{"@timestamp":"2025-06-29T04:24:04.570Z","caller":"stat/usage.go:61","content":"CPU: 1m, MEMORY: Alloc=4.8Mi, TotalAlloc=191.4Mi, Sys=18.8Mi, NumGC=69","level":"stat"}
{"@timestamp":"2025-06-29T04:24:04.589Z","caller":"load/sheddingstat.go:61","content":"(rpc) shedding_stat [1m], cpu: 1, total: 0, pass: 0, drop: 0","level":"stat"}
{"@timestamp":"2025-06-29T04:24:31.436Z","caller":"stat/metrics.go:210","content":"(appuserrpc.rpc) - qps: 0.0/s, drops: 0, avg time: 0.0ms, med: 0.0ms, 90th: 0.0ms, 99th: 0.0ms, 99.9th: 0.0ms","level":"stat"}
{"@timestamp":"2025-06-29T04:25:04.569Z","caller":"stat/usage.go:61","content":"CPU: 0m, MEMORY: Alloc=5.5Mi, TotalAlloc=194.9Mi, Sys=18.8Mi, NumGC=70","level":"stat"}
{"@timestamp":"2025-06-29T04:25:04.589Z","caller":"load/sheddingstat.go:61","content":"(rpc) shedding_stat [1m], cpu: 0, total: 0, pass: 0, drop: 0","level":"stat"}
{"@timestamp":"2025-06-29T04:25:31.437Z","caller":"stat/metrics.go:210","content":"(appuserrpc.rpc) - qps: 0.0/s, drops: 0, avg time: 0.0ms, med: 0.0ms, 90th: 0.0ms, 99th: 0.0ms, 99.9th: 0.0ms","level":"stat"}
{"@timestamp":"2025-06-29T04:26:04.570Z","caller":"stat/usage.go:61","content":"CPU: 0m, MEMORY: Alloc=3.3Mi, TotalAlloc=198.3Mi, Sys=18.8Mi, NumGC=72","level":"stat"}
{"@timestamp":"2025-06-29T04:26:04.588Z","caller":"load/sheddingstat.go:61","content":"(rpc) shedding_stat [1m], cpu: 0, total: 0, pass: 0, drop: 0","level":"stat"}
{"@timestamp":"2025-06-29T04:26:31.436Z","caller":"stat/metrics.go:210","content":"(appuserrpc.rpc) - qps: 0.0/s, drops: 0, avg time: 0.0ms, med: 0.0ms, 90th: 0.0ms, 99th: 0.0ms, 99.9th: 0.0ms","level":"stat"}
{"@timestamp":"2025-06-29T04:27:04.568Z","caller":"stat/usage.go:61","content":"CPU: 0m, MEMORY: Alloc=3.9Mi, TotalAlloc=201.7Mi, Sys=18.8Mi, NumGC=73","level":"stat"}
{"@timestamp":"2025-06-29T04:27:04.588Z","caller":"load/sheddingstat.go:61","content":"(rpc) shedding_stat [1m], cpu: 0, total: 0, pass: 0, drop: 0","level":"stat"}
{"@timestamp":"2025-06-29T04:27:31.436Z","caller":"stat/metrics.go:210","content":"(appuserrpc.rpc) - qps: 0.0/s, drops: 0, avg time: 0.0ms, med: 0.0ms, 90th: 0.0ms, 99th: 0.0ms, 99.9th: 0.0ms","level":"stat"}
{"@timestamp":"2025-06-29T04:28:04.569Z","caller":"stat/usage.go:61","content":"CPU: 0m, MEMORY: Alloc=4.6Mi, TotalAlloc=205.2Mi, Sys=18.8Mi, NumGC=74","level":"stat"}
{"@timestamp":"2025-06-29T04:28:04.588Z","caller":"load/sheddingstat.go:61","content":"(rpc) shedding_stat [1m], cpu: 0, total: 0, pass: 0, drop: 0","level":"stat"}
{"@timestamp":"2025-06-29T04:28:31.436Z","caller":"stat/metrics.go:210","content":"(appuserrpc.rpc) - qps: 0.0/s, drops: 0, avg time: 0.0ms, med: 0.0ms, 90th: 0.0ms, 99th: 0.0ms, 99.9th: 0.0ms","level":"stat"}
{"@timestamp":"2025-06-29T04:29:04.569Z","caller":"stat/usage.go:61","content":"CPU: 0m, MEMORY: Alloc=5.3Mi, TotalAlloc=208.6Mi, Sys=18.8Mi, NumGC=75","level":"stat"}
{"@timestamp":"2025-06-29T04:29:04.588Z","caller":"load/sheddingstat.go:61","content":"(rpc) shedding_stat [1m], cpu: 0, total: 0, pass: 0, drop: 0","level":"stat"}
{"@timestamp":"2025-06-29T04:29:31.436Z","caller":"stat/metrics.go:210","content":"(appuserrpc.rpc) - qps: 0.0/s, drops: 0, avg time: 0.0ms, med: 0.0ms, 90th: 0.0ms, 99th: 0.0ms, 99.9th: 0.0ms","level":"stat"}
{"@timestamp":"2025-06-29T04:30:04.569Z","caller":"stat/usage.go:61","content":"CPU: 0m, MEMORY: Alloc=3.0Mi, TotalAlloc=211.9Mi, Sys=18.8Mi, NumGC=77","level":"stat"}
{"@timestamp":"2025-06-29T04:30:04.588Z","caller":"load/sheddingstat.go:61","content":"(rpc) shedding_stat [1m], cpu: 0, total: 0, pass: 0, drop: 0","level":"stat"}
{"@timestamp":"2025-06-29T04:30:31.436Z","caller":"stat/metrics.go:210","content":"(appuserrpc.rpc) - qps: 0.0/s, drops: 0, avg time: 0.0ms, med: 0.0ms, 90th: 0.0ms, 99th: 0.0ms, 99.9th: 0.0ms","level":"stat"}
{"@timestamp":"2025-06-29T04:31:04.570Z","caller":"stat/usage.go:61","content":"CPU: 0m, MEMORY: Alloc=3.8Mi, TotalAlloc=215.4Mi, Sys=18.8Mi, NumGC=78","level":"stat"}
{"@timestamp":"2025-06-29T04:31:04.589Z","caller":"load/sheddingstat.go:61","content":"(rpc) shedding_stat [1m], cpu: 0, total: 0, pass: 0, drop: 0","level":"stat"}
{"@timestamp":"2025-06-29T04:31:31.437Z","caller":"stat/metrics.go:210","content":"(appuserrpc.rpc) - qps: 0.0/s, drops: 0, avg time: 0.0ms, med: 0.0ms, 90th: 0.0ms, 99th: 0.0ms, 99.9th: 0.0ms","level":"stat"}
{"@timestamp":"2025-06-29T04:32:04.569Z","caller":"stat/usage.go:61","content":"CPU: 0m, MEMORY: Alloc=4.6Mi, TotalAlloc=218.8Mi, Sys=18.8Mi, NumGC=79","level":"stat"}
{"@timestamp":"2025-06-29T04:32:04.588Z","caller":"load/sheddingstat.go:61","content":"(rpc) shedding_stat [1m], cpu: 0, total: 0, pass: 0, drop: 0","level":"stat"}
{"@timestamp":"2025-06-29T04:32:31.437Z","caller":"stat/metrics.go:210","content":"(appuserrpc.rpc) - qps: 0.0/s, drops: 0, avg time: 0.0ms, med: 0.0ms, 90th: 0.0ms, 99th: 0.0ms, 99.9th: 0.0ms","level":"stat"}
{"@timestamp":"2025-06-29T04:33:04.569Z","caller":"stat/usage.go:61","content":"CPU: 0m, MEMORY: Alloc=5.2Mi, TotalAlloc=222.2Mi, Sys=18.8Mi, NumGC=80","level":"stat"}
{"@timestamp":"2025-06-29T04:33:04.588Z","caller":"load/sheddingstat.go:61","content":"(rpc) shedding_stat [1m], cpu: 0, total: 0, pass: 0, drop: 0","level":"stat"}
{"@timestamp":"2025-06-29T04:33:31.437Z","caller":"stat/metrics.go:210","content":"(appuserrpc.rpc) - qps: 0.0/s, drops: 0, avg time: 0.0ms, med: 0.0ms, 90th: 0.0ms, 99th: 0.0ms, 99.9th: 0.0ms","level":"stat"}
{"@timestamp":"2025-06-29T04:34:04.569Z","caller":"stat/usage.go:61","content":"CPU: 0m, MEMORY: Alloc=3.2Mi, TotalAlloc=225.7Mi, Sys=18.8Mi, NumGC=82","level":"stat"}
{"@timestamp":"2025-06-29T04:34:04.589Z","caller":"load/sheddingstat.go:61","content":"(rpc) shedding_stat [1m], cpu: 0, total: 0, pass: 0, drop: 0","level":"stat"}
{"@timestamp":"2025-06-29T04:34:31.436Z","caller":"stat/metrics.go:210","content":"(appuserrpc.rpc) - qps: 0.0/s, drops: 0, avg time: 0.0ms, med: 0.0ms, 90th: 0.0ms, 99th: 0.0ms, 99.9th: 0.0ms","level":"stat"}
{"@timestamp":"2025-06-29T04:35:04.570Z","caller":"stat/usage.go:61","content":"CPU: 0m, MEMORY: Alloc=4.0Mi, TotalAlloc=229.1Mi, Sys=18.8Mi, NumGC=83","level":"stat"}
{"@timestamp":"2025-06-29T04:35:04.589Z","caller":"load/sheddingstat.go:61","content":"(rpc) shedding_stat [1m], cpu: 0, total: 0, pass: 0, drop: 0","level":"stat"}
{"@timestamp":"2025-06-29T04:35:31.437Z","caller":"stat/metrics.go:210","content":"(appuserrpc.rpc) - qps: 0.0/s, drops: 0, avg time: 0.0ms, med: 0.0ms, 90th: 0.0ms, 99th: 0.0ms, 99.9th: 0.0ms","level":"stat"}
{"@timestamp":"2025-06-29T04:36:04.569Z","caller":"stat/usage.go:61","content":"CPU: 0m, MEMORY: Alloc=4.8Mi, TotalAlloc=232.6Mi, Sys=18.8Mi, NumGC=84","level":"stat"}
{"@timestamp":"2025-06-29T04:36:04.589Z","caller":"load/sheddingstat.go:61","content":"(rpc) shedding_stat [1m], cpu: 0, total: 0, pass: 0, drop: 0","level":"stat"}
{"@timestamp":"2025-06-29T04:36:31.436Z","caller":"stat/metrics.go:210","content":"(appuserrpc.rpc) - qps: 0.0/s, drops: 0, avg time: 0.0ms, med: 0.0ms, 90th: 0.0ms, 99th: 0.0ms, 99.9th: 0.0ms","level":"stat"}
{"@timestamp":"2025-06-29T04:37:04.569Z","caller":"stat/usage.go:61","content":"CPU: 0m, MEMORY: Alloc=2.8Mi, TotalAlloc=236.0Mi, Sys=18.8Mi, NumGC=86","level":"stat"}
{"@timestamp":"2025-06-29T04:37:04.589Z","caller":"load/sheddingstat.go:61","content":"(rpc) shedding_stat [1m], cpu: 0, total: 0, pass: 0, drop: 0","level":"stat"}
{"@timestamp":"2025-06-29T04:37:31.436Z","caller":"stat/metrics.go:210","content":"(appuserrpc.rpc) - qps: 0.0/s, drops: 0, avg time: 0.0ms, med: 0.0ms, 90th: 0.0ms, 99th: 0.0ms, 99.9th: 0.0ms","level":"stat"}
{"@timestamp":"2025-06-29T04:38:04.569Z","caller":"stat/usage.go:61","content":"CPU: 0m, MEMORY: Alloc=3.6Mi, TotalAlloc=239.4Mi, Sys=18.8Mi, NumGC=87","level":"stat"}
{"@timestamp":"2025-06-29T04:38:04.588Z","caller":"load/sheddingstat.go:61","content":"(rpc) shedding_stat [1m], cpu: 0, total: 0, pass: 0, drop: 0","level":"stat"}
{"@timestamp":"2025-06-29T04:38:31.436Z","caller":"stat/metrics.go:210","content":"(appuserrpc.rpc) - qps: 0.0/s, drops: 0, avg time: 0.0ms, med: 0.0ms, 90th: 0.0ms, 99th: 0.0ms, 99.9th: 0.0ms","level":"stat"}
{"@timestamp":"2025-06-29T04:39:04.570Z","caller":"stat/usage.go:61","content":"CPU: 0m, MEMORY: Alloc=4.4Mi, TotalAlloc=242.9Mi, Sys=18.8Mi, NumGC=88","level":"stat"}
{"@timestamp":"2025-06-29T04:39:04.588Z","caller":"load/sheddingstat.go:61","content":"(rpc) shedding_stat [1m], cpu: 0, total: 0, pass: 0, drop: 0","level":"stat"}
{"@timestamp":"2025-06-29T04:39:31.437Z","caller":"stat/metrics.go:210","content":"(appuserrpc.rpc) - qps: 0.0/s, drops: 0, avg time: 0.0ms, med: 0.0ms, 90th: 0.0ms, 99th: 0.0ms, 99.9th: 0.0ms","level":"stat"}
{"@timestamp":"2025-06-29T04:40:04.570Z","caller":"stat/usage.go:61","content":"CPU: 0m, MEMORY: Alloc=5.1Mi, TotalAlloc=246.3Mi, Sys=18.8Mi, NumGC=89","level":"stat"}
{"@timestamp":"2025-06-29T04:40:04.589Z","caller":"load/sheddingstat.go:61","content":"(rpc) shedding_stat [1m], cpu: 0, total: 0, pass: 0, drop: 0","level":"stat"}
{"@timestamp":"2025-06-29T04:40:31.436Z","caller":"stat/metrics.go:210","content":"(appuserrpc.rpc) - qps: 0.0/s, drops: 0, avg time: 0.0ms, med: 0.0ms, 90th: 0.0ms, 99th: 0.0ms, 99.9th: 0.0ms","level":"stat"}
{"@timestamp":"2025-06-29T04:41:04.568Z","caller":"stat/usage.go:61","content":"CPU: 0m, MEMORY: Alloc=3.1Mi, TotalAlloc=249.8Mi, Sys=18.8Mi, NumGC=91","level":"stat"}
{"@timestamp":"2025-06-29T04:41:04.589Z","caller":"load/sheddingstat.go:61","content":"(rpc) shedding_stat [1m], cpu: 0, total: 0, pass: 0, drop: 0","level":"stat"}
{"@timestamp":"2025-06-29T04:41:31.436Z","caller":"stat/metrics.go:210","content":"(appuserrpc.rpc) - qps: 0.0/s, drops: 0, avg time: 0.0ms, med: 0.0ms, 90th: 0.0ms, 99th: 0.0ms, 99.9th: 0.0ms","level":"stat"}
{"@timestamp":"2025-06-29T04:42:04.569Z","caller":"stat/usage.go:61","content":"CPU: 0m, MEMORY: Alloc=4.0Mi, TotalAlloc=253.2Mi, Sys=18.8Mi, NumGC=92","level":"stat"}
{"@timestamp":"2025-06-29T04:42:04.590Z","caller":"load/sheddingstat.go:61","content":"(rpc) shedding_stat [1m], cpu: 0, total: 0, pass: 0, drop: 0","level":"stat"}
{"@timestamp":"2025-06-29T04:42:31.436Z","caller":"stat/metrics.go:210","content":"(appuserrpc.rpc) - qps: 0.0/s, drops: 0, avg time: 0.0ms, med: 0.0ms, 90th: 0.0ms, 99th: 0.0ms, 99.9th: 0.0ms","level":"stat"}
{"@timestamp":"2025-06-29T04:43:04.569Z","caller":"stat/usage.go:61","content":"CPU: 0m, MEMORY: Alloc=4.7Mi, TotalAlloc=256.7Mi, Sys=18.8Mi, NumGC=93","level":"stat"}
{"@timestamp":"2025-06-29T04:43:04.589Z","caller":"load/sheddingstat.go:61","content":"(rpc) shedding_stat [1m], cpu: 0, total: 0, pass: 0, drop: 0","level":"stat"}
{"@timestamp":"2025-06-29T04:43:31.437Z","caller":"stat/metrics.go:210","content":"(appuserrpc.rpc) - qps: 0.0/s, drops: 0, avg time: 0.0ms, med: 0.0ms, 90th: 0.0ms, 99th: 0.0ms, 99.9th: 0.0ms","level":"stat"}
{"@timestamp":"2025-06-29T04:44:04.569Z","caller":"stat/usage.go:61","content":"CPU: 0m, MEMORY: Alloc=5.3Mi, TotalAlloc=260.0Mi, Sys=18.8Mi, NumGC=94","level":"stat"}
{"@timestamp":"2025-06-29T04:44:04.588Z","caller":"load/sheddingstat.go:61","content":"(rpc) shedding_stat [1m], cpu: 0, total: 0, pass: 0, drop: 0","level":"stat"}
{"@timestamp":"2025-06-29T04:44:31.436Z","caller":"stat/metrics.go:210","content":"(appuserrpc.rpc) - qps: 0.0/s, drops: 0, avg time: 0.0ms, med: 0.0ms, 90th: 0.0ms, 99th: 0.0ms, 99.9th: 0.0ms","level":"stat"}
{"@timestamp":"2025-06-29T04:45:04.569Z","caller":"stat/usage.go:61","content":"CPU: 0m, MEMORY: Alloc=3.4Mi, TotalAlloc=263.5Mi, Sys=18.8Mi, NumGC=96","level":"stat"}
{"@timestamp":"2025-06-29T04:45:04.589Z","caller":"load/sheddingstat.go:61","content":"(rpc) shedding_stat [1m], cpu: 0, total: 0, pass: 0, drop: 0","level":"stat"}
{"@timestamp":"2025-06-29T04:45:31.437Z","caller":"stat/metrics.go:210","content":"(appuserrpc.rpc) - qps: 0.0/s, drops: 0, avg time: 0.0ms, med: 0.0ms, 90th: 0.0ms, 99th: 0.0ms, 99.9th: 0.0ms","level":"stat"}
{"@timestamp":"2025-06-29T04:46:04.569Z","caller":"stat/usage.go:61","content":"CPU: 0m, MEMORY: Alloc=4.1Mi, TotalAlloc=266.9Mi, Sys=18.8Mi, NumGC=97","level":"stat"}
{"@timestamp":"2025-06-29T04:46:04.589Z","caller":"load/sheddingstat.go:61","content":"(rpc) shedding_stat [1m], cpu: 0, total: 0, pass: 0, drop: 0","level":"stat"}
{"@timestamp":"2025-06-29T04:46:31.437Z","caller":"stat/metrics.go:210","content":"(appuserrpc.rpc) - qps: 0.0/s, drops: 0, avg time: 0.0ms, med: 0.0ms, 90th: 0.0ms, 99th: 0.0ms, 99.9th: 0.0ms","level":"stat"}
{"@timestamp":"2025-06-29T04:47:04.568Z","caller":"stat/usage.go:61","content":"CPU: 0m, MEMORY: Alloc=4.9Mi, TotalAlloc=270.4Mi, Sys=18.8Mi, NumGC=98","level":"stat"}
{"@timestamp":"2025-06-29T04:47:04.589Z","caller":"load/sheddingstat.go:61","content":"(rpc) shedding_stat [1m], cpu: 0, total: 0, pass: 0, drop: 0","level":"stat"}
{"@timestamp":"2025-06-29T04:47:31.436Z","caller":"stat/metrics.go:210","content":"(appuserrpc.rpc) - qps: 0.0/s, drops: 0, avg time: 0.0ms, med: 0.0ms, 90th: 0.0ms, 99th: 0.0ms, 99.9th: 0.0ms","level":"stat"}
{"@timestamp":"2025-06-29T04:48:04.570Z","caller":"stat/usage.go:61","content":"CPU: 0m, MEMORY: Alloc=2.8Mi, TotalAlloc=273.8Mi, Sys=18.8Mi, NumGC=100","level":"stat"}
{"@timestamp":"2025-06-29T04:48:04.588Z","caller":"load/sheddingstat.go:61","content":"(rpc) shedding_stat [1m], cpu: 0, total: 0, pass: 0, drop: 0","level":"stat"}
{"@timestamp":"2025-06-29T04:48:31.437Z","caller":"stat/metrics.go:210","content":"(appuserrpc.rpc) - qps: 0.0/s, drops: 0, avg time: 0.0ms, med: 0.0ms, 90th: 0.0ms, 99th: 0.0ms, 99.9th: 0.0ms","level":"stat"}
{"@timestamp":"2025-06-29T04:49:04.568Z","caller":"stat/usage.go:61","content":"CPU: 0m, MEMORY: Alloc=3.5Mi, TotalAlloc=277.2Mi, Sys=18.8Mi, NumGC=101","level":"stat"}
{"@timestamp":"2025-06-29T04:49:04.588Z","caller":"load/sheddingstat.go:61","content":"(rpc) shedding_stat [1m], cpu: 0, total: 0, pass: 0, drop: 0","level":"stat"}
{"@timestamp":"2025-06-29T04:49:31.437Z","caller":"stat/metrics.go:210","content":"(appuserrpc.rpc) - qps: 0.0/s, drops: 0, avg time: 0.0ms, med: 0.0ms, 90th: 0.0ms, 99th: 0.0ms, 99.9th: 0.0ms","level":"stat"}
{"@timestamp":"2025-06-29T04:50:04.569Z","caller":"stat/usage.go:61","content":"CPU: 0m, MEMORY: Alloc=4.3Mi, TotalAlloc=280.6Mi, Sys=18.8Mi, NumGC=102","level":"stat"}
{"@timestamp":"2025-06-29T04:50:04.589Z","caller":"load/sheddingstat.go:61","content":"(rpc) shedding_stat [1m], cpu: 0, total: 0, pass: 0, drop: 0","level":"stat"}
{"@timestamp":"2025-06-29T04:50:31.436Z","caller":"stat/metrics.go:210","content":"(appuserrpc.rpc) - qps: 0.0/s, drops: 0, avg time: 0.0ms, med: 0.0ms, 90th: 0.0ms, 99th: 0.0ms, 99.9th: 0.0ms","level":"stat"}
{"@timestamp":"2025-06-29T04:51:04.568Z","caller":"stat/usage.go:61","content":"CPU: 0m, MEMORY: Alloc=5.0Mi, TotalAlloc=284.0Mi, Sys=18.8Mi, NumGC=103","level":"stat"}
{"@timestamp":"2025-06-29T04:51:04.588Z","caller":"load/sheddingstat.go:61","content":"(rpc) shedding_stat [1m], cpu: 0, total: 0, pass: 0, drop: 0","level":"stat"}
{"@timestamp":"2025-06-29T04:51:31.436Z","caller":"stat/metrics.go:210","content":"(appuserrpc.rpc) - qps: 0.0/s, drops: 0, avg time: 0.0ms, med: 0.0ms, 90th: 0.0ms, 99th: 0.0ms, 99.9th: 0.0ms","level":"stat"}
{"@timestamp":"2025-06-29T04:52:04.568Z","caller":"stat/usage.go:61","content":"CPU: 0m, MEMORY: Alloc=3.1Mi, TotalAlloc=287.4Mi, Sys=18.8Mi, NumGC=105","level":"stat"}
{"@timestamp":"2025-06-29T04:52:04.589Z","caller":"load/sheddingstat.go:61","content":"(rpc) shedding_stat [1m], cpu: 0, total: 0, pass: 0, drop: 0","level":"stat"}
{"@timestamp":"2025-06-29T04:52:31.436Z","caller":"stat/metrics.go:210","content":"(appuserrpc.rpc) - qps: 0.0/s, drops: 0, avg time: 0.0ms, med: 0.0ms, 90th: 0.0ms, 99th: 0.0ms, 99.9th: 0.0ms","level":"stat"}
{"@timestamp":"2025-06-29T04:53:04.569Z","caller":"stat/usage.go:61","content":"CPU: 1m, MEMORY: Alloc=3.9Mi, TotalAlloc=290.9Mi, Sys=18.8Mi, NumGC=106","level":"stat"}
{"@timestamp":"2025-06-29T04:53:04.589Z","caller":"load/sheddingstat.go:61","content":"(rpc) shedding_stat [1m], cpu: 1, total: 0, pass: 0, drop: 0","level":"stat"}
{"@timestamp":"2025-06-29T04:53:31.436Z","caller":"stat/metrics.go:210","content":"(appuserrpc.rpc) - qps: 0.0/s, drops: 0, avg time: 0.0ms, med: 0.0ms, 90th: 0.0ms, 99th: 0.0ms, 99.9th: 0.0ms","level":"stat"}
{"@timestamp":"2025-06-29T04:54:04.570Z","caller":"stat/usage.go:61","content":"CPU: 0m, MEMORY: Alloc=4.6Mi, TotalAlloc=294.3Mi, Sys=18.8Mi, NumGC=107","level":"stat"}
{"@timestamp":"2025-06-29T04:54:04.589Z","caller":"load/sheddingstat.go:61","content":"(rpc) shedding_stat [1m], cpu: 0, total: 0, pass: 0, drop: 0","level":"stat"}
{"@timestamp":"2025-06-29T04:54:31.437Z","caller":"stat/metrics.go:210","content":"(appuserrpc.rpc) - qps: 0.0/s, drops: 0, avg time: 0.0ms, med: 0.0ms, 90th: 0.0ms, 99th: 0.0ms, 99.9th: 0.0ms","level":"stat"}
{"@timestamp":"2025-06-29T04:55:04.569Z","caller":"stat/usage.go:61","content":"CPU: 1m, MEMORY: Alloc=5.2Mi, TotalAlloc=297.7Mi, Sys=18.8Mi, NumGC=108","level":"stat"}
{"@timestamp":"2025-06-29T04:55:04.589Z","caller":"load/sheddingstat.go:61","content":"(rpc) shedding_stat [1m], cpu: 1, total: 0, pass: 0, drop: 0","level":"stat"}
{"@timestamp":"2025-06-29T04:55:31.437Z","caller":"stat/metrics.go:210","content":"(appuserrpc.rpc) - qps: 0.0/s, drops: 0, avg time: 0.0ms, med: 0.0ms, 90th: 0.0ms, 99th: 0.0ms, 99.9th: 0.0ms","level":"stat"}
{"@timestamp":"2025-06-29T04:56:04.569Z","caller":"stat/usage.go:61","content":"CPU: 0m, MEMORY: Alloc=3.2Mi, TotalAlloc=301.1Mi, Sys=18.8Mi, NumGC=110","level":"stat"}
{"@timestamp":"2025-06-29T04:56:04.589Z","caller":"load/sheddingstat.go:61","content":"(rpc) shedding_stat [1m], cpu: 0, total: 0, pass: 0, drop: 0","level":"stat"}
{"@timestamp":"2025-06-29T04:56:31.437Z","caller":"stat/metrics.go:210","content":"(appuserrpc.rpc) - qps: 0.0/s, drops: 0, avg time: 0.0ms, med: 0.0ms, 90th: 0.0ms, 99th: 0.0ms, 99.9th: 0.0ms","level":"stat"}
{"@timestamp":"2025-06-29T04:57:04.568Z","caller":"stat/usage.go:61","content":"CPU: 1m, MEMORY: Alloc=3.9Mi, TotalAlloc=304.6Mi, Sys=18.8Mi, NumGC=111","level":"stat"}
{"@timestamp":"2025-06-29T04:57:04.589Z","caller":"load/sheddingstat.go:61","content":"(rpc) shedding_stat [1m], cpu: 1, total: 0, pass: 0, drop: 0","level":"stat"}
{"@timestamp":"2025-06-29T04:57:31.436Z","caller":"stat/metrics.go:210","content":"(appuserrpc.rpc) - qps: 0.0/s, drops: 0, avg time: 0.0ms, med: 0.0ms, 90th: 0.0ms, 99th: 0.0ms, 99.9th: 0.0ms","level":"stat"}
{"@timestamp":"2025-06-29T04:58:04.568Z","caller":"stat/usage.go:61","content":"CPU: 1m, MEMORY: Alloc=4.7Mi, TotalAlloc=308.0Mi, Sys=18.8Mi, NumGC=112","level":"stat"}
{"@timestamp":"2025-06-29T04:58:04.589Z","caller":"load/sheddingstat.go:61","content":"(rpc) shedding_stat [1m], cpu: 1, total: 0, pass: 0, drop: 0","level":"stat"}
{"@timestamp":"2025-06-29T04:58:31.436Z","caller":"stat/metrics.go:210","content":"(appuserrpc.rpc) - qps: 0.0/s, drops: 0, avg time: 0.0ms, med: 0.0ms, 90th: 0.0ms, 99th: 0.0ms, 99.9th: 0.0ms","level":"stat"}
{"@timestamp":"2025-06-29T04:59:04.569Z","caller":"stat/usage.go:61","content":"CPU: 0m, MEMORY: Alloc=2.8Mi, TotalAlloc=311.4Mi, Sys=18.8Mi, NumGC=114","level":"stat"}
{"@timestamp":"2025-06-29T04:59:04.589Z","caller":"load/sheddingstat.go:61","content":"(rpc) shedding_stat [1m], cpu: 0, total: 0, pass: 0, drop: 0","level":"stat"}
{"@timestamp":"2025-06-29T04:59:31.437Z","caller":"stat/metrics.go:210","content":"(appuserrpc.rpc) - qps: 0.0/s, drops: 0, avg time: 0.0ms, med: 0.0ms, 90th: 0.0ms, 99th: 0.0ms, 99.9th: 0.0ms","level":"stat"}
{"@timestamp":"2025-06-29T05:00:04.569Z","caller":"stat/usage.go:61","content":"CPU: 0m, MEMORY: Alloc=3.5Mi, TotalAlloc=314.9Mi, Sys=18.8Mi, NumGC=115","level":"stat"}
{"@timestamp":"2025-06-29T05:00:04.589Z","caller":"load/sheddingstat.go:61","content":"(rpc) shedding_stat [1m], cpu: 0, total: 0, pass: 0, drop: 0","level":"stat"}
{"@timestamp":"2025-06-29T05:00:31.437Z","caller":"stat/metrics.go:210","content":"(appuserrpc.rpc) - qps: 0.0/s, drops: 0, avg time: 0.0ms, med: 0.0ms, 90th: 0.0ms, 99th: 0.0ms, 99.9th: 0.0ms","level":"stat"}
{"@timestamp":"2025-06-29T05:01:04.569Z","caller":"stat/usage.go:61","content":"CPU: 0m, MEMORY: Alloc=4.4Mi, TotalAlloc=318.3Mi, Sys=18.8Mi, NumGC=116","level":"stat"}
{"@timestamp":"2025-06-29T05:01:04.589Z","caller":"load/sheddingstat.go:61","content":"(rpc) shedding_stat [1m], cpu: 0, total: 0, pass: 0, drop: 0","level":"stat"}
{"@timestamp":"2025-06-29T05:01:31.437Z","caller":"stat/metrics.go:210","content":"(appuserrpc.rpc) - qps: 0.0/s, drops: 0, avg time: 0.0ms, med: 0.0ms, 90th: 0.0ms, 99th: 0.0ms, 99.9th: 0.0ms","level":"stat"}
{"@timestamp":"2025-06-29T05:02:04.568Z","caller":"stat/usage.go:61","content":"CPU: 0m, MEMORY: Alloc=5.1Mi, TotalAlloc=321.7Mi, Sys=18.8Mi, NumGC=117","level":"stat"}
{"@timestamp":"2025-06-29T05:02:04.588Z","caller":"load/sheddingstat.go:61","content":"(rpc) shedding_stat [1m], cpu: 0, total: 0, pass: 0, drop: 0","level":"stat"}
{"@timestamp":"2025-06-29T05:02:31.437Z","caller":"stat/metrics.go:210","content":"(appuserrpc.rpc) - qps: 0.0/s, drops: 0, avg time: 0.0ms, med: 0.0ms, 90th: 0.0ms, 99th: 0.0ms, 99.9th: 0.0ms","level":"stat"}
{"@timestamp":"2025-06-29T05:03:04.569Z","caller":"stat/usage.go:61","content":"CPU: 0m, MEMORY: Alloc=3.1Mi, TotalAlloc=325.1Mi, Sys=18.8Mi, NumGC=119","level":"stat"}
{"@timestamp":"2025-06-29T05:03:04.588Z","caller":"load/sheddingstat.go:61","content":"(rpc) shedding_stat [1m], cpu: 0, total: 0, pass: 0, drop: 0","level":"stat"}
{"@timestamp":"2025-06-29T05:03:31.436Z","caller":"stat/metrics.go:210","content":"(appuserrpc.rpc) - qps: 0.0/s, drops: 0, avg time: 0.0ms, med: 0.0ms, 90th: 0.0ms, 99th: 0.0ms, 99.9th: 0.0ms","level":"stat"}
{"@timestamp":"2025-06-29T05:04:04.569Z","caller":"stat/usage.go:61","content":"CPU: 0m, MEMORY: Alloc=3.8Mi, TotalAlloc=328.5Mi, Sys=18.8Mi, NumGC=120","level":"stat"}
{"@timestamp":"2025-06-29T05:04:04.589Z","caller":"load/sheddingstat.go:61","content":"(rpc) shedding_stat [1m], cpu: 0, total: 0, pass: 0, drop: 0","level":"stat"}
{"@timestamp":"2025-06-29T05:04:31.436Z","caller":"stat/metrics.go:210","content":"(appuserrpc.rpc) - qps: 0.0/s, drops: 0, avg time: 0.0ms, med: 0.0ms, 90th: 0.0ms, 99th: 0.0ms, 99.9th: 0.0ms","level":"stat"}
{"@timestamp":"2025-06-29T05:05:04.570Z","caller":"stat/usage.go:61","content":"CPU: 0m, MEMORY: Alloc=4.6Mi, TotalAlloc=331.9Mi, Sys=18.8Mi, NumGC=121","level":"stat"}
{"@timestamp":"2025-06-29T05:05:04.588Z","caller":"load/sheddingstat.go:61","content":"(rpc) shedding_stat [1m], cpu: 0, total: 0, pass: 0, drop: 0","level":"stat"}
{"@timestamp":"2025-06-29T05:05:31.437Z","caller":"stat/metrics.go:210","content":"(appuserrpc.rpc) - qps: 0.0/s, drops: 0, avg time: 0.0ms, med: 0.0ms, 90th: 0.0ms, 99th: 0.0ms, 99.9th: 0.0ms","level":"stat"}
{"@timestamp":"2025-06-29T05:06:04.570Z","caller":"stat/usage.go:61","content":"CPU: 0m, MEMORY: Alloc=5.2Mi, TotalAlloc=335.3Mi, Sys=18.8Mi, NumGC=122","level":"stat"}
{"@timestamp":"2025-06-29T05:06:04.589Z","caller":"load/sheddingstat.go:61","content":"(rpc) shedding_stat [1m], cpu: 0, total: 0, pass: 0, drop: 0","level":"stat"}
{"@timestamp":"2025-06-29T05:06:31.436Z","caller":"stat/metrics.go:210","content":"(appuserrpc.rpc) - qps: 0.0/s, drops: 0, avg time: 0.0ms, med: 0.0ms, 90th: 0.0ms, 99th: 0.0ms, 99.9th: 0.0ms","level":"stat"}
{"@timestamp":"2025-06-29T05:07:04.570Z","caller":"stat/usage.go:61","content":"CPU: 0m, MEMORY: Alloc=3.1Mi, TotalAlloc=338.8Mi, Sys=18.8Mi, NumGC=124","level":"stat"}
{"@timestamp":"2025-06-29T05:07:04.588Z","caller":"load/sheddingstat.go:61","content":"(rpc) shedding_stat [1m], cpu: 0, total: 0, pass: 0, drop: 0","level":"stat"}
{"@timestamp":"2025-06-29T05:07:31.437Z","caller":"stat/metrics.go:210","content":"(appuserrpc.rpc) - qps: 0.0/s, drops: 0, avg time: 0.0ms, med: 0.0ms, 90th: 0.0ms, 99th: 0.0ms, 99.9th: 0.0ms","level":"stat"}
{"@timestamp":"2025-06-29T05:08:04.569Z","caller":"stat/usage.go:61","content":"CPU: 0m, MEMORY: Alloc=3.9Mi, TotalAlloc=342.2Mi, Sys=18.8Mi, NumGC=125","level":"stat"}
{"@timestamp":"2025-06-29T05:08:04.590Z","caller":"load/sheddingstat.go:61","content":"(rpc) shedding_stat [1m], cpu: 0, total: 0, pass: 0, drop: 0","level":"stat"}
{"@timestamp":"2025-06-29T05:08:31.436Z","caller":"stat/metrics.go:210","content":"(appuserrpc.rpc) - qps: 0.0/s, drops: 0, avg time: 0.0ms, med: 0.0ms, 90th: 0.0ms, 99th: 0.0ms, 99.9th: 0.0ms","level":"stat"}
{"@timestamp":"2025-06-29T05:09:04.569Z","caller":"stat/usage.go:61","content":"CPU: 0m, MEMORY: Alloc=4.6Mi, TotalAlloc=345.7Mi, Sys=18.8Mi, NumGC=126","level":"stat"}
{"@timestamp":"2025-06-29T05:09:04.588Z","caller":"load/sheddingstat.go:61","content":"(rpc) shedding_stat [1m], cpu: 0, total: 0, pass: 0, drop: 0","level":"stat"}
{"@timestamp":"2025-06-29T05:09:31.437Z","caller":"stat/metrics.go:210","content":"(appuserrpc.rpc) - qps: 0.0/s, drops: 0, avg time: 0.0ms, med: 0.0ms, 90th: 0.0ms, 99th: 0.0ms, 99.9th: 0.0ms","level":"stat"}
{"@timestamp":"2025-06-29T05:10:04.569Z","caller":"stat/usage.go:61","content":"CPU: 0m, MEMORY: Alloc=5.3Mi, TotalAlloc=349.1Mi, Sys=18.8Mi, NumGC=127","level":"stat"}
{"@timestamp":"2025-06-29T05:10:04.589Z","caller":"load/sheddingstat.go:61","content":"(rpc) shedding_stat [1m], cpu: 0, total: 0, pass: 0, drop: 0","level":"stat"}
{"@timestamp":"2025-06-29T05:10:31.437Z","caller":"stat/metrics.go:210","content":"(appuserrpc.rpc) - qps: 0.0/s, drops: 0, avg time: 0.0ms, med: 0.0ms, 90th: 0.0ms, 99th: 0.0ms, 99.9th: 0.0ms","level":"stat"}
{"@timestamp":"2025-06-29T05:11:04.570Z","caller":"stat/usage.go:61","content":"CPU: 1m, MEMORY: Alloc=3.3Mi, TotalAlloc=352.6Mi, Sys=18.8Mi, NumGC=129","level":"stat"}
{"@timestamp":"2025-06-29T05:11:04.589Z","caller":"load/sheddingstat.go:61","content":"(rpc) shedding_stat [1m], cpu: 1, total: 0, pass: 0, drop: 0","level":"stat"}
{"@timestamp":"2025-06-29T05:11:31.436Z","caller":"stat/metrics.go:210","content":"(appuserrpc.rpc) - qps: 0.0/s, drops: 0, avg time: 0.0ms, med: 0.0ms, 90th: 0.0ms, 99th: 0.0ms, 99.9th: 0.0ms","level":"stat"}
{"@timestamp":"2025-06-29T05:12:04.569Z","caller":"stat/usage.go:61","content":"CPU: 0m, MEMORY: Alloc=4.0Mi, TotalAlloc=356.0Mi, Sys=18.8Mi, NumGC=130","level":"stat"}
{"@timestamp":"2025-06-29T05:12:04.588Z","caller":"load/sheddingstat.go:61","content":"(rpc) shedding_stat [1m], cpu: 0, total: 0, pass: 0, drop: 0","level":"stat"}
{"@timestamp":"2025-06-29T05:12:31.436Z","caller":"stat/metrics.go:210","content":"(appuserrpc.rpc) - qps: 0.0/s, drops: 0, avg time: 0.0ms, med: 0.0ms, 90th: 0.0ms, 99th: 0.0ms, 99.9th: 0.0ms","level":"stat"}
{"@timestamp":"2025-06-29T05:13:04.568Z","caller":"stat/usage.go:61","content":"CPU: 1m, MEMORY: Alloc=4.9Mi, TotalAlloc=359.5Mi, Sys=18.8Mi, NumGC=131","level":"stat"}
{"@timestamp":"2025-06-29T05:13:04.589Z","caller":"load/sheddingstat.go:61","content":"(rpc) shedding_stat [1m], cpu: 1, total: 0, pass: 0, drop: 0","level":"stat"}
{"@timestamp":"2025-06-29T05:13:31.436Z","caller":"stat/metrics.go:210","content":"(appuserrpc.rpc) - qps: 0.0/s, drops: 0, avg time: 0.0ms, med: 0.0ms, 90th: 0.0ms, 99th: 0.0ms, 99.9th: 0.0ms","level":"stat"}
{"@timestamp":"2025-06-29T05:14:04.570Z","caller":"stat/usage.go:61","content":"CPU: 0m, MEMORY: Alloc=3.0Mi, TotalAlloc=362.9Mi, Sys=18.8Mi, NumGC=133","level":"stat"}
{"@timestamp":"2025-06-29T05:14:04.588Z","caller":"load/sheddingstat.go:61","content":"(rpc) shedding_stat [1m], cpu: 0, total: 0, pass: 0, drop: 0","level":"stat"}
{"@timestamp":"2025-06-29T05:14:31.436Z","caller":"stat/metrics.go:210","content":"(appuserrpc.rpc) - qps: 0.0/s, drops: 0, avg time: 0.0ms, med: 0.0ms, 90th: 0.0ms, 99th: 0.0ms, 99.9th: 0.0ms","level":"stat"}
{"@timestamp":"2025-06-29T05:15:04.569Z","caller":"stat/usage.go:61","content":"CPU: 1m, MEMORY: Alloc=3.7Mi, TotalAlloc=366.4Mi, Sys=18.8Mi, NumGC=134","level":"stat"}
{"@timestamp":"2025-06-29T05:15:04.588Z","caller":"load/sheddingstat.go:61","content":"(rpc) shedding_stat [1m], cpu: 1, total: 0, pass: 0, drop: 0","level":"stat"}
{"@timestamp":"2025-06-29T05:15:31.436Z","caller":"stat/metrics.go:210","content":"(appuserrpc.rpc) - qps: 0.0/s, drops: 0, avg time: 0.0ms, med: 0.0ms, 90th: 0.0ms, 99th: 0.0ms, 99.9th: 0.0ms","level":"stat"}
{"@timestamp":"2025-06-29T05:16:04.568Z","caller":"stat/usage.go:61","content":"CPU: 0m, MEMORY: Alloc=4.5Mi, TotalAlloc=369.8Mi, Sys=18.8Mi, NumGC=135","level":"stat"}
{"@timestamp":"2025-06-29T05:16:04.589Z","caller":"load/sheddingstat.go:61","content":"(rpc) shedding_stat [1m], cpu: 0, total: 0, pass: 0, drop: 0","level":"stat"}
{"@timestamp":"2025-06-29T05:16:31.436Z","caller":"stat/metrics.go:210","content":"(appuserrpc.rpc) - qps: 0.0/s, drops: 0, avg time: 0.0ms, med: 0.0ms, 90th: 0.0ms, 99th: 0.0ms, 99.9th: 0.0ms","level":"stat"}
{"@timestamp":"2025-06-29T05:17:04.570Z","caller":"stat/usage.go:61","content":"CPU: 1m, MEMORY: Alloc=5.3Mi, TotalAlloc=373.2Mi, Sys=18.8Mi, NumGC=136","level":"stat"}
{"@timestamp":"2025-06-29T05:17:04.589Z","caller":"load/sheddingstat.go:61","content":"(rpc) shedding_stat [1m], cpu: 1, total: 0, pass: 0, drop: 0","level":"stat"}
{"@timestamp":"2025-06-29T05:17:31.436Z","caller":"stat/metrics.go:210","content":"(appuserrpc.rpc) - qps: 0.0/s, drops: 0, avg time: 0.0ms, med: 0.0ms, 90th: 0.0ms, 99th: 0.0ms, 99.9th: 0.0ms","level":"stat"}
{"@timestamp":"2025-06-29T05:18:04.570Z","caller":"stat/usage.go:61","content":"CPU: 1m, MEMORY: Alloc=3.2Mi, TotalAlloc=376.7Mi, Sys=18.8Mi, NumGC=138","level":"stat"}
{"@timestamp":"2025-06-29T05:18:04.588Z","caller":"load/sheddingstat.go:61","content":"(rpc) shedding_stat [1m], cpu: 1, total: 0, pass: 0, drop: 0","level":"stat"}
{"@timestamp":"2025-06-29T05:18:31.437Z","caller":"stat/metrics.go:210","content":"(appuserrpc.rpc) - qps: 0.0/s, drops: 0, avg time: 0.0ms, med: 0.0ms, 90th: 0.0ms, 99th: 0.0ms, 99.9th: 0.0ms","level":"stat"}
{"@timestamp":"2025-06-29T05:19:04.569Z","caller":"stat/usage.go:61","content":"CPU: 1m, MEMORY: Alloc=4.0Mi, TotalAlloc=380.1Mi, Sys=18.8Mi, NumGC=139","level":"stat"}
{"@timestamp":"2025-06-29T05:19:04.588Z","caller":"load/sheddingstat.go:61","content":"(rpc) shedding_stat [1m], cpu: 1, total: 0, pass: 0, drop: 0","level":"stat"}
{"@timestamp":"2025-06-29T05:19:31.436Z","caller":"stat/metrics.go:210","content":"(appuserrpc.rpc) - qps: 0.0/s, drops: 0, avg time: 0.0ms, med: 0.0ms, 90th: 0.0ms, 99th: 0.0ms, 99.9th: 0.0ms","level":"stat"}
{"@timestamp":"2025-06-29T05:20:04.570Z","caller":"stat/usage.go:61","content":"CPU: 1m, MEMORY: Alloc=4.8Mi, TotalAlloc=383.6Mi, Sys=18.8Mi, NumGC=140","level":"stat"}
{"@timestamp":"2025-06-29T05:20:04.589Z","caller":"load/sheddingstat.go:61","content":"(rpc) shedding_stat [1m], cpu: 1, total: 0, pass: 0, drop: 0","level":"stat"}
{"@timestamp":"2025-06-29T05:20:31.437Z","caller":"stat/metrics.go:210","content":"(appuserrpc.rpc) - qps: 0.0/s, drops: 0, avg time: 0.0ms, med: 0.0ms, 90th: 0.0ms, 99th: 0.0ms, 99.9th: 0.0ms","level":"stat"}
{"@timestamp":"2025-06-29T05:21:04.569Z","caller":"stat/usage.go:61","content":"CPU: 2m, MEMORY: Alloc=2.9Mi, TotalAlloc=387.1Mi, Sys=18.8Mi, NumGC=142","level":"stat"}
{"@timestamp":"2025-06-29T05:21:04.589Z","caller":"load/sheddingstat.go:61","content":"(rpc) shedding_stat [1m], cpu: 2, total: 0, pass: 0, drop: 0","level":"stat"}
{"@timestamp":"2025-06-29T05:21:31.437Z","caller":"stat/metrics.go:210","content":"(appuserrpc.rpc) - qps: 0.0/s, drops: 0, avg time: 0.0ms, med: 0.0ms, 90th: 0.0ms, 99th: 0.0ms, 99.9th: 0.0ms","level":"stat"}
{"@timestamp":"2025-06-29T05:22:04.569Z","caller":"stat/usage.go:61","content":"CPU: 0m, MEMORY: Alloc=3.5Mi, TotalAlloc=390.5Mi, Sys=18.8Mi, NumGC=143","level":"stat"}
{"@timestamp":"2025-06-29T05:22:04.589Z","caller":"load/sheddingstat.go:61","content":"(rpc) shedding_stat [1m], cpu: 0, total: 0, pass: 0, drop: 0","level":"stat"}
{"@timestamp":"2025-06-29T05:22:31.436Z","caller":"stat/metrics.go:210","content":"(appuserrpc.rpc) - qps: 0.0/s, drops: 0, avg time: 0.0ms, med: 0.0ms, 90th: 0.0ms, 99th: 0.0ms, 99.9th: 0.0ms","level":"stat"}
{"@timestamp":"2025-06-29T05:23:04.569Z","caller":"stat/usage.go:61","content":"CPU: 0m, MEMORY: Alloc=4.3Mi, TotalAlloc=393.9Mi, Sys=18.8Mi, NumGC=144","level":"stat"}
{"@timestamp":"2025-06-29T05:23:04.588Z","caller":"load/sheddingstat.go:61","content":"(rpc) shedding_stat [1m], cpu: 0, total: 0, pass: 0, drop: 0","level":"stat"}
{"@timestamp":"2025-06-29T05:23:31.436Z","caller":"stat/metrics.go:210","content":"(appuserrpc.rpc) - qps: 0.0/s, drops: 0, avg time: 0.0ms, med: 0.0ms, 90th: 0.0ms, 99th: 0.0ms, 99.9th: 0.0ms","level":"stat"}
{"@timestamp":"2025-06-29T05:24:04.569Z","caller":"stat/usage.go:61","content":"CPU: 0m, MEMORY: Alloc=5.0Mi, TotalAlloc=397.4Mi, Sys=18.8Mi, NumGC=145","level":"stat"}
{"@timestamp":"2025-06-29T05:24:04.588Z","caller":"load/sheddingstat.go:61","content":"(rpc) shedding_stat [1m], cpu: 0, total: 0, pass: 0, drop: 0","level":"stat"}
{"@timestamp":"2025-06-29T05:24:31.437Z","caller":"stat/metrics.go:210","content":"(appuserrpc.rpc) - qps: 0.0/s, drops: 0, avg time: 0.0ms, med: 0.0ms, 90th: 0.0ms, 99th: 0.0ms, 99.9th: 0.0ms","level":"stat"}
{"@timestamp":"2025-06-29T05:25:04.569Z","caller":"stat/usage.go:61","content":"CPU: 0m, MEMORY: Alloc=3.2Mi, TotalAlloc=400.9Mi, Sys=18.8Mi, NumGC=147","level":"stat"}
{"@timestamp":"2025-06-29T05:25:04.589Z","caller":"load/sheddingstat.go:61","content":"(rpc) shedding_stat [1m], cpu: 0, total: 0, pass: 0, drop: 0","level":"stat"}
{"@timestamp":"2025-06-29T05:25:31.437Z","caller":"stat/metrics.go:210","content":"(appuserrpc.rpc) - qps: 0.0/s, drops: 0, avg time: 0.0ms, med: 0.0ms, 90th: 0.0ms, 99th: 0.0ms, 99.9th: 0.0ms","level":"stat"}
{"@timestamp":"2025-06-29T05:26:04.570Z","caller":"stat/usage.go:61","content":"CPU: 0m, MEMORY: Alloc=3.9Mi, TotalAlloc=404.3Mi, Sys=18.8Mi, NumGC=148","level":"stat"}
{"@timestamp":"2025-06-29T05:26:04.588Z","caller":"load/sheddingstat.go:61","content":"(rpc) shedding_stat [1m], cpu: 0, total: 0, pass: 0, drop: 0","level":"stat"}
{"@timestamp":"2025-06-29T05:26:31.437Z","caller":"stat/metrics.go:210","content":"(appuserrpc.rpc) - qps: 0.0/s, drops: 0, avg time: 0.0ms, med: 0.0ms, 90th: 0.0ms, 99th: 0.0ms, 99.9th: 0.0ms","level":"stat"}
{"@timestamp":"2025-06-29T05:27:04.568Z","caller":"stat/usage.go:61","content":"CPU: 21m, MEMORY: Alloc=4.6Mi, TotalAlloc=407.7Mi, Sys=18.8Mi, NumGC=149","level":"stat"}
{"@timestamp":"2025-06-29T05:27:04.589Z","caller":"load/sheddingstat.go:61","content":"(rpc) shedding_stat [1m], cpu: 21, total: 0, pass: 0, drop: 0","level":"stat"}
{"@timestamp":"2025-06-29T05:27:31.436Z","caller":"stat/metrics.go:210","content":"(appuserrpc.rpc) - qps: 0.0/s, drops: 0, avg time: 0.0ms, med: 0.0ms, 90th: 0.0ms, 99th: 0.0ms, 99.9th: 0.0ms","level":"stat"}
{"@timestamp":"2025-06-29T05:28:04.569Z","caller":"stat/usage.go:61","content":"CPU: 70m, MEMORY: Alloc=5.2Mi, TotalAlloc=411.1Mi, Sys=18.8Mi, NumGC=150","level":"stat"}
{"@timestamp":"2025-06-29T05:28:04.589Z","caller":"load/sheddingstat.go:61","content":"(rpc) shedding_stat [1m], cpu: 70, total: 0, pass: 0, drop: 0","level":"stat"}
{"@timestamp":"2025-06-29T05:28:31.436Z","caller":"stat/metrics.go:210","content":"(appuserrpc.rpc) - qps: 0.0/s, drops: 0, avg time: 0.0ms, med: 0.0ms, 90th: 0.0ms, 99th: 0.0ms, 99.9th: 0.0ms","level":"stat"}
{"@timestamp":"2025-06-29T05:29:04.570Z","caller":"stat/usage.go:61","content":"CPU: 2m, MEMORY: Alloc=3.2Mi, TotalAlloc=414.6Mi, Sys=18.8Mi, NumGC=152","level":"stat"}
{"@timestamp":"2025-06-29T05:29:04.589Z","caller":"load/sheddingstat.go:61","content":"(rpc) shedding_stat [1m], cpu: 2, total: 0, pass: 0, drop: 0","level":"stat"}
{"@timestamp":"2025-06-29T05:29:31.437Z","caller":"stat/metrics.go:210","content":"(appuserrpc.rpc) - qps: 0.0/s, drops: 0, avg time: 0.0ms, med: 0.0ms, 90th: 0.0ms, 99th: 0.0ms, 99.9th: 0.0ms","level":"stat"}
{"@timestamp":"2025-06-29T05:30:04.570Z","caller":"stat/usage.go:61","content":"CPU: 2m, MEMORY: Alloc=3.8Mi, TotalAlloc=418.0Mi, Sys=18.8Mi, NumGC=153","level":"stat"}
{"@timestamp":"2025-06-29T05:30:04.589Z","caller":"load/sheddingstat.go:61","content":"(rpc) shedding_stat [1m], cpu: 2, total: 0, pass: 0, drop: 0","level":"stat"}
{"@timestamp":"2025-06-29T05:30:31.437Z","caller":"stat/metrics.go:210","content":"(appuserrpc.rpc) - qps: 0.0/s, drops: 0, avg time: 0.0ms, med: 0.0ms, 90th: 0.0ms, 99th: 0.0ms, 99.9th: 0.0ms","level":"stat"}
{"@timestamp":"2025-06-29T05:31:04.569Z","caller":"stat/usage.go:61","content":"CPU: 1m, MEMORY: Alloc=4.7Mi, TotalAlloc=421.4Mi, Sys=18.8Mi, NumGC=154","level":"stat"}
{"@timestamp":"2025-06-29T05:31:04.589Z","caller":"load/sheddingstat.go:61","content":"(rpc) shedding_stat [1m], cpu: 1, total: 0, pass: 0, drop: 0","level":"stat"}
{"@timestamp":"2025-06-29T05:31:31.437Z","caller":"stat/metrics.go:210","content":"(appuserrpc.rpc) - qps: 0.0/s, drops: 0, avg time: 0.0ms, med: 0.0ms, 90th: 0.0ms, 99th: 0.0ms, 99.9th: 0.0ms","level":"stat"}
{"@timestamp":"2025-06-29T05:32:04.569Z","caller":"stat/usage.go:61","content":"CPU: 0m, MEMORY: Alloc=5.3Mi, TotalAlloc=424.8Mi, Sys=18.8Mi, NumGC=155","level":"stat"}
{"@timestamp":"2025-06-29T05:32:04.589Z","caller":"load/sheddingstat.go:61","content":"(rpc) shedding_stat [1m], cpu: 0, total: 0, pass: 0, drop: 0","level":"stat"}
{"@timestamp":"2025-06-29T05:32:31.436Z","caller":"stat/metrics.go:210","content":"(appuserrpc.rpc) - qps: 0.0/s, drops: 0, avg time: 0.0ms, med: 0.0ms, 90th: 0.0ms, 99th: 0.0ms, 99.9th: 0.0ms","level":"stat"}
{"@timestamp":"2025-06-29T05:33:04.568Z","caller":"stat/usage.go:61","content":"CPU: 5m, MEMORY: Alloc=3.3Mi, TotalAlloc=428.3Mi, Sys=18.8Mi, NumGC=157","level":"stat"}
{"@timestamp":"2025-06-29T05:33:04.589Z","caller":"load/sheddingstat.go:61","content":"(rpc) shedding_stat [1m], cpu: 5, total: 0, pass: 0, drop: 0","level":"stat"}
{"@timestamp":"2025-06-29T05:33:31.437Z","caller":"stat/metrics.go:210","content":"(appuserrpc.rpc) - qps: 0.0/s, drops: 0, avg time: 0.0ms, med: 0.0ms, 90th: 0.0ms, 99th: 0.0ms, 99.9th: 0.0ms","level":"stat"}
