{"@timestamp":"2025-06-29T10:10:43.372Z","caller":"consul@v0.0.0-20231030135404-af9ae855016f/register.go:80","content":"update ttl","level":"info"}
{"@timestamp":"2025-06-29T10:10:51.986Z","caller":"proc/shutdown.go:84","content":"Got signal 2, shutting down...","level":"info"}
{"@timestamp":"2025-06-29T15:22:57.160Z","caller":"rpc/oauserrpc.go:46","content":"consul register service success: oauserrpc.rpc","level":"info"}
{"@timestamp":"2025-06-29T15:23:16.168Z","caller":"consul@v0.0.0-20231030135404-af9ae855016f/register.go:80","content":"update ttl","level":"info"}
{"@timestamp":"2025-06-29T15:23:35.168Z","caller":"consul@v0.0.0-20231030135404-af9ae855016f/register.go:80","content":"update ttl","level":"info"}
{"@timestamp":"2025-06-29T15:23:54.171Z","caller":"consul@v0.0.0-20231030135404-af9ae855016f/register.go:80","content":"update ttl","level":"info"}
{"@timestamp":"2025-06-29T15:24:13.168Z","caller":"consul@v0.0.0-20231030135404-af9ae855016f/register.go:80","content":"update ttl","level":"info"}
{"@timestamp":"2025-06-29T15:24:32.169Z","caller":"consul@v0.0.0-20231030135404-af9ae855016f/register.go:80","content":"update ttl","level":"info"}
{"@timestamp":"2025-06-29T15:24:51.167Z","caller":"consul@v0.0.0-20231030135404-af9ae855016f/register.go:80","content":"update ttl","level":"info"}
{"@timestamp":"2025-06-29T15:25:10.205Z","caller":"consul@v0.0.0-20231030135404-af9ae855016f/register.go:80","content":"update ttl","level":"info"}
{"@timestamp":"2025-06-29T15:25:29.169Z","caller":"consul@v0.0.0-20231030135404-af9ae855016f/register.go:80","content":"update ttl","level":"info"}
{"@timestamp":"2025-06-29T15:25:48.168Z","caller":"consul@v0.0.0-20231030135404-af9ae855016f/register.go:80","content":"update ttl","level":"info"}
{"@timestamp":"2025-06-29T15:26:07.204Z","caller":"consul@v0.0.0-20231030135404-af9ae855016f/register.go:80","content":"update ttl","level":"info"}
{"@timestamp":"2025-06-29T15:26:26.170Z","caller":"consul@v0.0.0-20231030135404-af9ae855016f/register.go:80","content":"update ttl","level":"info"}
{"@timestamp":"2025-06-29T15:26:26.478Z","caller":"sqlx/stmt.go:274","content":"sql query: select `id`,`phone`,`password_hash`,`name`,`nickname`,`age`,`gender`,`role`,`status`,`created_at`,`updated_at` from `oa_users` where `phone` = '13452552349' limit 1","duration":"3.0ms","level":"info","span":"6b9256d1cfd54815","trace":"f1597ceb82efaa43eea802d1ff8eec2b"}
{"@timestamp":"2025-06-29T15:26:26.578Z","caller":"sqlx/stmt.go:274","content":"sql exec: insert into `oa_users` (`phone`,`password_hash`,`name`,`nickname`,`age`,`gender`,`role`,`status`) values ('13452552349', '$2a$10$OvlQjaSG3qSItY/qb1JPsOheT9tJv7UMpOq6BgNJDz/u.yynk/vDG', '', '', 0, 0, 'operator', 1)","duration":"6.8ms","level":"info","span":"753c6e79c9184333","trace":"f1597ceb82efaa43eea802d1ff8eec2b"}
{"@timestamp":"2025-06-29T15:26:26.579Z","caller":"serverinterceptors/statinterceptor.go:90","content":"10.10.10.6:42662 - /oauser.OaUser/Register - {\"phone\":\"13452552349\",\"password\":\"13452552349\"}","duration":"132.4ms","level":"info","span":"453a8964aef72a30","trace":"f1597ceb82efaa43eea802d1ff8eec2b"}
{"@timestamp":"2025-06-29T15:26:41.289Z","caller":"sqlx/stmt.go:274","content":"sql query: select `id`,`phone`,`password_hash`,`name`,`nickname`,`age`,`gender`,`role`,`status`,`created_at`,`updated_at` from `oa_users` where `phone` = '13452552349' limit 1","duration":"1.5ms","level":"info","span":"b94fe61fd8d5d0c0","trace":"2b0deb2134a0f04a086e42270ee99116"}
{"@timestamp":"2025-06-29T15:26:41.291Z","caller":"serverinterceptors/statinterceptor.go:90","content":"10.10.10.6:42662 - /oauser.OaUser/Register - {\"phone\":\"13452552349\",\"password\":\"13452552349\"}","duration":"4.3ms","level":"info","span":"c0ae5bf870540f8d","trace":"2b0deb2134a0f04a086e42270ee99116"}
{"@timestamp":"2025-06-29T15:26:45.204Z","caller":"consul@v0.0.0-20231030135404-af9ae855016f/register.go:80","content":"update ttl","level":"info"}
{"@timestamp":"2025-06-29T15:26:54.814Z","caller":"serverinterceptors/statinterceptor.go:90","content":"10.10.10.6:42662 - /oauser.OaUser/Login - {\"phone\":\"13452552349\",\"password\":\"13452552349\"}","duration":"107.5ms","level":"info","span":"0890bf2c8a1bbaed","trace":"3eec8ca76cbbafa11d7a498024be038f"}
{"@timestamp":"2025-06-29T15:27:04.203Z","caller":"consul@v0.0.0-20231030135404-af9ae855016f/register.go:80","content":"update ttl","level":"info"}
{"@timestamp":"2025-06-29T15:27:07.293Z","caller":"serverinterceptors/statinterceptor.go:90","content":"10.10.10.6:42662 - /oauser.OaUser/Login - {\"phone\":\"13452552349\",\"password\":\"13452552349\"}","duration":"94.1ms","level":"info","span":"086a707921d90f16","trace":"c23ed5303014221e79c27e6eb9d7d8d1"}
{"@timestamp":"2025-06-29T15:27:23.169Z","caller":"consul@v0.0.0-20231030135404-af9ae855016f/register.go:80","content":"update ttl","level":"info"}
{"@timestamp":"2025-06-29T15:27:42.167Z","caller":"consul@v0.0.0-20231030135404-af9ae855016f/register.go:80","content":"update ttl","level":"info"}
{"@timestamp":"2025-06-29T15:27:54.781Z","caller":"serverinterceptors/statinterceptor.go:90","content":"10.10.10.6:42662 - /oauser.OaUser/Login - {\"phone\":\"13452552349\",\"password\":\"13452552349\"}","duration":"93.8ms","level":"info","span":"4ad50d0beea14a80","trace":"2a8225c7215e52bf452a69cc2837ae6c"}
{"@timestamp":"2025-06-29T15:28:01.168Z","caller":"consul@v0.0.0-20231030135404-af9ae855016f/register.go:80","content":"update ttl","level":"info"}
{"@timestamp":"2025-06-29T15:28:06.080Z","caller":"serverinterceptors/statinterceptor.go:90","content":"10.10.10.6:42662 - /oauser.OaUser/Login - {\"phone\":\"13452552349\",\"password\":\"13452552349\"}","duration":"98.0ms","level":"info","span":"40be2ad57235d274","trace":"e97047842c5d1976d59bb558abf54915"}
{"@timestamp":"2025-06-29T15:28:20.169Z","caller":"consul@v0.0.0-20231030135404-af9ae855016f/register.go:80","content":"update ttl","level":"info"}
{"@timestamp":"2025-06-29T15:28:24.026Z","caller":"serverinterceptors/statinterceptor.go:90","content":"10.10.10.6:42662 - /oauser.OaUser/Login - {\"phone\":\"13452552349\",\"password\":\"13452552349\"}","duration":"118.1ms","level":"info","span":"c9764d49221e92cb","trace":"92c98fafdd663197beea19920105793d"}
{"@timestamp":"2025-06-29T15:28:33.381Z","caller":"serverinterceptors/statinterceptor.go:90","content":"10.10.10.6:42662 - /oauser.OaUser/Login - {\"phone\":\"13452552349\",\"password\":\"13452552349\"}","duration":"93.9ms","level":"info","span":"ce1afd9b1b6a375f","trace":"fb9d8f65a579184606a6a45c9ccca56c"}
{"@timestamp":"2025-06-29T15:28:39.169Z","caller":"consul@v0.0.0-20231030135404-af9ae855016f/register.go:80","content":"update ttl","level":"info"}
{"@timestamp":"2025-06-29T15:28:58.203Z","caller":"consul@v0.0.0-20231030135404-af9ae855016f/register.go:80","content":"update ttl","level":"info"}
{"@timestamp":"2025-06-29T15:29:05.449Z","caller":"serverinterceptors/statinterceptor.go:90","content":"10.10.10.6:42662 - /oauser.OaUser/Login - {\"phone\":\"13452552349\",\"password\":\"13452552349\"}","duration":"120.6ms","level":"info","span":"f6b6b9e13555c406","trace":"561c286e9ffb0a7d0678596d0d5d903f"}
{"@timestamp":"2025-06-29T15:29:17.171Z","caller":"consul@v0.0.0-20231030135404-af9ae855016f/register.go:80","content":"update ttl","level":"info"}
{"@timestamp":"2025-06-29T15:29:36.169Z","caller":"consul@v0.0.0-20231030135404-af9ae855016f/register.go:80","content":"update ttl","level":"info"}
{"@timestamp":"2025-06-29T15:29:37.059Z","caller":"serverinterceptors/statinterceptor.go:90","content":"10.10.10.6:42662 - /oauser.OaUser/Login - {\"phone\":\"13452552349\",\"password\":\"13452552349\"}","duration":"119.4ms","level":"info","span":"8e9e70a37de1bbe2","trace":"4e7fcf9675c9f25b3ea3f71cbc8b40be"}
{"@timestamp":"2025-06-29T15:29:55.167Z","caller":"consul@v0.0.0-20231030135404-af9ae855016f/register.go:80","content":"update ttl","level":"info"}
{"@timestamp":"2025-06-29T15:30:14.166Z","caller":"consul@v0.0.0-20231030135404-af9ae855016f/register.go:80","content":"update ttl","level":"info"}
{"@timestamp":"2025-06-29T15:30:33.169Z","caller":"consul@v0.0.0-20231030135404-af9ae855016f/register.go:80","content":"update ttl","level":"info"}
{"@timestamp":"2025-06-29T15:30:52.169Z","caller":"consul@v0.0.0-20231030135404-af9ae855016f/register.go:80","content":"update ttl","level":"info"}
{"@timestamp":"2025-06-29T15:31:11.169Z","caller":"consul@v0.0.0-20231030135404-af9ae855016f/register.go:80","content":"update ttl","level":"info"}
{"@timestamp":"2025-06-29T15:31:30.168Z","caller":"consul@v0.0.0-20231030135404-af9ae855016f/register.go:80","content":"update ttl","level":"info"}
{"@timestamp":"2025-06-29T15:31:49.204Z","caller":"consul@v0.0.0-20231030135404-af9ae855016f/register.go:80","content":"update ttl","level":"info"}
{"@timestamp":"2025-06-29T15:32:08.166Z","caller":"consul@v0.0.0-20231030135404-af9ae855016f/register.go:80","content":"update ttl","level":"info"}
{"@timestamp":"2025-06-29T15:32:27.167Z","caller":"consul@v0.0.0-20231030135404-af9ae855016f/register.go:80","content":"update ttl","level":"info"}
{"@timestamp":"2025-06-29T15:32:37.434Z","caller":"proc/shutdown.go:84","content":"Got signal 2, shutting down...","level":"info"}
{"@timestamp":"2025-06-30T04:57:07.598Z","caller":"rpc/oauserrpc.go:46","content":"consul register service success: oauserrpc.rpc","level":"info"}
{"@timestamp":"2025-06-30T04:57:26.602Z","caller":"consul@v0.0.0-20231030135404-af9ae855016f/register.go:80","content":"update ttl","level":"info"}
{"@timestamp":"2025-06-30T04:57:45.602Z","caller":"consul@v0.0.0-20231030135404-af9ae855016f/register.go:80","content":"update ttl","level":"info"}
{"@timestamp":"2025-06-30T04:58:04.602Z","caller":"consul@v0.0.0-20231030135404-af9ae855016f/register.go:80","content":"update ttl","level":"info"}
{"@timestamp":"2025-06-30T04:58:23.604Z","caller":"consul@v0.0.0-20231030135404-af9ae855016f/register.go:80","content":"update ttl","level":"info"}
{"@timestamp":"2025-06-30T04:58:42.602Z","caller":"consul@v0.0.0-20231030135404-af9ae855016f/register.go:80","content":"update ttl","level":"info"}
{"@timestamp":"2025-06-30T04:59:01.604Z","caller":"consul@v0.0.0-20231030135404-af9ae855016f/register.go:80","content":"update ttl","level":"info"}
{"@timestamp":"2025-06-30T04:59:14.331Z","caller":"proc/shutdown.go:84","content":"Got signal 15, shutting down...","level":"info"}
{"@timestamp":"2025-06-30T04:59:15.340Z","caller":"consul@v0.0.0-20231030135404-af9ae855016f/register.go:92","content":"deregistered service from consul server.","level":"info"}
{"@timestamp":"2025-06-30T06:51:29.642Z","caller":"rpc/oauserrpc.go:43","content":"consul register service success: oauserrpc.rpc","level":"info"}
{"@timestamp":"2025-06-30T06:51:48.647Z","caller":"consul@v0.0.0-20231030135404-af9ae855016f/register.go:80","content":"update ttl","level":"info"}
{"@timestamp":"2025-06-30T06:52:07.647Z","caller":"consul@v0.0.0-20231030135404-af9ae855016f/register.go:80","content":"update ttl","level":"info"}
{"@timestamp":"2025-06-30T06:52:26.650Z","caller":"consul@v0.0.0-20231030135404-af9ae855016f/register.go:80","content":"update ttl","level":"info"}
{"@timestamp":"2025-06-30T06:52:45.647Z","caller":"consul@v0.0.0-20231030135404-af9ae855016f/register.go:80","content":"update ttl","level":"info"}
{"@timestamp":"2025-06-30T06:53:04.647Z","caller":"consul@v0.0.0-20231030135404-af9ae855016f/register.go:80","content":"update ttl","level":"info"}
{"@timestamp":"2025-06-30T06:53:23.648Z","caller":"consul@v0.0.0-20231030135404-af9ae855016f/register.go:80","content":"update ttl","level":"info"}
{"@timestamp":"2025-06-30T06:53:42.647Z","caller":"consul@v0.0.0-20231030135404-af9ae855016f/register.go:80","content":"update ttl","level":"info"}
{"@timestamp":"2025-06-30T06:54:01.648Z","caller":"consul@v0.0.0-20231030135404-af9ae855016f/register.go:80","content":"update ttl","level":"info"}
{"@timestamp":"2025-06-30T06:54:20.647Z","caller":"consul@v0.0.0-20231030135404-af9ae855016f/register.go:80","content":"update ttl","level":"info"}
{"@timestamp":"2025-06-30T06:54:39.647Z","caller":"consul@v0.0.0-20231030135404-af9ae855016f/register.go:80","content":"update ttl","level":"info"}
{"@timestamp":"2025-06-30T06:54:58.649Z","caller":"consul@v0.0.0-20231030135404-af9ae855016f/register.go:80","content":"update ttl","level":"info"}
{"@timestamp":"2025-06-30T06:55:17.647Z","caller":"consul@v0.0.0-20231030135404-af9ae855016f/register.go:80","content":"update ttl","level":"info"}
{"@timestamp":"2025-06-30T06:55:36.647Z","caller":"consul@v0.0.0-20231030135404-af9ae855016f/register.go:80","content":"update ttl","level":"info"}
{"@timestamp":"2025-06-30T06:55:55.647Z","caller":"consul@v0.0.0-20231030135404-af9ae855016f/register.go:80","content":"update ttl","level":"info"}
{"@timestamp":"2025-06-30T06:56:14.648Z","caller":"consul@v0.0.0-20231030135404-af9ae855016f/register.go:80","content":"update ttl","level":"info"}
{"@timestamp":"2025-06-30T06:56:33.647Z","caller":"consul@v0.0.0-20231030135404-af9ae855016f/register.go:80","content":"update ttl","level":"info"}
{"@timestamp":"2025-06-30T06:56:52.647Z","caller":"consul@v0.0.0-20231030135404-af9ae855016f/register.go:80","content":"update ttl","level":"info"}
{"@timestamp":"2025-06-30T06:57:11.647Z","caller":"consul@v0.0.0-20231030135404-af9ae855016f/register.go:80","content":"update ttl","level":"info"}
{"@timestamp":"2025-06-30T06:57:30.648Z","caller":"consul@v0.0.0-20231030135404-af9ae855016f/register.go:80","content":"update ttl","level":"info"}
{"@timestamp":"2025-06-30T06:57:49.650Z","caller":"consul@v0.0.0-20231030135404-af9ae855016f/register.go:80","content":"update ttl","level":"info"}
{"@timestamp":"2025-06-30T06:58:08.648Z","caller":"consul@v0.0.0-20231030135404-af9ae855016f/register.go:80","content":"update ttl","level":"info"}
{"@timestamp":"2025-06-30T06:58:27.650Z","caller":"consul@v0.0.0-20231030135404-af9ae855016f/register.go:80","content":"update ttl","level":"info"}
{"@timestamp":"2025-06-30T06:58:46.647Z","caller":"consul@v0.0.0-20231030135404-af9ae855016f/register.go:80","content":"update ttl","level":"info"}
{"@timestamp":"2025-06-30T06:59:05.648Z","caller":"consul@v0.0.0-20231030135404-af9ae855016f/register.go:80","content":"update ttl","level":"info"}
{"@timestamp":"2025-06-30T06:59:24.647Z","caller":"consul@v0.0.0-20231030135404-af9ae855016f/register.go:80","content":"update ttl","level":"info"}
{"@timestamp":"2025-06-30T06:59:43.647Z","caller":"consul@v0.0.0-20231030135404-af9ae855016f/register.go:80","content":"update ttl","level":"info"}
{"@timestamp":"2025-06-30T07:00:02.647Z","caller":"consul@v0.0.0-20231030135404-af9ae855016f/register.go:80","content":"update ttl","level":"info"}
{"@timestamp":"2025-06-30T07:00:21.648Z","caller":"consul@v0.0.0-20231030135404-af9ae855016f/register.go:80","content":"update ttl","level":"info"}
{"@timestamp":"2025-06-30T07:00:40.646Z","caller":"consul@v0.0.0-20231030135404-af9ae855016f/register.go:80","content":"update ttl","level":"info"}
{"@timestamp":"2025-06-30T07:00:59.648Z","caller":"consul@v0.0.0-20231030135404-af9ae855016f/register.go:80","content":"update ttl","level":"info"}
{"@timestamp":"2025-06-30T07:01:18.646Z","caller":"consul@v0.0.0-20231030135404-af9ae855016f/register.go:80","content":"update ttl","level":"info"}
{"@timestamp":"2025-06-30T07:01:37.648Z","caller":"consul@v0.0.0-20231030135404-af9ae855016f/register.go:80","content":"update ttl","level":"info"}
{"@timestamp":"2025-06-30T07:01:56.648Z","caller":"consul@v0.0.0-20231030135404-af9ae855016f/register.go:80","content":"update ttl","level":"info"}
{"@timestamp":"2025-06-30T07:02:15.647Z","caller":"consul@v0.0.0-20231030135404-af9ae855016f/register.go:80","content":"update ttl","level":"info"}
{"@timestamp":"2025-06-30T07:02:34.647Z","caller":"consul@v0.0.0-20231030135404-af9ae855016f/register.go:80","content":"update ttl","level":"info"}
{"@timestamp":"2025-06-30T07:02:53.648Z","caller":"consul@v0.0.0-20231030135404-af9ae855016f/register.go:80","content":"update ttl","level":"info"}
{"@timestamp":"2025-06-30T07:03:12.647Z","caller":"consul@v0.0.0-20231030135404-af9ae855016f/register.go:80","content":"update ttl","level":"info"}
{"@timestamp":"2025-06-30T07:03:31.648Z","caller":"consul@v0.0.0-20231030135404-af9ae855016f/register.go:80","content":"update ttl","level":"info"}
{"@timestamp":"2025-06-30T07:03:50.654Z","caller":"consul@v0.0.0-20231030135404-af9ae855016f/register.go:80","content":"update ttl","level":"info"}
{"@timestamp":"2025-06-30T07:04:09.650Z","caller":"consul@v0.0.0-20231030135404-af9ae855016f/register.go:80","content":"update ttl","level":"info"}
{"@timestamp":"2025-06-30T07:04:28.646Z","caller":"consul@v0.0.0-20231030135404-af9ae855016f/register.go:80","content":"update ttl","level":"info"}
{"@timestamp":"2025-06-30T07:04:47.647Z","caller":"consul@v0.0.0-20231030135404-af9ae855016f/register.go:80","content":"update ttl","level":"info"}
{"@timestamp":"2025-06-30T07:05:06.648Z","caller":"consul@v0.0.0-20231030135404-af9ae855016f/register.go:80","content":"update ttl","level":"info"}
{"@timestamp":"2025-06-30T07:05:25.648Z","caller":"consul@v0.0.0-20231030135404-af9ae855016f/register.go:80","content":"update ttl","level":"info"}
{"@timestamp":"2025-06-30T07:05:44.649Z","caller":"consul@v0.0.0-20231030135404-af9ae855016f/register.go:80","content":"update ttl","level":"info"}
{"@timestamp":"2025-06-30T07:06:03.647Z","caller":"consul@v0.0.0-20231030135404-af9ae855016f/register.go:80","content":"update ttl","level":"info"}
{"@timestamp":"2025-06-30T07:06:22.649Z","caller":"consul@v0.0.0-20231030135404-af9ae855016f/register.go:80","content":"update ttl","level":"info"}
{"@timestamp":"2025-06-30T07:06:41.647Z","caller":"consul@v0.0.0-20231030135404-af9ae855016f/register.go:80","content":"update ttl","level":"info"}
{"@timestamp":"2025-06-30T07:07:00.648Z","caller":"consul@v0.0.0-20231030135404-af9ae855016f/register.go:80","content":"update ttl","level":"info"}
{"@timestamp":"2025-06-30T07:07:19.647Z","caller":"consul@v0.0.0-20231030135404-af9ae855016f/register.go:80","content":"update ttl","level":"info"}
{"@timestamp":"2025-06-30T07:07:28.265Z","caller":"proc/shutdown.go:84","content":"Got signal 15, shutting down...","level":"info"}
{"@timestamp":"2025-06-30T07:07:29.274Z","caller":"consul@v0.0.0-20231030135404-af9ae855016f/register.go:92","content":"deregistered service from consul server.","level":"info"}
{"@timestamp":"2025-06-30T07:11:03.729Z","caller":"rpc/oauserrpc.go:43","content":"consul register service success: oauserrpc.rpc","level":"info"}
{"@timestamp":"2025-06-30T07:11:22.737Z","caller":"consul@v0.0.0-20231030135404-af9ae855016f/register.go:80","content":"update ttl","level":"info"}
{"@timestamp":"2025-06-30T07:11:41.736Z","caller":"consul@v0.0.0-20231030135404-af9ae855016f/register.go:80","content":"update ttl","level":"info"}
{"@timestamp":"2025-06-30T07:12:00.737Z","caller":"consul@v0.0.0-20231030135404-af9ae855016f/register.go:80","content":"update ttl","level":"info"}
{"@timestamp":"2025-06-30T07:12:19.734Z","caller":"consul@v0.0.0-20231030135404-af9ae855016f/register.go:80","content":"update ttl","level":"info"}
{"@timestamp":"2025-06-30T07:12:38.734Z","caller":"consul@v0.0.0-20231030135404-af9ae855016f/register.go:80","content":"update ttl","level":"info"}
{"@timestamp":"2025-06-30T07:12:57.733Z","caller":"consul@v0.0.0-20231030135404-af9ae855016f/register.go:80","content":"update ttl","level":"info"}
{"@timestamp":"2025-06-30T07:13:16.734Z","caller":"consul@v0.0.0-20231030135404-af9ae855016f/register.go:80","content":"update ttl","level":"info"}
{"@timestamp":"2025-06-30T07:13:35.735Z","caller":"consul@v0.0.0-20231030135404-af9ae855016f/register.go:80","content":"update ttl","level":"info"}
{"@timestamp":"2025-06-30T07:13:54.735Z","caller":"consul@v0.0.0-20231030135404-af9ae855016f/register.go:80","content":"update ttl","level":"info"}
{"@timestamp":"2025-06-30T07:13:56.750Z","caller":"proc/shutdown.go:84","content":"Got signal 15, shutting down...","level":"info"}
{"@timestamp":"2025-06-30T07:13:57.760Z","caller":"consul@v0.0.0-20231030135404-af9ae855016f/register.go:92","content":"deregistered service from consul server.","level":"info"}
{"@timestamp":"2025-06-30T07:18:09.104Z","caller":"rpc/oauserrpc.go:43","content":"consul register service success: oauserrpc.rpc","level":"info"}
{"@timestamp":"2025-06-30T07:18:28.110Z","caller":"consul@v0.0.0-20231030135404-af9ae855016f/register.go:80","content":"update ttl","level":"info"}
{"@timestamp":"2025-06-30T07:18:47.111Z","caller":"consul@v0.0.0-20231030135404-af9ae855016f/register.go:80","content":"update ttl","level":"info"}
{"@timestamp":"2025-06-30T07:19:06.112Z","caller":"consul@v0.0.0-20231030135404-af9ae855016f/register.go:80","content":"update ttl","level":"info"}
{"@timestamp":"2025-06-30T07:19:25.137Z","caller":"consul@v0.0.0-20231030135404-af9ae855016f/register.go:80","content":"update ttl","level":"info"}
{"@timestamp":"2025-06-30T07:19:44.109Z","caller":"consul@v0.0.0-20231030135404-af9ae855016f/register.go:80","content":"update ttl","level":"info"}
{"@timestamp":"2025-06-30T07:20:03.108Z","caller":"consul@v0.0.0-20231030135404-af9ae855016f/register.go:80","content":"update ttl","level":"info"}
{"@timestamp":"2025-06-30T07:20:22.137Z","caller":"consul@v0.0.0-20231030135404-af9ae855016f/register.go:80","content":"update ttl","level":"info"}
{"@timestamp":"2025-06-30T07:20:33.032Z","caller":"proc/shutdown.go:84","content":"Got signal 15, shutting down...","level":"info"}
{"@timestamp":"2025-06-30T07:20:34.042Z","caller":"consul@v0.0.0-20231030135404-af9ae855016f/register.go:92","content":"deregistered service from consul server.","level":"info"}
{"@timestamp":"2025-06-30T07:20:48.008Z","caller":"rpc/oauserrpc.go:43","content":"consul register service success: oauserrpc.rpc","level":"info"}
{"@timestamp":"2025-06-30T07:21:07.013Z","caller":"consul@v0.0.0-20231030135404-af9ae855016f/register.go:80","content":"update ttl","level":"info"}
{"@timestamp":"2025-06-30T07:21:26.012Z","caller":"consul@v0.0.0-20231030135404-af9ae855016f/register.go:80","content":"update ttl","level":"info"}
{"@timestamp":"2025-06-30T07:21:45.016Z","caller":"consul@v0.0.0-20231030135404-af9ae855016f/register.go:80","content":"update ttl","level":"info"}
{"@timestamp":"2025-06-30T07:21:50.842Z","caller":"serverinterceptors/statinterceptor.go:90","content":"10.10.10.6:53724 - /oauser.OaUser/Login - {\"phone\":\"13452552349\",\"password\":\"13452552348\"}","duration":"0.4ms","level":"info","span":"ec728aff1d5ca0a0","trace":"ac055dc1a26d56567bc39d6e5f5caad0"}
{"@timestamp":"2025-06-30T07:22:04.012Z","caller":"consul@v0.0.0-20231030135404-af9ae855016f/register.go:80","content":"update ttl","level":"info"}
{"@timestamp":"2025-06-30T07:22:23.014Z","caller":"consul@v0.0.0-20231030135404-af9ae855016f/register.go:80","content":"update ttl","level":"info"}
{"@timestamp":"2025-06-30T07:22:27.097Z","caller":"serverinterceptors/statinterceptor.go:90","content":"10.10.10.6:53724 - /oauser.OaUser/Login - {\"phone\":\"13452552349\",\"password\":\"13452552348\"}","duration":"0.3ms","level":"info","span":"a031ecc9fa290440","trace":"831fdc6d9da67f7fff9b322b48db2661"}
{"@timestamp":"2025-06-30T07:22:39.584Z","caller":"serverinterceptors/statinterceptor.go:90","content":"10.10.10.6:53724 - /oauser.OaUser/Register - {\"phone\":\"13452552347\",\"password\":\"13452552347\"}","duration":"0.3ms","level":"info","span":"c74b3a6b1387031c","trace":"66ea36076770cdc0e47a01708d767598"}
{"@timestamp":"2025-06-30T07:22:42.012Z","caller":"consul@v0.0.0-20231030135404-af9ae855016f/register.go:80","content":"update ttl","level":"info"}
{"@timestamp":"2025-06-30T07:23:01.013Z","caller":"consul@v0.0.0-20231030135404-af9ae855016f/register.go:80","content":"update ttl","level":"info"}
{"@timestamp":"2025-06-30T07:23:20.014Z","caller":"consul@v0.0.0-20231030135404-af9ae855016f/register.go:80","content":"update ttl","level":"info"}
{"@timestamp":"2025-06-30T07:23:39.013Z","caller":"consul@v0.0.0-20231030135404-af9ae855016f/register.go:80","content":"update ttl","level":"info"}
{"@timestamp":"2025-06-30T07:23:58.012Z","caller":"consul@v0.0.0-20231030135404-af9ae855016f/register.go:80","content":"update ttl","level":"info"}
{"@timestamp":"2025-06-30T07:24:06.841Z","caller":"proc/shutdown.go:84","content":"Got signal 15, shutting down...","level":"info"}
{"@timestamp":"2025-06-30T07:24:07.849Z","caller":"consul@v0.0.0-20231030135404-af9ae855016f/register.go:92","content":"deregistered service from consul server.","level":"info"}
{"@timestamp":"2025-06-30T07:24:36.763Z","caller":"rpc/oauserrpc.go:43","content":"consul register service success: oauserrpc.rpc","level":"info"}
{"@timestamp":"2025-06-30T07:24:55.772Z","caller":"consul@v0.0.0-20231030135404-af9ae855016f/register.go:80","content":"update ttl","level":"info"}
{"@timestamp":"2025-06-30T07:25:14.770Z","caller":"consul@v0.0.0-20231030135404-af9ae855016f/register.go:80","content":"update ttl","level":"info"}
{"@timestamp":"2025-06-30T07:25:33.774Z","caller":"consul@v0.0.0-20231030135404-af9ae855016f/register.go:80","content":"update ttl","level":"info"}
{"@timestamp":"2025-06-30T07:25:52.771Z","caller":"consul@v0.0.0-20231030135404-af9ae855016f/register.go:80","content":"update ttl","level":"info"}
{"@timestamp":"2025-06-30T07:26:06.366Z","caller":"serverinterceptors/statinterceptor.go:90","content":"10.10.10.6:47690 - /oauser.OaUser/Register - {\"phone\":\"13452552347\",\"password\":\"13452552347\"}","duration":"0.4ms","level":"info","span":"1be1db02d91cdb67","trace":"fe4c31273e2647ee804af3b295e8e494"}
{"@timestamp":"2025-06-30T07:26:10.591Z","caller":"serverinterceptors/statinterceptor.go:90","content":"10.10.10.6:47690 - /oauser.OaUser/Login - {\"phone\":\"13452552349\",\"password\":\"13452552348\"}","duration":"0.3ms","level":"info","span":"4ffaa7fb43b1b2d9","trace":"8571a1c2cba996702e1eb38497dcd9f1"}
{"@timestamp":"2025-06-30T07:26:11.773Z","caller":"consul@v0.0.0-20231030135404-af9ae855016f/register.go:80","content":"update ttl","level":"info"}
{"@timestamp":"2025-06-30T07:26:30.772Z","caller":"consul@v0.0.0-20231030135404-af9ae855016f/register.go:80","content":"update ttl","level":"info"}
{"@timestamp":"2025-06-30T07:26:49.769Z","caller":"consul@v0.0.0-20231030135404-af9ae855016f/register.go:80","content":"update ttl","level":"info"}
{"@timestamp":"2025-06-30T07:27:08.773Z","caller":"consul@v0.0.0-20231030135404-af9ae855016f/register.go:80","content":"update ttl","level":"info"}
{"@timestamp":"2025-06-30T07:27:27.773Z","caller":"consul@v0.0.0-20231030135404-af9ae855016f/register.go:80","content":"update ttl","level":"info"}
{"@timestamp":"2025-06-30T07:27:46.771Z","caller":"consul@v0.0.0-20231030135404-af9ae855016f/register.go:80","content":"update ttl","level":"info"}
{"@timestamp":"2025-06-30T07:28:05.772Z","caller":"consul@v0.0.0-20231030135404-af9ae855016f/register.go:80","content":"update ttl","level":"info"}
{"@timestamp":"2025-06-30T07:28:24.770Z","caller":"consul@v0.0.0-20231030135404-af9ae855016f/register.go:80","content":"update ttl","level":"info"}
{"@timestamp":"2025-06-30T07:28:43.772Z","caller":"consul@v0.0.0-20231030135404-af9ae855016f/register.go:80","content":"update ttl","level":"info"}
{"@timestamp":"2025-06-30T07:29:02.772Z","caller":"consul@v0.0.0-20231030135404-af9ae855016f/register.go:80","content":"update ttl","level":"info"}
{"@timestamp":"2025-06-30T07:29:21.771Z","caller":"consul@v0.0.0-20231030135404-af9ae855016f/register.go:80","content":"update ttl","level":"info"}
{"@timestamp":"2025-06-30T07:29:40.774Z","caller":"consul@v0.0.0-20231030135404-af9ae855016f/register.go:80","content":"update ttl","level":"info"}
{"@timestamp":"2025-06-30T07:29:59.772Z","caller":"consul@v0.0.0-20231030135404-af9ae855016f/register.go:80","content":"update ttl","level":"info"}
{"@timestamp":"2025-06-30T07:30:18.771Z","caller":"consul@v0.0.0-20231030135404-af9ae855016f/register.go:80","content":"update ttl","level":"info"}
{"@timestamp":"2025-06-30T07:30:37.772Z","caller":"consul@v0.0.0-20231030135404-af9ae855016f/register.go:80","content":"update ttl","level":"info"}
{"@timestamp":"2025-06-30T07:30:56.771Z","caller":"consul@v0.0.0-20231030135404-af9ae855016f/register.go:80","content":"update ttl","level":"info"}
{"@timestamp":"2025-06-30T07:31:15.772Z","caller":"consul@v0.0.0-20231030135404-af9ae855016f/register.go:80","content":"update ttl","level":"info"}
{"@timestamp":"2025-06-30T07:31:34.773Z","caller":"consul@v0.0.0-20231030135404-af9ae855016f/register.go:80","content":"update ttl","level":"info"}
{"@timestamp":"2025-06-30T07:31:53.773Z","caller":"consul@v0.0.0-20231030135404-af9ae855016f/register.go:80","content":"update ttl","level":"info"}
{"@timestamp":"2025-06-30T07:32:12.772Z","caller":"consul@v0.0.0-20231030135404-af9ae855016f/register.go:80","content":"update ttl","level":"info"}
{"@timestamp":"2025-06-30T07:32:31.772Z","caller":"consul@v0.0.0-20231030135404-af9ae855016f/register.go:80","content":"update ttl","level":"info"}
{"@timestamp":"2025-06-30T07:32:50.772Z","caller":"consul@v0.0.0-20231030135404-af9ae855016f/register.go:80","content":"update ttl","level":"info"}
{"@timestamp":"2025-06-30T07:33:09.771Z","caller":"consul@v0.0.0-20231030135404-af9ae855016f/register.go:80","content":"update ttl","level":"info"}
{"@timestamp":"2025-06-30T07:33:28.770Z","caller":"consul@v0.0.0-20231030135404-af9ae855016f/register.go:80","content":"update ttl","level":"info"}
{"@timestamp":"2025-06-30T07:33:39.991Z","caller":"proc/shutdown.go:84","content":"Got signal 15, shutting down...","level":"info"}
{"@timestamp":"2025-06-30T07:33:40.998Z","caller":"consul@v0.0.0-20231030135404-af9ae855016f/register.go:92","content":"deregistered service from consul server.","level":"info"}
