{"level":"info","message":"后台用户注册请求","phone":"13452552349","timestamp":"2025-06-29 15:26:26.447"}
{"level":"info","message":"后台用户注册成功","phone":"13452552349","timestamp":"2025-06-29 15:26:26.579","user_id":2005}
{"level":"info","message":"后台用户注册请求","phone":"13452552349","timestamp":"2025-06-29 15:26:41.287"}
{"level":"warning","message":"用户已存在","phone":"13452552349","timestamp":"2025-06-29 15:26:41.291"}
{"level":"info","message":"后台用户登录请求","phone":"13452552349","timestamp":"2025-06-29 15:26:54.706"}
{"level":"info","message":"后台用户登录成功","phone":"13452552349","role":"operator","timestamp":"2025-06-29 15:26:54.814","user_id":2005}
{"level":"info","message":"后台用户登录请求","phone":"13452552349","timestamp":"2025-06-29 15:27:07.199"}
{"level":"info","message":"后台用户登录成功","phone":"13452552349","role":"operator","timestamp":"2025-06-29 15:27:07.293","user_id":2005}
{"level":"info","message":"后台用户登录请求","phone":"13452552349","timestamp":"2025-06-29 15:27:54.687"}
{"level":"info","message":"后台用户登录成功","phone":"13452552349","role":"operator","timestamp":"2025-06-29 15:27:54.781","user_id":2005}
{"level":"info","message":"后台用户登录请求","phone":"13452552349","timestamp":"2025-06-29 15:28:05.982"}
{"level":"info","message":"后台用户登录成功","phone":"13452552349","role":"operator","timestamp":"2025-06-29 15:28:06.080","user_id":2005}
{"level":"info","message":"后台用户登录请求","phone":"13452552349","timestamp":"2025-06-29 15:28:23.908"}
{"level":"info","message":"后台用户登录成功","phone":"13452552349","role":"operator","timestamp":"2025-06-29 15:28:24.026","user_id":2005}
{"level":"info","message":"后台用户登录请求","phone":"13452552349","timestamp":"2025-06-29 15:28:33.287"}
{"level":"info","message":"后台用户登录成功","phone":"13452552349","role":"operator","timestamp":"2025-06-29 15:28:33.381","user_id":2005}
{"level":"info","message":"后台用户登录请求","phone":"13452552349","timestamp":"2025-06-29 15:29:05.328"}
{"level":"info","message":"后台用户登录成功","phone":"13452552349","role":"operator","timestamp":"2025-06-29 15:29:05.449","user_id":2005}
{"level":"info","message":"后台用户登录请求","phone":"13452552349","timestamp":"2025-06-29 15:29:36.940"}
{"level":"info","message":"后台用户登录成功","phone":"13452552349","role":"operator","timestamp":"2025-06-29 15:29:37.059","user_id":2005}
