{"@timestamp":"2025-06-29T13:14:38.223Z","caller":"stat/metrics.go:210","content":"(appuser-api) - qps: 0.0/s, drops: 0, avg time: 0.0ms, med: 0.0ms, 90th: 0.0ms, 99th: 0.0ms, 99.9th: 0.0ms","level":"stat"}
{"@timestamp":"2025-06-29T13:16:03.204Z","caller":"p2c/p2c.go:195","content":"p2c - conn: 10.10.10.6:20001, load: 5247, reqs: 1","level":"stat"}
{"@timestamp":"2025-06-29T13:16:09.944Z","caller":"stat/usage.go:61","content":"CPU: 27m, MEMORY: Alloc=3.4Mi, TotalAlloc=8.7Mi, Sys=18.1Mi, NumGC=4","level":"stat"}
{"@timestamp":"2025-06-29T13:16:09.982Z","caller":"load/sheddingstat.go:61","content":"(api) shedding_stat [1m], cpu: 27, total: 2, pass: 2, drop: 0","level":"stat"}
{"@timestamp":"2025-06-29T13:17:03.205Z","caller":"stat/metrics.go:210","content":"(appuser-api) - qps: 0.0/s, drops: 0, avg time: 62.0ms, med: 96.0ms, 90th: 96.0ms, 99th: 96.0ms, 99.9th: 96.0ms","level":"stat"}
{"@timestamp":"2025-06-29T13:17:09.945Z","caller":"stat/usage.go:61","content":"CPU: 38m, MEMORY: Alloc=4.5Mi, TotalAlloc=12.0Mi, Sys=18.1Mi, NumGC=5","level":"stat"}
{"@timestamp":"2025-06-29T13:17:09.983Z","caller":"load/sheddingstat.go:61","content":"(api) shedding_stat [1m], cpu: 38, total: 0, pass: 0, drop: 0","level":"stat"}
{"@timestamp":"2025-06-29T13:18:03.205Z","caller":"stat/metrics.go:210","content":"(appuser-api) - qps: 0.0/s, drops: 0, avg time: 0.0ms, med: 0.0ms, 90th: 0.0ms, 99th: 0.0ms, 99.9th: 0.0ms","level":"stat"}
{"@timestamp":"2025-06-29T13:18:09.945Z","caller":"stat/usage.go:61","content":"CPU: 0m, MEMORY: Alloc=5.4Mi, TotalAlloc=15.4Mi, Sys=18.1Mi, NumGC=6","level":"stat"}
{"@timestamp":"2025-06-29T13:18:09.983Z","caller":"load/sheddingstat.go:61","content":"(api) shedding_stat [1m], cpu: 0, total: 0, pass: 0, drop: 0","level":"stat"}
{"@timestamp":"2025-06-29T13:19:01.700Z","caller":"p2c/p2c.go:195","content":"p2c - conn: 10.10.10.6:20001, load: 1898, reqs: 2","level":"stat"}
{"@timestamp":"2025-06-29T13:19:03.205Z","caller":"stat/metrics.go:210","content":"(appuser-api) - qps: 0.0/s, drops: 0, avg time: 57.0ms, med: 110.0ms, 90th: 110.0ms, 99th: 110.0ms, 99.9th: 110.0ms","level":"stat"}
{"@timestamp":"2025-06-29T13:19:09.944Z","caller":"stat/usage.go:61","content":"CPU: 0m, MEMORY: Alloc=3.4Mi, TotalAlloc=18.9Mi, Sys=18.1Mi, NumGC=8","level":"stat"}
{"@timestamp":"2025-06-29T13:19:09.982Z","caller":"load/sheddingstat.go:61","content":"(api) shedding_stat [1m], cpu: 0, total: 2, pass: 2, drop: 0","level":"stat"}
{"@timestamp":"2025-06-29T13:20:03.206Z","caller":"stat/metrics.go:210","content":"(appuser-api) - qps: 0.0/s, drops: 0, avg time: 0.0ms, med: 0.0ms, 90th: 0.0ms, 99th: 0.0ms, 99.9th: 0.0ms","level":"stat"}
{"@timestamp":"2025-06-29T13:20:09.944Z","caller":"stat/usage.go:61","content":"CPU: 5m, MEMORY: Alloc=3.9Mi, TotalAlloc=22.2Mi, Sys=18.1Mi, NumGC=9","level":"stat"}
{"@timestamp":"2025-06-29T13:20:09.982Z","caller":"load/sheddingstat.go:61","content":"(api) shedding_stat [1m], cpu: 5, total: 0, pass: 0, drop: 0","level":"stat"}
{"@timestamp":"2025-06-29T13:20:48.693Z","caller":"p2c/p2c.go:195","content":"p2c - conn: 10.10.10.6:20001, load: 1618, reqs: 2","level":"stat"}
{"@timestamp":"2025-06-29T13:21:03.206Z","caller":"stat/metrics.go:210","content":"(appuser-api) - qps: 0.0/s, drops: 0, avg time: 48.5ms, med: 95.1ms, 90th: 95.1ms, 99th: 95.1ms, 99.9th: 95.1ms","level":"stat"}
{"@timestamp":"2025-06-29T13:21:09.944Z","caller":"stat/usage.go:61","content":"CPU: 8m, MEMORY: Alloc=4.4Mi, TotalAlloc=25.7Mi, Sys=18.1Mi, NumGC=10","level":"stat"}
{"@timestamp":"2025-06-29T13:21:09.983Z","caller":"load/sheddingstat.go:61","content":"(api) shedding_stat [1m], cpu: 8, total: 2, pass: 2, drop: 0","level":"stat"}
{"@timestamp":"2025-06-29T13:22:03.206Z","caller":"stat/metrics.go:210","content":"(appuser-api) - qps: 0.0/s, drops: 0, avg time: 0.0ms, med: 0.0ms, 90th: 0.0ms, 99th: 0.0ms, 99.9th: 0.0ms","level":"stat"}
{"@timestamp":"2025-06-29T13:22:09.945Z","caller":"stat/usage.go:61","content":"CPU: 2m, MEMORY: Alloc=5.2Mi, TotalAlloc=29.3Mi, Sys=18.3Mi, NumGC=11","level":"stat"}
{"@timestamp":"2025-06-29T13:22:09.982Z","caller":"load/sheddingstat.go:61","content":"(api) shedding_stat [1m], cpu: 2, total: 0, pass: 0, drop: 0","level":"stat"}
{"@timestamp":"2025-06-29T13:23:03.206Z","caller":"stat/metrics.go:210","content":"(appuser-api) - qps: 0.0/s, drops: 0, avg time: 0.0ms, med: 0.0ms, 90th: 0.0ms, 99th: 0.0ms, 99.9th: 0.0ms","level":"stat"}
{"@timestamp":"2025-06-29T13:23:09.945Z","caller":"stat/usage.go:61","content":"CPU: 3m, MEMORY: Alloc=3.1Mi, TotalAlloc=32.7Mi, Sys=18.3Mi, NumGC=13","level":"stat"}
{"@timestamp":"2025-06-29T13:23:09.982Z","caller":"load/sheddingstat.go:61","content":"(api) shedding_stat [1m], cpu: 3, total: 0, pass: 0, drop: 0","level":"stat"}
{"@timestamp":"2025-06-29T13:24:03.206Z","caller":"stat/metrics.go:210","content":"(appuser-api) - qps: 0.0/s, drops: 0, avg time: 0.0ms, med: 0.0ms, 90th: 0.0ms, 99th: 0.0ms, 99.9th: 0.0ms","level":"stat"}
{"@timestamp":"2025-06-29T13:24:09.945Z","caller":"stat/usage.go:61","content":"CPU: 71m, MEMORY: Alloc=4.7Mi, TotalAlloc=36.7Mi, Sys=18.3Mi, NumGC=14","level":"stat"}
{"@timestamp":"2025-06-29T13:24:09.982Z","caller":"load/sheddingstat.go:61","content":"(api) shedding_stat [1m], cpu: 71, total: 0, pass: 0, drop: 0","level":"stat"}
{"@timestamp":"2025-06-29T13:24:37.586Z","caller":"p2c/p2c.go:195","content":"p2c - conn: 10.10.10.6:20001, load: 11330, reqs: 1","level":"stat"}
{"@timestamp":"2025-06-29T13:25:03.205Z","caller":"stat/metrics.go:210","content":"(appuser-api) - qps: 0.1/s, drops: 0, avg time: 81.0ms, med: 98.4ms, 90th: 128.7ms, 99th: 128.7ms, 99.9th: 128.7ms","level":"stat"}
{"@timestamp":"2025-06-29T13:25:09.945Z","caller":"stat/usage.go:61","content":"CPU: 2m, MEMORY: Alloc=3.3Mi, TotalAlloc=40.4Mi, Sys=18.6Mi, NumGC=16","level":"stat"}
{"@timestamp":"2025-06-29T13:25:09.983Z","caller":"load/sheddingstat.go:61","content":"(api) shedding_stat [1m], cpu: 2, total: 4, pass: 4, drop: 0","level":"stat"}
{"@timestamp":"2025-06-29T13:26:03.205Z","caller":"stat/metrics.go:210","content":"(appuser-api) - qps: 0.0/s, drops: 0, avg time: 0.0ms, med: 0.0ms, 90th: 0.0ms, 99th: 0.0ms, 99.9th: 0.0ms","level":"stat"}
{"@timestamp":"2025-06-29T13:26:09.944Z","caller":"stat/usage.go:61","content":"CPU: 2m, MEMORY: Alloc=3.7Mi, TotalAlloc=43.8Mi, Sys=18.6Mi, NumGC=17","level":"stat"}
{"@timestamp":"2025-06-29T13:26:09.982Z","caller":"load/sheddingstat.go:61","content":"(api) shedding_stat [1m], cpu: 2, total: 0, pass: 0, drop: 0","level":"stat"}
{"@timestamp":"2025-06-29T13:27:03.205Z","caller":"stat/metrics.go:210","content":"(appuser-api) - qps: 0.0/s, drops: 0, avg time: 0.0ms, med: 0.0ms, 90th: 0.0ms, 99th: 0.0ms, 99.9th: 0.0ms","level":"stat"}
{"@timestamp":"2025-06-29T13:27:09.944Z","caller":"stat/usage.go:61","content":"CPU: 11m, MEMORY: Alloc=4.2Mi, TotalAlloc=47.1Mi, Sys=18.6Mi, NumGC=18","level":"stat"}
{"@timestamp":"2025-06-29T13:27:09.982Z","caller":"load/sheddingstat.go:61","content":"(api) shedding_stat [1m], cpu: 11, total: 0, pass: 0, drop: 0","level":"stat"}
{"@timestamp":"2025-06-29T13:28:03.206Z","caller":"stat/metrics.go:210","content":"(appuser-api) - qps: 0.0/s, drops: 0, avg time: 0.0ms, med: 0.0ms, 90th: 0.0ms, 99th: 0.0ms, 99.9th: 0.0ms","level":"stat"}
{"@timestamp":"2025-06-29T13:28:09.945Z","caller":"stat/usage.go:61","content":"CPU: 7m, MEMORY: Alloc=4.8Mi, TotalAlloc=50.5Mi, Sys=18.6Mi, NumGC=19","level":"stat"}
{"@timestamp":"2025-06-29T13:28:09.983Z","caller":"load/sheddingstat.go:61","content":"(api) shedding_stat [1m], cpu: 7, total: 0, pass: 0, drop: 0","level":"stat"}
{"@timestamp":"2025-06-29T13:29:03.205Z","caller":"stat/metrics.go:210","content":"(appuser-api) - qps: 0.0/s, drops: 0, avg time: 0.0ms, med: 0.0ms, 90th: 0.0ms, 99th: 0.0ms, 99.9th: 0.0ms","level":"stat"}
{"@timestamp":"2025-06-29T13:29:09.944Z","caller":"stat/usage.go:61","content":"CPU: 5m, MEMORY: Alloc=5.3Mi, TotalAlloc=53.9Mi, Sys=18.6Mi, NumGC=20","level":"stat"}
{"@timestamp":"2025-06-29T13:29:09.984Z","caller":"load/sheddingstat.go:61","content":"(api) shedding_stat [1m], cpu: 5, total: 0, pass: 0, drop: 0","level":"stat"}
{"@timestamp":"2025-06-29T13:29:17.774Z","caller":"p2c/p2c.go:195","content":"p2c - conn: 10.10.10.6:20001, load: 1773, reqs: 1","level":"stat"}
{"@timestamp":"2025-06-29T13:30:03.206Z","caller":"stat/metrics.go:210","content":"(appuser-api) - qps: 0.1/s, drops: 0, avg time: 24.5ms, med: 0.2ms, 90th: 95.9ms, 99th: 95.9ms, 99.9th: 95.9ms","level":"stat"}
{"@timestamp":"2025-06-29T13:30:09.946Z","caller":"stat/usage.go:61","content":"CPU: 99m, MEMORY: Alloc=3.9Mi, TotalAlloc=57.5Mi, Sys=18.6Mi, NumGC=22","level":"stat"}
{"@timestamp":"2025-06-29T13:30:09.984Z","caller":"load/sheddingstat.go:61","content":"(api) shedding_stat [1m], cpu: 99, total: 8, pass: 8, drop: 0","level":"stat"}
{"@timestamp":"2025-06-29T13:31:03.206Z","caller":"stat/metrics.go:210","content":"(appuser-api) - qps: 0.0/s, drops: 0, avg time: 0.0ms, med: 0.0ms, 90th: 0.0ms, 99th: 0.0ms, 99.9th: 0.0ms","level":"stat"}
{"@timestamp":"2025-06-29T13:31:09.944Z","caller":"stat/usage.go:61","content":"CPU: 63m, MEMORY: Alloc=4.4Mi, TotalAlloc=60.9Mi, Sys=18.6Mi, NumGC=23","level":"stat"}
{"@timestamp":"2025-06-29T13:31:09.983Z","caller":"load/sheddingstat.go:61","content":"(api) shedding_stat [1m], cpu: 63, total: 0, pass: 0, drop: 0","level":"stat"}
{"@timestamp":"2025-06-29T13:32:03.205Z","caller":"stat/metrics.go:210","content":"(appuser-api) - qps: 0.0/s, drops: 0, avg time: 0.0ms, med: 0.0ms, 90th: 0.0ms, 99th: 0.0ms, 99.9th: 0.0ms","level":"stat"}
{"@timestamp":"2025-06-29T13:32:09.945Z","caller":"stat/usage.go:61","content":"CPU: 63m, MEMORY: Alloc=5.2Mi, TotalAlloc=64.3Mi, Sys=18.6Mi, NumGC=24","level":"stat"}
{"@timestamp":"2025-06-29T13:32:09.982Z","caller":"load/sheddingstat.go:61","content":"(api) shedding_stat [1m], cpu: 63, total: 0, pass: 0, drop: 0","level":"stat"}
{"@timestamp":"2025-06-29T13:33:03.205Z","caller":"stat/metrics.go:210","content":"(appuser-api) - qps: 0.0/s, drops: 0, avg time: 0.0ms, med: 0.0ms, 90th: 0.0ms, 99th: 0.0ms, 99.9th: 0.0ms","level":"stat"}
{"@timestamp":"2025-06-29T13:33:09.944Z","caller":"stat/usage.go:61","content":"CPU: 4m, MEMORY: Alloc=3.1Mi, TotalAlloc=67.6Mi, Sys=18.6Mi, NumGC=26","level":"stat"}
{"@timestamp":"2025-06-29T13:33:09.982Z","caller":"load/sheddingstat.go:61","content":"(api) shedding_stat [1m], cpu: 4, total: 0, pass: 0, drop: 0","level":"stat"}
{"@timestamp":"2025-06-29T13:33:14.948Z","caller":"p2c/p2c.go:195","content":"p2c - conn: 10.10.10.6:20001, load: 10624, reqs: 3","level":"stat"}
{"@timestamp":"2025-06-29T13:34:03.205Z","caller":"stat/metrics.go:210","content":"(appuser-api) - qps: 0.2/s, drops: 0, avg time: 35.8ms, med: 0.2ms, 90th: 113.2ms, 99th: 113.2ms, 99.9th: 113.2ms","level":"stat"}
{"@timestamp":"2025-06-29T13:34:09.945Z","caller":"stat/usage.go:61","content":"CPU: 1m, MEMORY: Alloc=4.5Mi, TotalAlloc=71.3Mi, Sys=18.6Mi, NumGC=27","level":"stat"}
{"@timestamp":"2025-06-29T13:34:09.982Z","caller":"load/sheddingstat.go:61","content":"(api) shedding_stat [1m], cpu: 1, total: 9, pass: 9, drop: 0","level":"stat"}
{"@timestamp":"2025-06-29T13:35:03.206Z","caller":"stat/metrics.go:210","content":"(appuser-api) - qps: 0.0/s, drops: 0, avg time: 0.0ms, med: 0.0ms, 90th: 0.0ms, 99th: 0.0ms, 99.9th: 0.0ms","level":"stat"}
{"@timestamp":"2025-06-29T13:35:09.944Z","caller":"stat/usage.go:61","content":"CPU: 44m, MEMORY: Alloc=4.9Mi, TotalAlloc=74.6Mi, Sys=18.6Mi, NumGC=28","level":"stat"}
{"@timestamp":"2025-06-29T13:35:09.982Z","caller":"load/sheddingstat.go:61","content":"(api) shedding_stat [1m], cpu: 44, total: 0, pass: 0, drop: 0","level":"stat"}
{"@timestamp":"2025-06-29T13:36:03.205Z","caller":"stat/metrics.go:210","content":"(appuser-api) - qps: 0.0/s, drops: 0, avg time: 0.0ms, med: 0.0ms, 90th: 0.0ms, 99th: 0.0ms, 99.9th: 0.0ms","level":"stat"}
{"@timestamp":"2025-06-29T13:36:09.945Z","caller":"stat/usage.go:61","content":"CPU: 8m, MEMORY: Alloc=5.3Mi, TotalAlloc=78.0Mi, Sys=18.6Mi, NumGC=29","level":"stat"}
{"@timestamp":"2025-06-29T13:36:09.982Z","caller":"load/sheddingstat.go:61","content":"(api) shedding_stat [1m], cpu: 8, total: 0, pass: 0, drop: 0","level":"stat"}
{"@timestamp":"2025-06-29T13:37:03.206Z","caller":"stat/metrics.go:210","content":"(appuser-api) - qps: 0.0/s, drops: 0, avg time: 0.0ms, med: 0.0ms, 90th: 0.0ms, 99th: 0.0ms, 99.9th: 0.0ms","level":"stat"}
{"@timestamp":"2025-06-29T13:37:09.944Z","caller":"stat/usage.go:61","content":"CPU: 155m, MEMORY: Alloc=3.1Mi, TotalAlloc=81.4Mi, Sys=18.6Mi, NumGC=31","level":"stat"}
{"@timestamp":"2025-06-29T13:37:09.983Z","caller":"load/sheddingstat.go:61","content":"(api) shedding_stat [1m], cpu: 155, total: 0, pass: 0, drop: 0","level":"stat"}
{"@timestamp":"2025-06-29T13:38:03.205Z","caller":"stat/metrics.go:210","content":"(appuser-api) - qps: 0.0/s, drops: 0, avg time: 0.0ms, med: 0.0ms, 90th: 0.0ms, 99th: 0.0ms, 99.9th: 0.0ms","level":"stat"}
{"@timestamp":"2025-06-29T13:38:09.944Z","caller":"stat/usage.go:61","content":"CPU: 154m, MEMORY: Alloc=3.7Mi, TotalAlloc=84.8Mi, Sys=18.6Mi, NumGC=32","level":"stat"}
{"@timestamp":"2025-06-29T13:38:09.983Z","caller":"load/sheddingstat.go:61","content":"(api) shedding_stat [1m], cpu: 154, total: 0, pass: 0, drop: 0","level":"stat"}
{"@timestamp":"2025-06-29T13:39:03.206Z","caller":"stat/metrics.go:210","content":"(appuser-api) - qps: 0.0/s, drops: 0, avg time: 0.0ms, med: 0.0ms, 90th: 0.0ms, 99th: 0.0ms, 99.9th: 0.0ms","level":"stat"}
{"@timestamp":"2025-06-29T13:39:09.945Z","caller":"stat/usage.go:61","content":"CPU: 214m, MEMORY: Alloc=4.4Mi, TotalAlloc=88.2Mi, Sys=18.6Mi, NumGC=33","level":"stat"}
{"@timestamp":"2025-06-29T13:39:09.982Z","caller":"load/sheddingstat.go:61","content":"(api) shedding_stat [1m], cpu: 214, total: 0, pass: 0, drop: 0","level":"stat"}
{"@timestamp":"2025-06-29T13:40:03.206Z","caller":"stat/metrics.go:210","content":"(appuser-api) - qps: 0.0/s, drops: 0, avg time: 0.0ms, med: 0.0ms, 90th: 0.0ms, 99th: 0.0ms, 99.9th: 0.0ms","level":"stat"}
{"@timestamp":"2025-06-29T13:40:09.945Z","caller":"stat/usage.go:61","content":"CPU: 185m, MEMORY: Alloc=5.0Mi, TotalAlloc=91.6Mi, Sys=18.6Mi, NumGC=34","level":"stat"}
{"@timestamp":"2025-06-29T13:40:09.985Z","caller":"load/sheddingstat.go:61","content":"(api) shedding_stat [1m], cpu: 185, total: 0, pass: 0, drop: 0","level":"stat"}
{"@timestamp":"2025-06-29T13:41:03.205Z","caller":"stat/metrics.go:210","content":"(appuser-api) - qps: 0.0/s, drops: 0, avg time: 0.0ms, med: 0.0ms, 90th: 0.0ms, 99th: 0.0ms, 99.9th: 0.0ms","level":"stat"}
{"@timestamp":"2025-06-29T13:41:09.945Z","caller":"stat/usage.go:61","content":"CPU: 149m, MEMORY: Alloc=5.5Mi, TotalAlloc=94.9Mi, Sys=18.6Mi, NumGC=35","level":"stat"}
{"@timestamp":"2025-06-29T13:41:09.984Z","caller":"load/sheddingstat.go:61","content":"(api) shedding_stat [1m], cpu: 149, total: 0, pass: 0, drop: 0","level":"stat"}
{"@timestamp":"2025-06-29T13:42:03.205Z","caller":"stat/metrics.go:210","content":"(appuser-api) - qps: 0.0/s, drops: 0, avg time: 0.0ms, med: 0.0ms, 90th: 0.0ms, 99th: 0.0ms, 99.9th: 0.0ms","level":"stat"}
{"@timestamp":"2025-06-29T13:42:09.944Z","caller":"stat/usage.go:61","content":"CPU: 149m, MEMORY: Alloc=3.0Mi, TotalAlloc=98.3Mi, Sys=18.6Mi, NumGC=37","level":"stat"}
{"@timestamp":"2025-06-29T13:42:09.982Z","caller":"load/sheddingstat.go:61","content":"(api) shedding_stat [1m], cpu: 149, total: 0, pass: 0, drop: 0","level":"stat"}
{"@timestamp":"2025-06-29T13:43:03.206Z","caller":"stat/metrics.go:210","content":"(appuser-api) - qps: 0.0/s, drops: 0, avg time: 0.0ms, med: 0.0ms, 90th: 0.0ms, 99th: 0.0ms, 99.9th: 0.0ms","level":"stat"}
{"@timestamp":"2025-06-29T13:43:09.945Z","caller":"stat/usage.go:61","content":"CPU: 150m, MEMORY: Alloc=3.7Mi, TotalAlloc=101.7Mi, Sys=18.6Mi, NumGC=38","level":"stat"}
{"@timestamp":"2025-06-29T13:43:09.982Z","caller":"load/sheddingstat.go:61","content":"(api) shedding_stat [1m], cpu: 150, total: 0, pass: 0, drop: 0","level":"stat"}
{"@timestamp":"2025-06-29T13:44:03.205Z","caller":"stat/metrics.go:210","content":"(appuser-api) - qps: 0.0/s, drops: 0, avg time: 0.0ms, med: 0.0ms, 90th: 0.0ms, 99th: 0.0ms, 99.9th: 0.0ms","level":"stat"}
{"@timestamp":"2025-06-29T13:44:09.945Z","caller":"stat/usage.go:61","content":"CPU: 27m, MEMORY: Alloc=4.4Mi, TotalAlloc=105.1Mi, Sys=18.6Mi, NumGC=39","level":"stat"}
{"@timestamp":"2025-06-29T13:44:09.982Z","caller":"load/sheddingstat.go:61","content":"(api) shedding_stat [1m], cpu: 27, total: 0, pass: 0, drop: 0","level":"stat"}
{"@timestamp":"2025-06-29T13:44:55.211Z","caller":"p2c/p2c.go:195","content":"p2c - conn: 10.10.10.6:20001, load: 10427, reqs: 1","level":"stat"}
{"@timestamp":"2025-06-29T13:45:03.205Z","caller":"stat/metrics.go:210","content":"(appuser-api) - qps: 0.0/s, drops: 0, avg time: 109.0ms, med: 109.0ms, 90th: 109.0ms, 99th: 109.0ms, 99.9th: 109.0ms","level":"stat"}
{"@timestamp":"2025-06-29T13:45:09.945Z","caller":"stat/usage.go:61","content":"CPU: 0m, MEMORY: Alloc=5.0Mi, TotalAlloc=108.6Mi, Sys=18.6Mi, NumGC=40","level":"stat"}
{"@timestamp":"2025-06-29T13:45:09.983Z","caller":"load/sheddingstat.go:61","content":"(api) shedding_stat [1m], cpu: 0, total: 2, pass: 2, drop: 0","level":"stat"}
{"@timestamp":"2025-06-29T13:46:03.205Z","caller":"stat/metrics.go:210","content":"(appuser-api) - qps: 0.1/s, drops: 0, avg time: 75.5ms, med: 101.8ms, 90th: 103.4ms, 99th: 103.4ms, 99.9th: 103.4ms","level":"stat"}
{"@timestamp":"2025-06-29T13:46:09.944Z","caller":"stat/usage.go:61","content":"CPU: 0m, MEMORY: Alloc=3.2Mi, TotalAlloc=112.2Mi, Sys=18.6Mi, NumGC=42","level":"stat"}
{"@timestamp":"2025-06-29T13:46:09.983Z","caller":"load/sheddingstat.go:61","content":"(api) shedding_stat [1m], cpu: 0, total: 6, pass: 6, drop: 0","level":"stat"}
{"@timestamp":"2025-06-29T13:46:10.217Z","caller":"p2c/p2c.go:195","content":"p2c - conn: 10.10.10.6:20001, load: 11254, reqs: 4","level":"stat"}
{"@timestamp":"2025-06-29T13:47:03.205Z","caller":"stat/metrics.go:210","content":"(appuser-api) - qps: 0.2/s, drops: 0, avg time: 11.7ms, med: 0.2ms, 90th: 127.9ms, 99th: 127.9ms, 99.9th: 127.9ms","level":"stat"}
{"@timestamp":"2025-06-29T13:47:09.945Z","caller":"stat/usage.go:61","content":"CPU: 0m, MEMORY: Alloc=4.3Mi, TotalAlloc=115.9Mi, Sys=18.6Mi, NumGC=43","level":"stat"}
{"@timestamp":"2025-06-29T13:47:09.982Z","caller":"load/sheddingstat.go:61","content":"(api) shedding_stat [1m], cpu: 0, total: 14, pass: 14, drop: 0","level":"stat"}
{"@timestamp":"2025-06-29T13:47:45.754Z","caller":"p2c/p2c.go:195","content":"p2c - conn: 10.10.10.6:20001, load: 9753, reqs: 1","level":"stat"}
{"@timestamp":"2025-06-29T13:48:03.206Z","caller":"stat/metrics.go:210","content":"(appuser-api) - qps: 0.2/s, drops: 0, avg time: 10.7ms, med: 0.1ms, 90th: 95.4ms, 99th: 95.4ms, 99.9th: 95.4ms","level":"stat"}
{"@timestamp":"2025-06-29T13:48:09.944Z","caller":"stat/usage.go:61","content":"CPU: 0m, MEMORY: Alloc=4.9Mi, TotalAlloc=119.3Mi, Sys=18.6Mi, NumGC=44","level":"stat"}
{"@timestamp":"2025-06-29T13:48:09.982Z","caller":"load/sheddingstat.go:61","content":"(api) shedding_stat [1m], cpu: 0, total: 3, pass: 3, drop: 0","level":"stat"}
{"@timestamp":"2025-06-29T13:48:54.594Z","caller":"p2c/p2c.go:195","content":"p2c - conn: 10.10.10.6:20001, load: 10245, reqs: 3","level":"stat"}
{"@timestamp":"2025-06-29T13:49:03.205Z","caller":"stat/metrics.go:210","content":"(appuser-api) - qps: 0.1/s, drops: 0, avg time: 37.5ms, med: 0.1ms, 90th: 108.8ms, 99th: 108.8ms, 99.9th: 108.8ms","level":"stat"}
{"@timestamp":"2025-06-29T13:49:09.945Z","caller":"stat/usage.go:61","content":"CPU: 0m, MEMORY: Alloc=3.5Mi, TotalAlloc=123.0Mi, Sys=18.6Mi, NumGC=46","level":"stat"}
{"@timestamp":"2025-06-29T13:49:09.983Z","caller":"load/sheddingstat.go:61","content":"(api) shedding_stat [1m], cpu: 0, total: 8, pass: 8, drop: 0","level":"stat"}
{"@timestamp":"2025-06-29T13:50:03.205Z","caller":"stat/metrics.go:210","content":"(appuser-api) - qps: 0.1/s, drops: 0, avg time: 0.0ms, med: 0.2ms, 90th: 0.3ms, 99th: 0.3ms, 99.9th: 0.3ms","level":"stat"}
{"@timestamp":"2025-06-29T13:50:09.945Z","caller":"stat/usage.go:61","content":"CPU: 0m, MEMORY: Alloc=4.6Mi, TotalAlloc=126.5Mi, Sys=18.6Mi, NumGC=47","level":"stat"}
{"@timestamp":"2025-06-29T13:50:09.983Z","caller":"load/sheddingstat.go:61","content":"(api) shedding_stat [1m], cpu: 0, total: 4, pass: 4, drop: 0","level":"stat"}
{"@timestamp":"2025-06-29T13:50:11.557Z","caller":"p2c/p2c.go:195","content":"p2c - conn: 10.10.10.6:20001, load: 9796, reqs: 1","level":"stat"}
{"@timestamp":"2025-06-29T13:51:03.206Z","caller":"stat/metrics.go:210","content":"(appuser-api) - qps: 0.0/s, drops: 0, avg time: 48.0ms, med: 96.2ms, 90th: 96.2ms, 99th: 96.2ms, 99.9th: 96.2ms","level":"stat"}
{"@timestamp":"2025-06-29T13:51:09.944Z","caller":"stat/usage.go:61","content":"CPU: 0m, MEMORY: Alloc=5.2Mi, TotalAlloc=129.9Mi, Sys=18.6Mi, NumGC=48","level":"stat"}
{"@timestamp":"2025-06-29T13:51:09.982Z","caller":"load/sheddingstat.go:61","content":"(api) shedding_stat [1m], cpu: 0, total: 2, pass: 2, drop: 0","level":"stat"}
{"@timestamp":"2025-06-29T13:52:03.205Z","caller":"stat/metrics.go:210","content":"(appuser-api) - qps: 0.0/s, drops: 0, avg time: 0.0ms, med: 0.1ms, 90th: 0.1ms, 99th: 0.1ms, 99.9th: 0.1ms","level":"stat"}
{"@timestamp":"2025-06-29T13:52:09.944Z","caller":"stat/usage.go:61","content":"CPU: 0m, MEMORY: Alloc=2.9Mi, TotalAlloc=133.4Mi, Sys=18.6Mi, NumGC=50","level":"stat"}
{"@timestamp":"2025-06-29T13:52:09.982Z","caller":"load/sheddingstat.go:61","content":"(api) shedding_stat [1m], cpu: 0, total: 1, pass: 1, drop: 0","level":"stat"}
{"@timestamp":"2025-06-29T13:53:03.205Z","caller":"stat/metrics.go:210","content":"(appuser-api) - qps: 0.0/s, drops: 0, avg time: 0.0ms, med: 0.0ms, 90th: 0.0ms, 99th: 0.0ms, 99.9th: 0.0ms","level":"stat"}
{"@timestamp":"2025-06-29T13:53:09.944Z","caller":"stat/usage.go:61","content":"CPU: 0m, MEMORY: Alloc=3.4Mi, TotalAlloc=136.7Mi, Sys=18.6Mi, NumGC=51","level":"stat"}
{"@timestamp":"2025-06-29T13:53:09.982Z","caller":"load/sheddingstat.go:61","content":"(api) shedding_stat [1m], cpu: 0, total: 0, pass: 0, drop: 0","level":"stat"}
{"@timestamp":"2025-06-29T13:54:03.205Z","caller":"stat/metrics.go:210","content":"(appuser-api) - qps: 0.0/s, drops: 0, avg time: 0.0ms, med: 0.0ms, 90th: 0.0ms, 99th: 0.0ms, 99.9th: 0.0ms","level":"stat"}
{"@timestamp":"2025-06-29T13:54:09.944Z","caller":"stat/usage.go:61","content":"CPU: 0m, MEMORY: Alloc=3.9Mi, TotalAlloc=140.1Mi, Sys=18.6Mi, NumGC=52","level":"stat"}
{"@timestamp":"2025-06-29T13:54:09.983Z","caller":"load/sheddingstat.go:61","content":"(api) shedding_stat [1m], cpu: 0, total: 0, pass: 0, drop: 0","level":"stat"}
{"@timestamp":"2025-06-29T13:55:03.206Z","caller":"stat/metrics.go:210","content":"(appuser-api) - qps: 0.2/s, drops: 0, avg time: 0.2ms, med: 0.2ms, 90th: 0.3ms, 99th: 0.3ms, 99.9th: 0.3ms","level":"stat"}
{"@timestamp":"2025-06-29T13:55:04.991Z","caller":"p2c/p2c.go:195","content":"p2c - conn: 10.10.10.6:20001, load: 10479, reqs: 1","level":"stat"}
{"@timestamp":"2025-06-29T13:55:09.945Z","caller":"stat/usage.go:61","content":"CPU: 0m, MEMORY: Alloc=3.1Mi, TotalAlloc=143.9Mi, Sys=18.6Mi, NumGC=54","level":"stat"}
{"@timestamp":"2025-06-29T13:55:09.983Z","caller":"load/sheddingstat.go:61","content":"(api) shedding_stat [1m], cpu: 0, total: 14, pass: 14, drop: 0","level":"stat"}
{"@timestamp":"2025-06-29T13:56:03.205Z","caller":"stat/metrics.go:210","content":"(appuser-api) - qps: 0.2/s, drops: 0, avg time: 91.6ms, med: 96.7ms, 90th: 126.9ms, 99th: 126.9ms, 99.9th: 126.9ms","level":"stat"}
{"@timestamp":"2025-06-29T13:56:09.945Z","caller":"stat/usage.go:61","content":"CPU: 0m, MEMORY: Alloc=4.0Mi, TotalAlloc=147.4Mi, Sys=18.6Mi, NumGC=55","level":"stat"}
{"@timestamp":"2025-06-29T13:56:09.982Z","caller":"load/sheddingstat.go:61","content":"(api) shedding_stat [1m], cpu: 0, total: 7, pass: 7, drop: 0","level":"stat"}
{"@timestamp":"2025-06-29T13:57:03.205Z","caller":"stat/metrics.go:210","content":"(appuser-api) - qps: 0.0/s, drops: 0, avg time: 0.0ms, med: 0.0ms, 90th: 0.0ms, 99th: 0.0ms, 99.9th: 0.0ms","level":"stat"}
{"@timestamp":"2025-06-29T13:57:09.944Z","caller":"stat/usage.go:61","content":"CPU: 0m, MEMORY: Alloc=4.4Mi, TotalAlloc=150.8Mi, Sys=18.6Mi, NumGC=56","level":"stat"}
{"@timestamp":"2025-06-29T13:57:09.982Z","caller":"load/sheddingstat.go:61","content":"(api) shedding_stat [1m], cpu: 0, total: 0, pass: 0, drop: 0","level":"stat"}
{"@timestamp":"2025-06-29T13:58:03.206Z","caller":"stat/metrics.go:210","content":"(appuser-api) - qps: 0.0/s, drops: 0, avg time: 0.0ms, med: 0.0ms, 90th: 0.0ms, 99th: 0.0ms, 99.9th: 0.0ms","level":"stat"}
{"@timestamp":"2025-06-29T13:58:09.944Z","caller":"stat/usage.go:61","content":"CPU: 0m, MEMORY: Alloc=4.8Mi, TotalAlloc=154.2Mi, Sys=18.6Mi, NumGC=57","level":"stat"}
{"@timestamp":"2025-06-29T13:58:09.982Z","caller":"load/sheddingstat.go:61","content":"(api) shedding_stat [1m], cpu: 0, total: 0, pass: 0, drop: 0","level":"stat"}
{"@timestamp":"2025-06-29T13:59:03.205Z","caller":"stat/metrics.go:210","content":"(appuser-api) - qps: 0.0/s, drops: 0, avg time: 0.0ms, med: 0.0ms, 90th: 0.0ms, 99th: 0.0ms, 99.9th: 0.0ms","level":"stat"}
{"@timestamp":"2025-06-29T13:59:09.944Z","caller":"stat/usage.go:61","content":"CPU: 0m, MEMORY: Alloc=5.3Mi, TotalAlloc=157.5Mi, Sys=18.6Mi, NumGC=58","level":"stat"}
{"@timestamp":"2025-06-29T13:59:09.983Z","caller":"load/sheddingstat.go:61","content":"(api) shedding_stat [1m], cpu: 0, total: 0, pass: 0, drop: 0","level":"stat"}
{"@timestamp":"2025-06-29T14:00:03.206Z","caller":"stat/metrics.go:210","content":"(appuser-api) - qps: 0.0/s, drops: 0, avg time: 0.0ms, med: 0.0ms, 90th: 0.0ms, 99th: 0.0ms, 99.9th: 0.0ms","level":"stat"}
{"@timestamp":"2025-06-29T14:00:09.944Z","caller":"stat/usage.go:61","content":"CPU: 0m, MEMORY: Alloc=5.7Mi, TotalAlloc=160.9Mi, Sys=18.6Mi, NumGC=59","level":"stat"}
{"@timestamp":"2025-06-29T14:00:09.982Z","caller":"load/sheddingstat.go:61","content":"(api) shedding_stat [1m], cpu: 0, total: 0, pass: 0, drop: 0","level":"stat"}
{"@timestamp":"2025-06-29T14:01:03.205Z","caller":"stat/metrics.go:210","content":"(appuser-api) - qps: 0.0/s, drops: 0, avg time: 0.0ms, med: 0.0ms, 90th: 0.0ms, 99th: 0.0ms, 99.9th: 0.0ms","level":"stat"}
{"@timestamp":"2025-06-29T14:01:09.944Z","caller":"stat/usage.go:61","content":"CPU: 60m, MEMORY: Alloc=3.5Mi, TotalAlloc=164.4Mi, Sys=18.6Mi, NumGC=61","level":"stat"}
{"@timestamp":"2025-06-29T14:01:09.982Z","caller":"load/sheddingstat.go:61","content":"(api) shedding_stat [1m], cpu: 60, total: 0, pass: 0, drop: 0","level":"stat"}
{"@timestamp":"2025-06-29T14:02:03.205Z","caller":"stat/metrics.go:210","content":"(appuser-api) - qps: 0.0/s, drops: 0, avg time: 0.0ms, med: 0.0ms, 90th: 0.0ms, 99th: 0.0ms, 99.9th: 0.0ms","level":"stat"}
{"@timestamp":"2025-06-29T14:02:09.945Z","caller":"stat/usage.go:61","content":"CPU: 0m, MEMORY: Alloc=4.0Mi, TotalAlloc=167.7Mi, Sys=18.6Mi, NumGC=62","level":"stat"}
{"@timestamp":"2025-06-29T14:02:09.982Z","caller":"load/sheddingstat.go:61","content":"(api) shedding_stat [1m], cpu: 0, total: 0, pass: 0, drop: 0","level":"stat"}
{"@timestamp":"2025-06-29T14:03:03.205Z","caller":"stat/metrics.go:210","content":"(appuser-api) - qps: 0.0/s, drops: 0, avg time: 0.0ms, med: 0.0ms, 90th: 0.0ms, 99th: 0.0ms, 99.9th: 0.0ms","level":"stat"}
{"@timestamp":"2025-06-29T14:03:09.945Z","caller":"stat/usage.go:61","content":"CPU: 1m, MEMORY: Alloc=4.4Mi, TotalAlloc=171.1Mi, Sys=18.6Mi, NumGC=63","level":"stat"}
{"@timestamp":"2025-06-29T14:03:09.982Z","caller":"load/sheddingstat.go:61","content":"(api) shedding_stat [1m], cpu: 1, total: 0, pass: 0, drop: 0","level":"stat"}
{"@timestamp":"2025-06-29T14:04:03.205Z","caller":"stat/metrics.go:210","content":"(appuser-api) - qps: 0.0/s, drops: 0, avg time: 0.0ms, med: 0.0ms, 90th: 0.0ms, 99th: 0.0ms, 99.9th: 0.0ms","level":"stat"}
{"@timestamp":"2025-06-29T14:04:09.944Z","caller":"stat/usage.go:61","content":"CPU: 54m, MEMORY: Alloc=5.0Mi, TotalAlloc=174.4Mi, Sys=18.6Mi, NumGC=64","level":"stat"}
{"@timestamp":"2025-06-29T14:04:09.983Z","caller":"load/sheddingstat.go:61","content":"(api) shedding_stat [1m], cpu: 54, total: 0, pass: 0, drop: 0","level":"stat"}
{"@timestamp":"2025-06-29T14:05:03.206Z","caller":"stat/metrics.go:210","content":"(appuser-api) - qps: 0.0/s, drops: 0, avg time: 0.0ms, med: 0.0ms, 90th: 0.0ms, 99th: 0.0ms, 99.9th: 0.0ms","level":"stat"}
{"@timestamp":"2025-06-29T14:05:09.944Z","caller":"stat/usage.go:61","content":"CPU: 0m, MEMORY: Alloc=5.5Mi, TotalAlloc=177.8Mi, Sys=18.6Mi, NumGC=65","level":"stat"}
{"@timestamp":"2025-06-29T14:05:09.982Z","caller":"load/sheddingstat.go:61","content":"(api) shedding_stat [1m], cpu: 0, total: 0, pass: 0, drop: 0","level":"stat"}
{"@timestamp":"2025-06-29T14:06:03.205Z","caller":"stat/metrics.go:210","content":"(appuser-api) - qps: 0.0/s, drops: 0, avg time: 0.0ms, med: 0.0ms, 90th: 0.0ms, 99th: 0.0ms, 99.9th: 0.0ms","level":"stat"}
{"@timestamp":"2025-06-29T14:06:09.945Z","caller":"stat/usage.go:61","content":"CPU: 1m, MEMORY: Alloc=3.2Mi, TotalAlloc=181.3Mi, Sys=18.6Mi, NumGC=67","level":"stat"}
{"@timestamp":"2025-06-29T14:06:09.982Z","caller":"load/sheddingstat.go:61","content":"(api) shedding_stat [1m], cpu: 1, total: 0, pass: 0, drop: 0","level":"stat"}
{"@timestamp":"2025-06-29T14:07:03.205Z","caller":"stat/metrics.go:210","content":"(appuser-api) - qps: 0.0/s, drops: 0, avg time: 0.0ms, med: 0.0ms, 90th: 0.0ms, 99th: 0.0ms, 99.9th: 0.0ms","level":"stat"}
{"@timestamp":"2025-06-29T14:07:09.945Z","caller":"stat/usage.go:61","content":"CPU: 0m, MEMORY: Alloc=3.8Mi, TotalAlloc=184.6Mi, Sys=18.6Mi, NumGC=68","level":"stat"}
{"@timestamp":"2025-06-29T14:07:09.982Z","caller":"load/sheddingstat.go:61","content":"(api) shedding_stat [1m], cpu: 0, total: 0, pass: 0, drop: 0","level":"stat"}
{"@timestamp":"2025-06-29T14:08:03.205Z","caller":"stat/metrics.go:210","content":"(appuser-api) - qps: 0.0/s, drops: 0, avg time: 0.0ms, med: 0.0ms, 90th: 0.0ms, 99th: 0.0ms, 99.9th: 0.0ms","level":"stat"}
{"@timestamp":"2025-06-29T14:08:09.945Z","caller":"stat/usage.go:61","content":"CPU: 0m, MEMORY: Alloc=4.4Mi, TotalAlloc=188.0Mi, Sys=18.6Mi, NumGC=69","level":"stat"}
{"@timestamp":"2025-06-29T14:08:09.982Z","caller":"load/sheddingstat.go:61","content":"(api) shedding_stat [1m], cpu: 0, total: 0, pass: 0, drop: 0","level":"stat"}
{"@timestamp":"2025-06-29T14:08:54.205Z","caller":"p2c/p2c.go:195","content":"p2c - conn: 10.10.10.6:20001, load: 1957, reqs: 1","level":"stat"}
{"@timestamp":"2025-06-29T14:09:03.206Z","caller":"stat/metrics.go:210","content":"(appuser-api) - qps: 0.1/s, drops: 0, avg time: 20.8ms, med: 0.1ms, 90th: 121.4ms, 99th: 121.4ms, 99.9th: 121.4ms","level":"stat"}
{"@timestamp":"2025-06-29T14:09:09.945Z","caller":"stat/usage.go:61","content":"CPU: 0m, MEMORY: Alloc=5.1Mi, TotalAlloc=191.6Mi, Sys=18.6Mi, NumGC=70","level":"stat"}
{"@timestamp":"2025-06-29T14:09:09.982Z","caller":"load/sheddingstat.go:61","content":"(api) shedding_stat [1m], cpu: 0, total: 6, pass: 6, drop: 0","level":"stat"}
{"@timestamp":"2025-06-29T14:10:03.205Z","caller":"stat/metrics.go:210","content":"(appuser-api) - qps: 0.0/s, drops: 0, avg time: 0.0ms, med: 0.0ms, 90th: 0.0ms, 99th: 0.0ms, 99.9th: 0.0ms","level":"stat"}
{"@timestamp":"2025-06-29T14:10:07.791Z","caller":"p2c/p2c.go:195","content":"p2c - conn: 10.10.10.6:20001, load: 11007, reqs: 2","level":"stat"}
{"@timestamp":"2025-06-29T14:10:09.945Z","caller":"stat/usage.go:61","content":"CPU: 0m, MEMORY: Alloc=5.7Mi, TotalAlloc=195.0Mi, Sys=18.6Mi, NumGC=71","level":"stat"}
{"@timestamp":"2025-06-29T14:10:09.982Z","caller":"load/sheddingstat.go:61","content":"(api) shedding_stat [1m], cpu: 0, total: 1, pass: 1, drop: 0","level":"stat"}
{"@timestamp":"2025-06-29T14:11:03.205Z","caller":"stat/metrics.go:210","content":"(appuser-api) - qps: 0.1/s, drops: 0, avg time: 31.6ms, med: 3.3ms, 90th: 121.5ms, 99th: 121.5ms, 99.9th: 121.5ms","level":"stat"}
{"@timestamp":"2025-06-29T14:11:09.945Z","caller":"stat/usage.go:61","content":"CPU: 0m, MEMORY: Alloc=3.8Mi, TotalAlloc=198.5Mi, Sys=18.6Mi, NumGC=73","level":"stat"}
{"@timestamp":"2025-06-29T14:11:09.982Z","caller":"load/sheddingstat.go:61","content":"(api) shedding_stat [1m], cpu: 0, total: 6, pass: 6, drop: 0","level":"stat"}
{"@timestamp":"2025-06-29T14:12:03.206Z","caller":"stat/metrics.go:210","content":"(appuser-api) - qps: 0.0/s, drops: 0, avg time: 0.0ms, med: 0.0ms, 90th: 0.0ms, 99th: 0.0ms, 99.9th: 0.0ms","level":"stat"}
{"@timestamp":"2025-06-29T14:12:09.944Z","caller":"stat/usage.go:61","content":"CPU: 0m, MEMORY: Alloc=4.1Mi, TotalAlloc=201.9Mi, Sys=18.6Mi, NumGC=74","level":"stat"}
{"@timestamp":"2025-06-29T14:12:09.983Z","caller":"load/sheddingstat.go:61","content":"(api) shedding_stat [1m], cpu: 0, total: 0, pass: 0, drop: 0","level":"stat"}
{"@timestamp":"2025-06-29T14:13:03.205Z","caller":"stat/metrics.go:210","content":"(appuser-api) - qps: 0.0/s, drops: 0, avg time: 0.0ms, med: 0.0ms, 90th: 0.0ms, 99th: 0.0ms, 99.9th: 0.0ms","level":"stat"}
{"@timestamp":"2025-06-29T14:13:09.945Z","caller":"stat/usage.go:61","content":"CPU: 0m, MEMORY: Alloc=4.6Mi, TotalAlloc=205.2Mi, Sys=18.6Mi, NumGC=75","level":"stat"}
{"@timestamp":"2025-06-29T14:13:09.983Z","caller":"load/sheddingstat.go:61","content":"(api) shedding_stat [1m], cpu: 0, total: 0, pass: 0, drop: 0","level":"stat"}
{"@timestamp":"2025-06-29T14:14:03.206Z","caller":"stat/metrics.go:210","content":"(appuser-api) - qps: 0.0/s, drops: 0, avg time: 0.0ms, med: 0.0ms, 90th: 0.0ms, 99th: 0.0ms, 99.9th: 0.0ms","level":"stat"}
{"@timestamp":"2025-06-29T14:14:09.945Z","caller":"stat/usage.go:61","content":"CPU: 0m, MEMORY: Alloc=5.2Mi, TotalAlloc=208.6Mi, Sys=18.6Mi, NumGC=76","level":"stat"}
{"@timestamp":"2025-06-29T14:14:09.982Z","caller":"load/sheddingstat.go:61","content":"(api) shedding_stat [1m], cpu: 0, total: 0, pass: 0, drop: 0","level":"stat"}
{"@timestamp":"2025-06-29T14:15:03.205Z","caller":"stat/metrics.go:210","content":"(appuser-api) - qps: 0.0/s, drops: 0, avg time: 0.0ms, med: 0.0ms, 90th: 0.0ms, 99th: 0.0ms, 99.9th: 0.0ms","level":"stat"}
{"@timestamp":"2025-06-29T14:15:09.945Z","caller":"stat/usage.go:61","content":"CPU: 0m, MEMORY: Alloc=5.6Mi, TotalAlloc=212.0Mi, Sys=18.6Mi, NumGC=77","level":"stat"}
{"@timestamp":"2025-06-29T14:15:09.982Z","caller":"load/sheddingstat.go:61","content":"(api) shedding_stat [1m], cpu: 0, total: 0, pass: 0, drop: 0","level":"stat"}
{"@timestamp":"2025-06-29T14:15:53.632Z","caller":"p2c/p2c.go:195","content":"p2c - conn: 10.10.10.6:20001, load: 9911, reqs: 1","level":"stat"}
{"@timestamp":"2025-06-29T14:16:03.206Z","caller":"stat/metrics.go:210","content":"(appuser-api) - qps: 0.0/s, drops: 0, avg time: 98.0ms, med: 98.5ms, 90th: 98.5ms, 99th: 98.5ms, 99.9th: 98.5ms","level":"stat"}
{"@timestamp":"2025-06-29T14:16:09.945Z","caller":"stat/usage.go:61","content":"CPU: 0m, MEMORY: Alloc=3.6Mi, TotalAlloc=215.5Mi, Sys=18.6Mi, NumGC=79","level":"stat"}
{"@timestamp":"2025-06-29T14:16:09.983Z","caller":"load/sheddingstat.go:61","content":"(api) shedding_stat [1m], cpu: 0, total: 1, pass: 1, drop: 0","level":"stat"}
{"@timestamp":"2025-06-29T14:17:03.205Z","caller":"stat/metrics.go:210","content":"(appuser-api) - qps: 0.0/s, drops: 0, avg time: 0.0ms, med: 0.0ms, 90th: 0.0ms, 99th: 0.0ms, 99.9th: 0.0ms","level":"stat"}
{"@timestamp":"2025-06-29T14:17:09.945Z","caller":"stat/usage.go:61","content":"CPU: 0m, MEMORY: Alloc=4.1Mi, TotalAlloc=218.9Mi, Sys=18.6Mi, NumGC=80","level":"stat"}
{"@timestamp":"2025-06-29T14:17:09.982Z","caller":"load/sheddingstat.go:61","content":"(api) shedding_stat [1m], cpu: 0, total: 0, pass: 0, drop: 0","level":"stat"}
{"@timestamp":"2025-06-29T14:18:03.206Z","caller":"stat/metrics.go:210","content":"(appuser-api) - qps: 0.0/s, drops: 0, avg time: 0.0ms, med: 0.0ms, 90th: 0.0ms, 99th: 0.0ms, 99.9th: 0.0ms","level":"stat"}
{"@timestamp":"2025-06-29T14:18:09.944Z","caller":"stat/usage.go:61","content":"CPU: 0m, MEMORY: Alloc=4.5Mi, TotalAlloc=222.2Mi, Sys=18.6Mi, NumGC=81","level":"stat"}
{"@timestamp":"2025-06-29T14:18:09.983Z","caller":"load/sheddingstat.go:61","content":"(api) shedding_stat [1m], cpu: 0, total: 0, pass: 0, drop: 0","level":"stat"}
{"@timestamp":"2025-06-29T14:18:55.676Z","caller":"p2c/p2c.go:195","content":"p2c - conn: 10.10.10.6:20001, load: 1399, reqs: 1","level":"stat"}
{"@timestamp":"2025-06-29T14:19:03.205Z","caller":"stat/metrics.go:210","content":"(appuser-api) - qps: 0.1/s, drops: 0, avg time: 16.7ms, med: 0.1ms, 90th: 97.6ms, 99th: 97.6ms, 99.9th: 97.6ms","level":"stat"}
{"@timestamp":"2025-06-29T14:19:09.944Z","caller":"stat/usage.go:61","content":"CPU: 0m, MEMORY: Alloc=5.2Mi, TotalAlloc=225.8Mi, Sys=18.6Mi, NumGC=82","level":"stat"}
{"@timestamp":"2025-06-29T14:19:09.982Z","caller":"load/sheddingstat.go:61","content":"(api) shedding_stat [1m], cpu: 0, total: 6, pass: 6, drop: 0","level":"stat"}
{"@timestamp":"2025-06-29T14:19:53.362Z","caller":"p2c/p2c.go:195","content":"p2c - conn: 10.10.10.6:20001, load: 2506, reqs: 1","level":"stat"}
{"@timestamp":"2025-06-29T14:20:44.955Z","caller":"stat/usage.go:61","content":"CPU: 0m, MEMORY: Alloc=4.9Mi, TotalAlloc=8.7Mi, Sys=18.3Mi, NumGC=4","level":"stat"}
{"@timestamp":"2025-06-29T14:20:44.988Z","caller":"load/sheddingstat.go:61","content":"(api) shedding_stat [1m], cpu: 0, total: 6, pass: 6, drop: 0","level":"stat"}
{"@timestamp":"2025-06-29T14:20:53.363Z","caller":"stat/metrics.go:210","content":"(appuser-api) - qps: 0.1/s, drops: 0, avg time: 21.0ms, med: 0.2ms, 90th: 119.5ms, 99th: 119.5ms, 99.9th: 119.5ms","level":"stat"}
{"@timestamp":"2025-06-29T14:21:44.955Z","caller":"stat/usage.go:61","content":"CPU: 0m, MEMORY: Alloc=4.0Mi, TotalAlloc=12.1Mi, Sys=18.3Mi, NumGC=6","level":"stat"}
{"@timestamp":"2025-06-29T14:21:44.987Z","caller":"load/sheddingstat.go:61","content":"(api) shedding_stat [1m], cpu: 0, total: 0, pass: 0, drop: 0","level":"stat"}
{"@timestamp":"2025-06-29T14:21:53.364Z","caller":"stat/metrics.go:210","content":"(appuser-api) - qps: 0.0/s, drops: 0, avg time: 0.0ms, med: 0.0ms, 90th: 0.0ms, 99th: 0.0ms, 99.9th: 0.0ms","level":"stat"}
{"@timestamp":"2025-06-29T14:22:44.920Z","caller":"p2c/p2c.go:195","content":"p2c - conn: 10.10.10.6:20001, load: 9787, reqs: 1","level":"stat"}
{"@timestamp":"2025-06-29T14:23:34.645Z","caller":"stat/usage.go:61","content":"CPU: 1m, MEMORY: Alloc=3.8Mi, TotalAlloc=8.7Mi, Sys=18.6Mi, NumGC=4","level":"stat"}
{"@timestamp":"2025-06-29T14:23:34.673Z","caller":"load/sheddingstat.go:61","content":"(api) shedding_stat [1m], cpu: 1, total: 4, pass: 4, drop: 0","level":"stat"}
{"@timestamp":"2025-06-29T14:23:44.920Z","caller":"stat/metrics.go:210","content":"(appuser-api) - qps: 0.1/s, drops: 0, avg time: 61.0ms, med: 96.8ms, 90th: 109.1ms, 99th: 109.1ms, 99.9th: 109.1ms","level":"stat"}
{"@timestamp":"2025-06-29T14:23:45.786Z","caller":"p2c/p2c.go:195","content":"p2c - conn: 10.10.10.6:20001, load: 4687, reqs: 4","level":"stat"}
{"@timestamp":"2025-06-29T14:24:34.647Z","caller":"stat/usage.go:61","content":"CPU: 1m, MEMORY: Alloc=5.3Mi, TotalAlloc=12.2Mi, Sys=18.6Mi, NumGC=5","level":"stat"}
{"@timestamp":"2025-06-29T14:24:34.673Z","caller":"load/sheddingstat.go:61","content":"(api) shedding_stat [1m], cpu: 1, total: 2, pass: 2, drop: 0","level":"stat"}
{"@timestamp":"2025-06-29T14:24:44.920Z","caller":"stat/metrics.go:210","content":"(appuser-api) - qps: 0.0/s, drops: 0, avg time: 3.0ms, med: 3.9ms, 90th: 3.9ms, 99th: 3.9ms, 99.9th: 3.9ms","level":"stat"}
{"@timestamp":"2025-06-29T14:25:34.645Z","caller":"stat/usage.go:61","content":"CPU: 1m, MEMORY: Alloc=4.0Mi, TotalAlloc=15.5Mi, Sys=18.6Mi, NumGC=7","level":"stat"}
{"@timestamp":"2025-06-29T14:25:34.673Z","caller":"load/sheddingstat.go:61","content":"(api) shedding_stat [1m], cpu: 1, total: 0, pass: 0, drop: 0","level":"stat"}
{"@timestamp":"2025-06-29T14:25:44.920Z","caller":"stat/metrics.go:210","content":"(appuser-api) - qps: 0.0/s, drops: 0, avg time: 0.0ms, med: 0.0ms, 90th: 0.0ms, 99th: 0.0ms, 99.9th: 0.0ms","level":"stat"}
{"@timestamp":"2025-06-29T14:26:34.645Z","caller":"stat/usage.go:61","content":"CPU: 0m, MEMORY: Alloc=5.0Mi, TotalAlloc=18.9Mi, Sys=18.6Mi, NumGC=8","level":"stat"}
{"@timestamp":"2025-06-29T14:26:34.673Z","caller":"load/sheddingstat.go:61","content":"(api) shedding_stat [1m], cpu: 0, total: 0, pass: 0, drop: 0","level":"stat"}
{"@timestamp":"2025-06-29T14:26:44.921Z","caller":"stat/metrics.go:210","content":"(appuser-api) - qps: 0.0/s, drops: 0, avg time: 0.0ms, med: 0.0ms, 90th: 0.0ms, 99th: 0.0ms, 99.9th: 0.0ms","level":"stat"}
{"@timestamp":"2025-06-29T14:27:34.644Z","caller":"stat/usage.go:61","content":"CPU: 0m, MEMORY: Alloc=5.5Mi, TotalAlloc=22.3Mi, Sys=18.6Mi, NumGC=9","level":"stat"}
{"@timestamp":"2025-06-29T14:27:34.673Z","caller":"load/sheddingstat.go:61","content":"(api) shedding_stat [1m], cpu: 0, total: 0, pass: 0, drop: 0","level":"stat"}
{"@timestamp":"2025-06-29T14:27:44.920Z","caller":"stat/metrics.go:210","content":"(appuser-api) - qps: 0.0/s, drops: 0, avg time: 0.0ms, med: 0.0ms, 90th: 0.0ms, 99th: 0.0ms, 99.9th: 0.0ms","level":"stat"}
{"@timestamp":"2025-06-29T14:28:34.644Z","caller":"stat/usage.go:61","content":"CPU: 0m, MEMORY: Alloc=3.2Mi, TotalAlloc=25.6Mi, Sys=18.6Mi, NumGC=11","level":"stat"}
{"@timestamp":"2025-06-29T14:28:34.674Z","caller":"load/sheddingstat.go:61","content":"(api) shedding_stat [1m], cpu: 0, total: 0, pass: 0, drop: 0","level":"stat"}
{"@timestamp":"2025-06-29T14:28:44.920Z","caller":"stat/metrics.go:210","content":"(appuser-api) - qps: 0.0/s, drops: 0, avg time: 0.0ms, med: 0.0ms, 90th: 0.0ms, 99th: 0.0ms, 99.9th: 0.0ms","level":"stat"}
{"@timestamp":"2025-06-29T14:29:34.645Z","caller":"stat/usage.go:61","content":"CPU: 0m, MEMORY: Alloc=4.0Mi, TotalAlloc=29.1Mi, Sys=18.6Mi, NumGC=12","level":"stat"}
{"@timestamp":"2025-06-29T14:29:34.673Z","caller":"load/sheddingstat.go:61","content":"(api) shedding_stat [1m], cpu: 0, total: 0, pass: 0, drop: 0","level":"stat"}
{"@timestamp":"2025-06-29T14:29:44.920Z","caller":"stat/metrics.go:210","content":"(appuser-api) - qps: 0.0/s, drops: 0, avg time: 0.0ms, med: 0.0ms, 90th: 0.0ms, 99th: 0.0ms, 99.9th: 0.0ms","level":"stat"}
{"@timestamp":"2025-06-29T14:30:34.645Z","caller":"stat/usage.go:61","content":"CPU: 0m, MEMORY: Alloc=4.6Mi, TotalAlloc=32.4Mi, Sys=18.6Mi, NumGC=13","level":"stat"}
{"@timestamp":"2025-06-29T14:30:34.672Z","caller":"load/sheddingstat.go:61","content":"(api) shedding_stat [1m], cpu: 0, total: 0, pass: 0, drop: 0","level":"stat"}
{"@timestamp":"2025-06-29T14:30:44.921Z","caller":"stat/metrics.go:210","content":"(appuser-api) - qps: 0.0/s, drops: 0, avg time: 0.0ms, med: 0.0ms, 90th: 0.0ms, 99th: 0.0ms, 99.9th: 0.0ms","level":"stat"}
{"@timestamp":"2025-06-29T14:31:34.645Z","caller":"stat/usage.go:61","content":"CPU: 0m, MEMORY: Alloc=5.1Mi, TotalAlloc=35.8Mi, Sys=18.6Mi, NumGC=14","level":"stat"}
{"@timestamp":"2025-06-29T14:31:34.674Z","caller":"load/sheddingstat.go:61","content":"(api) shedding_stat [1m], cpu: 0, total: 0, pass: 0, drop: 0","level":"stat"}
{"@timestamp":"2025-06-29T14:31:44.921Z","caller":"stat/metrics.go:210","content":"(appuser-api) - qps: 0.0/s, drops: 0, avg time: 0.0ms, med: 0.0ms, 90th: 0.0ms, 99th: 0.0ms, 99.9th: 0.0ms","level":"stat"}
{"@timestamp":"2025-06-29T14:32:34.644Z","caller":"stat/usage.go:61","content":"CPU: 0m, MEMORY: Alloc=5.7Mi, TotalAlloc=39.2Mi, Sys=18.6Mi, NumGC=15","level":"stat"}
{"@timestamp":"2025-06-29T14:32:34.672Z","caller":"load/sheddingstat.go:61","content":"(api) shedding_stat [1m], cpu: 0, total: 0, pass: 0, drop: 0","level":"stat"}
{"@timestamp":"2025-06-29T14:32:44.920Z","caller":"stat/metrics.go:210","content":"(appuser-api) - qps: 0.0/s, drops: 0, avg time: 0.0ms, med: 0.0ms, 90th: 0.0ms, 99th: 0.0ms, 99.9th: 0.0ms","level":"stat"}
{"@timestamp":"2025-06-29T14:33:31.699Z","caller":"p2c/p2c.go:195","content":"p2c - conn: 10.10.10.6:20001, load: 1938, reqs: 1","level":"stat"}
{"@timestamp":"2025-06-29T14:33:34.645Z","caller":"stat/usage.go:61","content":"CPU: 1m, MEMORY: Alloc=3.5Mi, TotalAlloc=42.9Mi, Sys=18.6Mi, NumGC=17","level":"stat"}
{"@timestamp":"2025-06-29T14:33:34.674Z","caller":"load/sheddingstat.go:61","content":"(api) shedding_stat [1m], cpu: 1, total: 6, pass: 6, drop: 0","level":"stat"}
{"@timestamp":"2025-06-29T14:33:44.920Z","caller":"stat/metrics.go:210","content":"(appuser-api) - qps: 0.1/s, drops: 0, avg time: 53.0ms, med: 10.4ms, 90th: 199.1ms, 99th: 199.1ms, 99.9th: 199.1ms","level":"stat"}
{"@timestamp":"2025-06-29T14:34:34.644Z","caller":"stat/usage.go:61","content":"CPU: 0m, MEMORY: Alloc=4.5Mi, TotalAlloc=46.5Mi, Sys=18.6Mi, NumGC=18","level":"stat"}
{"@timestamp":"2025-06-29T14:34:34.674Z","caller":"load/sheddingstat.go:61","content":"(api) shedding_stat [1m], cpu: 0, total: 5, pass: 5, drop: 0","level":"stat"}
{"@timestamp":"2025-06-29T14:34:44.921Z","caller":"stat/metrics.go:210","content":"(appuser-api) - qps: 0.1/s, drops: 0, avg time: 6.6ms, med: 6.5ms, 90th: 19.7ms, 99th: 19.7ms, 99.9th: 19.7ms","level":"stat"}
{"@timestamp":"2025-06-29T14:35:14.044Z","caller":"p2c/p2c.go:195","content":"p2c - conn: 10.10.10.6:20001, load: 11627, reqs: 10","level":"stat"}
{"@timestamp":"2025-06-29T14:35:34.644Z","caller":"stat/usage.go:61","content":"CPU: 0m, MEMORY: Alloc=5.0Mi, TotalAlloc=49.9Mi, Sys=18.8Mi, NumGC=19","level":"stat"}
{"@timestamp":"2025-06-29T14:35:34.673Z","caller":"load/sheddingstat.go:61","content":"(api) shedding_stat [1m], cpu: 0, total: 2, pass: 2, drop: 0","level":"stat"}
{"@timestamp":"2025-06-29T14:35:44.921Z","caller":"stat/metrics.go:210","content":"(appuser-api) - qps: 0.0/s, drops: 0, avg time: 130.0ms, med: 136.2ms, 90th: 136.2ms, 99th: 136.2ms, 99.9th: 136.2ms","level":"stat"}
{"@timestamp":"2025-06-29T14:36:34.645Z","caller":"stat/usage.go:61","content":"CPU: 0m, MEMORY: Alloc=5.4Mi, TotalAlloc=53.3Mi, Sys=18.8Mi, NumGC=20","level":"stat"}
{"@timestamp":"2025-06-29T14:36:34.674Z","caller":"load/sheddingstat.go:61","content":"(api) shedding_stat [1m], cpu: 0, total: 2, pass: 2, drop: 0","level":"stat"}
{"@timestamp":"2025-06-29T14:36:44.922Z","caller":"stat/metrics.go:210","content":"(appuser-api) - qps: 0.0/s, drops: 0, avg time: 147.5ms, med: 198.0ms, 90th: 198.0ms, 99th: 198.0ms, 99.9th: 198.0ms","level":"stat"}
{"@timestamp":"2025-06-29T14:37:34.644Z","caller":"stat/usage.go:61","content":"CPU: 0m, MEMORY: Alloc=5.8Mi, TotalAlloc=56.7Mi, Sys=18.8Mi, NumGC=21","level":"stat"}
{"@timestamp":"2025-06-29T14:37:34.672Z","caller":"load/sheddingstat.go:61","content":"(api) shedding_stat [1m], cpu: 0, total: 0, pass: 0, drop: 0","level":"stat"}
{"@timestamp":"2025-06-29T14:37:44.920Z","caller":"stat/metrics.go:210","content":"(appuser-api) - qps: 0.0/s, drops: 0, avg time: 0.0ms, med: 0.0ms, 90th: 0.0ms, 99th: 0.0ms, 99.9th: 0.0ms","level":"stat"}
{"@timestamp":"2025-06-29T14:38:34.644Z","caller":"stat/usage.go:61","content":"CPU: 0m, MEMORY: Alloc=3.2Mi, TotalAlloc=60.1Mi, Sys=18.8Mi, NumGC=23","level":"stat"}
{"@timestamp":"2025-06-29T14:38:34.673Z","caller":"load/sheddingstat.go:61","content":"(api) shedding_stat [1m], cpu: 0, total: 0, pass: 0, drop: 0","level":"stat"}
{"@timestamp":"2025-06-29T14:38:44.920Z","caller":"stat/metrics.go:210","content":"(appuser-api) - qps: 0.0/s, drops: 0, avg time: 0.0ms, med: 0.0ms, 90th: 0.0ms, 99th: 0.0ms, 99.9th: 0.0ms","level":"stat"}
{"@timestamp":"2025-06-29T14:39:34.644Z","caller":"stat/usage.go:61","content":"CPU: 0m, MEMORY: Alloc=3.8Mi, TotalAlloc=63.5Mi, Sys=18.8Mi, NumGC=24","level":"stat"}
{"@timestamp":"2025-06-29T14:39:34.672Z","caller":"load/sheddingstat.go:61","content":"(api) shedding_stat [1m], cpu: 0, total: 0, pass: 0, drop: 0","level":"stat"}
{"@timestamp":"2025-06-29T14:39:44.920Z","caller":"stat/metrics.go:210","content":"(appuser-api) - qps: 0.0/s, drops: 0, avg time: 0.0ms, med: 0.0ms, 90th: 0.0ms, 99th: 0.0ms, 99.9th: 0.0ms","level":"stat"}
{"@timestamp":"2025-06-29T14:40:34.644Z","caller":"stat/usage.go:61","content":"CPU: 0m, MEMORY: Alloc=4.3Mi, TotalAlloc=66.8Mi, Sys=18.8Mi, NumGC=25","level":"stat"}
{"@timestamp":"2025-06-29T14:40:34.673Z","caller":"load/sheddingstat.go:61","content":"(api) shedding_stat [1m], cpu: 0, total: 0, pass: 0, drop: 0","level":"stat"}
{"@timestamp":"2025-06-29T14:40:44.921Z","caller":"stat/metrics.go:210","content":"(appuser-api) - qps: 0.0/s, drops: 0, avg time: 0.0ms, med: 0.0ms, 90th: 0.0ms, 99th: 0.0ms, 99.9th: 0.0ms","level":"stat"}
{"@timestamp":"2025-06-29T14:41:34.644Z","caller":"stat/usage.go:61","content":"CPU: 0m, MEMORY: Alloc=5.0Mi, TotalAlloc=70.3Mi, Sys=18.8Mi, NumGC=26","level":"stat"}
{"@timestamp":"2025-06-29T14:41:34.673Z","caller":"load/sheddingstat.go:61","content":"(api) shedding_stat [1m], cpu: 0, total: 0, pass: 0, drop: 0","level":"stat"}
{"@timestamp":"2025-06-29T14:41:44.920Z","caller":"stat/metrics.go:210","content":"(appuser-api) - qps: 0.0/s, drops: 0, avg time: 0.0ms, med: 0.0ms, 90th: 0.0ms, 99th: 0.0ms, 99.9th: 0.0ms","level":"stat"}
{"@timestamp":"2025-06-29T14:42:34.644Z","caller":"stat/usage.go:61","content":"CPU: 0m, MEMORY: Alloc=5.6Mi, TotalAlloc=73.6Mi, Sys=18.8Mi, NumGC=27","level":"stat"}
{"@timestamp":"2025-06-29T14:42:34.673Z","caller":"load/sheddingstat.go:61","content":"(api) shedding_stat [1m], cpu: 0, total: 0, pass: 0, drop: 0","level":"stat"}
{"@timestamp":"2025-06-29T14:42:44.920Z","caller":"stat/metrics.go:210","content":"(appuser-api) - qps: 0.0/s, drops: 0, avg time: 0.0ms, med: 0.0ms, 90th: 0.0ms, 99th: 0.0ms, 99.9th: 0.0ms","level":"stat"}
{"@timestamp":"2025-06-29T14:43:34.645Z","caller":"stat/usage.go:61","content":"CPU: 0m, MEMORY: Alloc=3.2Mi, TotalAlloc=77.0Mi, Sys=18.8Mi, NumGC=29","level":"stat"}
{"@timestamp":"2025-06-29T14:43:34.672Z","caller":"load/sheddingstat.go:61","content":"(api) shedding_stat [1m], cpu: 0, total: 0, pass: 0, drop: 0","level":"stat"}
{"@timestamp":"2025-06-29T14:43:44.920Z","caller":"stat/metrics.go:210","content":"(appuser-api) - qps: 0.0/s, drops: 0, avg time: 0.0ms, med: 0.0ms, 90th: 0.0ms, 99th: 0.0ms, 99.9th: 0.0ms","level":"stat"}
{"@timestamp":"2025-06-29T14:44:34.644Z","caller":"stat/usage.go:61","content":"CPU: 0m, MEMORY: Alloc=3.8Mi, TotalAlloc=80.4Mi, Sys=18.8Mi, NumGC=30","level":"stat"}
{"@timestamp":"2025-06-29T14:44:34.672Z","caller":"load/sheddingstat.go:61","content":"(api) shedding_stat [1m], cpu: 0, total: 0, pass: 0, drop: 0","level":"stat"}
{"@timestamp":"2025-06-29T14:44:44.920Z","caller":"stat/metrics.go:210","content":"(appuser-api) - qps: 0.0/s, drops: 0, avg time: 0.0ms, med: 0.0ms, 90th: 0.0ms, 99th: 0.0ms, 99.9th: 0.0ms","level":"stat"}
{"@timestamp":"2025-06-29T14:45:34.644Z","caller":"stat/usage.go:61","content":"CPU: 0m, MEMORY: Alloc=4.3Mi, TotalAlloc=83.7Mi, Sys=18.8Mi, NumGC=31","level":"stat"}
{"@timestamp":"2025-06-29T14:45:34.672Z","caller":"load/sheddingstat.go:61","content":"(api) shedding_stat [1m], cpu: 0, total: 0, pass: 0, drop: 0","level":"stat"}
{"@timestamp":"2025-06-29T14:45:44.920Z","caller":"stat/metrics.go:210","content":"(appuser-api) - qps: 0.0/s, drops: 0, avg time: 0.0ms, med: 0.0ms, 90th: 0.0ms, 99th: 0.0ms, 99.9th: 0.0ms","level":"stat"}
{"@timestamp":"2025-06-29T14:46:34.644Z","caller":"stat/usage.go:61","content":"CPU: 0m, MEMORY: Alloc=4.8Mi, TotalAlloc=87.2Mi, Sys=18.8Mi, NumGC=32","level":"stat"}
{"@timestamp":"2025-06-29T14:46:34.673Z","caller":"load/sheddingstat.go:61","content":"(api) shedding_stat [1m], cpu: 0, total: 0, pass: 0, drop: 0","level":"stat"}
{"@timestamp":"2025-06-29T14:46:44.922Z","caller":"stat/metrics.go:210","content":"(appuser-api) - qps: 0.0/s, drops: 0, avg time: 0.0ms, med: 0.0ms, 90th: 0.0ms, 99th: 0.0ms, 99.9th: 0.0ms","level":"stat"}
{"@timestamp":"2025-06-29T14:47:34.645Z","caller":"stat/usage.go:61","content":"CPU: 0m, MEMORY: Alloc=5.3Mi, TotalAlloc=90.6Mi, Sys=18.8Mi, NumGC=33","level":"stat"}
{"@timestamp":"2025-06-29T14:47:34.673Z","caller":"load/sheddingstat.go:61","content":"(api) shedding_stat [1m], cpu: 0, total: 0, pass: 0, drop: 0","level":"stat"}
{"@timestamp":"2025-06-29T14:47:44.921Z","caller":"stat/metrics.go:210","content":"(appuser-api) - qps: 0.0/s, drops: 0, avg time: 0.0ms, med: 0.0ms, 90th: 0.0ms, 99th: 0.0ms, 99.9th: 0.0ms","level":"stat"}
{"@timestamp":"2025-06-29T14:48:34.646Z","caller":"stat/usage.go:61","content":"CPU: 0m, MEMORY: Alloc=5.7Mi, TotalAlloc=93.9Mi, Sys=18.8Mi, NumGC=34","level":"stat"}
{"@timestamp":"2025-06-29T14:48:34.673Z","caller":"load/sheddingstat.go:61","content":"(api) shedding_stat [1m], cpu: 0, total: 0, pass: 0, drop: 0","level":"stat"}
{"@timestamp":"2025-06-29T14:48:44.920Z","caller":"stat/metrics.go:210","content":"(appuser-api) - qps: 0.0/s, drops: 0, avg time: 0.0ms, med: 0.0ms, 90th: 0.0ms, 99th: 0.0ms, 99.9th: 0.0ms","level":"stat"}
{"@timestamp":"2025-06-29T14:49:34.644Z","caller":"stat/usage.go:61","content":"CPU: 0m, MEMORY: Alloc=3.0Mi, TotalAlloc=97.3Mi, Sys=18.8Mi, NumGC=36","level":"stat"}
{"@timestamp":"2025-06-29T14:49:34.673Z","caller":"load/sheddingstat.go:61","content":"(api) shedding_stat [1m], cpu: 0, total: 0, pass: 0, drop: 0","level":"stat"}
{"@timestamp":"2025-06-29T14:49:44.920Z","caller":"stat/metrics.go:210","content":"(appuser-api) - qps: 0.0/s, drops: 0, avg time: 0.0ms, med: 0.0ms, 90th: 0.0ms, 99th: 0.0ms, 99.9th: 0.0ms","level":"stat"}
{"@timestamp":"2025-06-29T14:50:34.645Z","caller":"stat/usage.go:61","content":"CPU: 0m, MEMORY: Alloc=3.6Mi, TotalAlloc=100.7Mi, Sys=18.8Mi, NumGC=37","level":"stat"}
{"@timestamp":"2025-06-29T14:50:34.672Z","caller":"load/sheddingstat.go:61","content":"(api) shedding_stat [1m], cpu: 0, total: 0, pass: 0, drop: 0","level":"stat"}
{"@timestamp":"2025-06-29T14:50:44.920Z","caller":"stat/metrics.go:210","content":"(appuser-api) - qps: 0.0/s, drops: 0, avg time: 0.0ms, med: 0.0ms, 90th: 0.0ms, 99th: 0.0ms, 99.9th: 0.0ms","level":"stat"}
{"@timestamp":"2025-06-29T14:51:34.645Z","caller":"stat/usage.go:61","content":"CPU: 0m, MEMORY: Alloc=4.2Mi, TotalAlloc=104.1Mi, Sys=18.8Mi, NumGC=38","level":"stat"}
{"@timestamp":"2025-06-29T14:51:34.672Z","caller":"load/sheddingstat.go:61","content":"(api) shedding_stat [1m], cpu: 0, total: 0, pass: 0, drop: 0","level":"stat"}
{"@timestamp":"2025-06-29T14:51:44.920Z","caller":"stat/metrics.go:210","content":"(appuser-api) - qps: 0.0/s, drops: 0, avg time: 0.0ms, med: 0.0ms, 90th: 0.0ms, 99th: 0.0ms, 99.9th: 0.0ms","level":"stat"}
{"@timestamp":"2025-06-29T14:52:34.645Z","caller":"stat/usage.go:61","content":"CPU: 0m, MEMORY: Alloc=4.7Mi, TotalAlloc=107.5Mi, Sys=18.8Mi, NumGC=39","level":"stat"}
{"@timestamp":"2025-06-29T14:52:34.673Z","caller":"load/sheddingstat.go:61","content":"(api) shedding_stat [1m], cpu: 0, total: 0, pass: 0, drop: 0","level":"stat"}
{"@timestamp":"2025-06-29T14:52:44.921Z","caller":"stat/metrics.go:210","content":"(appuser-api) - qps: 0.0/s, drops: 0, avg time: 0.0ms, med: 0.0ms, 90th: 0.0ms, 99th: 0.0ms, 99.9th: 0.0ms","level":"stat"}
{"@timestamp":"2025-06-29T14:53:34.644Z","caller":"stat/usage.go:61","content":"CPU: 0m, MEMORY: Alloc=5.3Mi, TotalAlloc=110.8Mi, Sys=18.8Mi, NumGC=40","level":"stat"}
{"@timestamp":"2025-06-29T14:53:34.673Z","caller":"load/sheddingstat.go:61","content":"(api) shedding_stat [1m], cpu: 0, total: 0, pass: 0, drop: 0","level":"stat"}
{"@timestamp":"2025-06-29T14:53:44.920Z","caller":"stat/metrics.go:210","content":"(appuser-api) - qps: 0.0/s, drops: 0, avg time: 0.0ms, med: 0.0ms, 90th: 0.0ms, 99th: 0.0ms, 99.9th: 0.0ms","level":"stat"}
{"@timestamp":"2025-06-29T14:54:34.645Z","caller":"stat/usage.go:61","content":"CPU: 0m, MEMORY: Alloc=5.6Mi, TotalAlloc=114.2Mi, Sys=18.8Mi, NumGC=41","level":"stat"}
{"@timestamp":"2025-06-29T14:54:34.673Z","caller":"load/sheddingstat.go:61","content":"(api) shedding_stat [1m], cpu: 0, total: 0, pass: 0, drop: 0","level":"stat"}
{"@timestamp":"2025-06-29T14:54:44.921Z","caller":"stat/metrics.go:210","content":"(appuser-api) - qps: 0.0/s, drops: 0, avg time: 0.0ms, med: 0.0ms, 90th: 0.0ms, 99th: 0.0ms, 99.9th: 0.0ms","level":"stat"}
{"@timestamp":"2025-06-29T14:55:34.644Z","caller":"stat/usage.go:61","content":"CPU: 0m, MEMORY: Alloc=3.0Mi, TotalAlloc=117.6Mi, Sys=18.8Mi, NumGC=43","level":"stat"}
{"@timestamp":"2025-06-29T14:55:34.672Z","caller":"load/sheddingstat.go:61","content":"(api) shedding_stat [1m], cpu: 0, total: 0, pass: 0, drop: 0","level":"stat"}
{"@timestamp":"2025-06-29T14:55:44.921Z","caller":"stat/metrics.go:210","content":"(appuser-api) - qps: 0.0/s, drops: 0, avg time: 0.0ms, med: 0.0ms, 90th: 0.0ms, 99th: 0.0ms, 99.9th: 0.0ms","level":"stat"}
{"@timestamp":"2025-06-29T14:56:34.645Z","caller":"stat/usage.go:61","content":"CPU: 0m, MEMORY: Alloc=3.7Mi, TotalAlloc=121.0Mi, Sys=18.8Mi, NumGC=44","level":"stat"}
{"@timestamp":"2025-06-29T14:56:34.672Z","caller":"load/sheddingstat.go:61","content":"(api) shedding_stat [1m], cpu: 0, total: 0, pass: 0, drop: 0","level":"stat"}
{"@timestamp":"2025-06-29T14:56:44.920Z","caller":"stat/metrics.go:210","content":"(appuser-api) - qps: 0.0/s, drops: 0, avg time: 0.0ms, med: 0.0ms, 90th: 0.0ms, 99th: 0.0ms, 99.9th: 0.0ms","level":"stat"}
{"@timestamp":"2025-06-29T14:57:34.645Z","caller":"stat/usage.go:61","content":"CPU: 1m, MEMORY: Alloc=4.1Mi, TotalAlloc=124.4Mi, Sys=18.8Mi, NumGC=45","level":"stat"}
{"@timestamp":"2025-06-29T14:57:34.674Z","caller":"load/sheddingstat.go:61","content":"(api) shedding_stat [1m], cpu: 1, total: 0, pass: 0, drop: 0","level":"stat"}
{"@timestamp":"2025-06-29T14:57:44.921Z","caller":"stat/metrics.go:210","content":"(appuser-api) - qps: 0.0/s, drops: 0, avg time: 0.0ms, med: 0.0ms, 90th: 0.0ms, 99th: 0.0ms, 99.9th: 0.0ms","level":"stat"}
